{"/Users/claudia/GraceHopper/Senior/GraceShopper/apple-store/server/api/users.spec.js":{"path":"/Users/claudia/GraceHopper/Senior/GraceShopper/apple-store/server/api/users.spec.js","statementMap":{"0":{"start":{"line":5,"column":15},"end":{"line":5,"column":30}},"1":{"start":{"line":6,"column":13},"end":{"line":6,"column":28}},"2":{"start":{"line":8,"column":14},"end":{"line":8,"column":34}},"3":{"start":{"line":9,"column":9},"end":{"line":9,"column":25}},"4":{"start":{"line":10,"column":10},"end":{"line":10,"column":29}},"5":{"start":{"line":11,"column":11},"end":{"line":11,"column":27}},"6":{"start":{"line":13,"column":0},"end":{"line":34,"column":3}},"7":{"start":{"line":14,"column":2},"end":{"line":16,"column":5}},"8":{"start":{"line":15,"column":4},"end":{"line":15,"column":36}},"9":{"start":{"line":18,"column":2},"end":{"line":33,"column":5}},"10":{"start":{"line":19,"column":21},"end":{"line":19,"column":41}},"11":{"start":{"line":21,"column":4},"end":{"line":25,"column":7}},"12":{"start":{"line":22,"column":6},"end":{"line":24,"column":9}},"13":{"start":{"line":27,"column":4},"end":{"line":32,"column":7}},"14":{"start":{"line":28,"column":6},"end":{"line":31,"column":9}},"15":{"start":{"line":29,"column":8},"end":{"line":29,"column":43}},"16":{"start":{"line":30,"column":8},"end":{"line":30,"column":58}}},"fnMap":{"0":{"name":"(anonymous_0)","decl":{"start":{"line":13,"column":24},"end":{"line":13,"column":25}},"loc":{"start":{"line":13,"column":36},"end":{"line":34,"column":1}},"line":13},"1":{"name":"(anonymous_1)","decl":{"start":{"line":14,"column":13},"end":{"line":14,"column":14}},"loc":{"start":{"line":14,"column":25},"end":{"line":16,"column":3}},"line":14},"2":{"name":"(anonymous_2)","decl":{"start":{"line":18,"column":26},"end":{"line":18,"column":27}},"loc":{"start":{"line":18,"column":38},"end":{"line":33,"column":3}},"line":18},"3":{"name":"(anonymous_3)","decl":{"start":{"line":21,"column":15},"end":{"line":21,"column":16}},"loc":{"start":{"line":21,"column":27},"end":{"line":25,"column":5}},"line":21},"4":{"name":"(anonymous_4)","decl":{"start":{"line":27,"column":25},"end":{"line":27,"column":26}},"loc":{"start":{"line":27,"column":37},"end":{"line":32,"column":5}},"line":27},"5":{"name":"(anonymous_5)","decl":{"start":{"line":28,"column":61},"end":{"line":28,"column":62}},"loc":{"start":{"line":28,"column":76},"end":{"line":31,"column":7}},"line":28}},"branchMap":{},"s":{"0":1,"1":1,"2":1,"3":1,"4":1,"5":1,"6":1,"7":1,"8":0,"9":1,"10":1,"11":1,"12":0,"13":1,"14":0,"15":0,"16":0},"f":{"0":1,"1":0,"2":1,"3":0,"4":0,"5":0},"b":{},"_coverageSchema":"332fd63041d2c1bcb487cc26dd0d5f7d97098a6c","hash":"56d0955d19900d38b995c8bbbeb29534a80cc337","contentHash":"bfd71832c7b14b1572e0792936faa034_11.4.1"},"/Users/claudia/GraceHopper/Senior/GraceShopper/apple-store/server/db/index.js":{"path":"/Users/claudia/GraceHopper/Senior/GraceShopper/apple-store/server/db/index.js","statementMap":{"0":{"start":{"line":3,"column":9},"end":{"line":3,"column":24}},"1":{"start":{"line":6,"column":0},"end":{"line":6,"column":20}},"2":{"start":{"line":8,"column":0},"end":{"line":8,"column":20}}},"fnMap":{},"branchMap":{},"s":{"0":1,"1":1,"2":1},"f":{},"b":{},"_coverageSchema":"332fd63041d2c1bcb487cc26dd0d5f7d97098a6c","hash":"58ce6819f78dcbf4147c3c30dbdcc2d874a9fb64","contentHash":"25691c757543dc49c4790067dc6301ba_11.4.1"},"/Users/claudia/GraceHopper/Senior/GraceShopper/apple-store/server/db/db.js":{"path":"/Users/claudia/GraceHopper/Senior/GraceShopper/apple-store/server/db/db.js","statementMap":{"0":{"start":{"line":3,"column":16},"end":{"line":3,"column":36}},"1":{"start":{"line":4,"column":10},"end":{"line":4,"column":39}},"2":{"start":{"line":6,"column":19},"end":{"line":6,"column":78}},"3":{"start":{"line":8,"column":9},"end":{"line":10,"column":2}},"4":{"start":{"line":11,"column":0},"end":{"line":11,"column":20}}},"fnMap":{},"branchMap":{"0":{"loc":{"start":{"line":6,"column":31},"end":{"line":6,"column":77}},"type":"cond-expr","locations":[{"start":{"line":6,"column":65},"end":{"line":6,"column":72}},{"start":{"line":6,"column":75},"end":{"line":6,"column":77}}],"line":6},"1":{"loc":{"start":{"line":8,"column":23},"end":{"line":8,"column":94}},"type":"binary-expr","locations":[{"start":{"line":8,"column":23},"end":{"line":8,"column":47}},{"start":{"line":8,"column":51},"end":{"line":8,"column":94}}],"line":8}},"s":{"0":1,"1":1,"2":1,"3":1,"4":1},"f":{},"b":{"0":[1,0],"1":[1,1]},"_coverageSchema":"332fd63041d2c1bcb487cc26dd0d5f7d97098a6c","hash":"99d19b881a677e11428df3111ed28123d7619d80","contentHash":"22fd811377f0cc67aa2f3e379d82a406_11.4.1"},"/Users/claudia/GraceHopper/Senior/GraceShopper/apple-store/server/db/models/index.js":{"path":"/Users/claudia/GraceHopper/Senior/GraceShopper/apple-store/server/db/models/index.js","statementMap":{"0":{"start":{"line":3,"column":11},"end":{"line":3,"column":28}},"1":{"start":{"line":4,"column":12},"end":{"line":4,"column":30}},"2":{"start":{"line":5,"column":12},"end":{"line":5,"column":30}},"3":{"start":{"line":6,"column":13},"end":{"line":6,"column":32}},"4":{"start":{"line":7,"column":15},"end":{"line":7,"column":36}},"5":{"start":{"line":23,"column":0},"end":{"line":23,"column":20}},"6":{"start":{"line":24,"column":0},"end":{"line":24,"column":21}},"7":{"start":{"line":26,"column":0},"end":{"line":26,"column":22}},"8":{"start":{"line":28,"column":0},"end":{"line":28,"column":22}},"9":{"start":{"line":29,"column":0},"end":{"line":29,"column":50}},"10":{"start":{"line":31,"column":0},"end":{"line":31,"column":24}},"11":{"start":{"line":32,"column":0},"end":{"line":32,"column":23}},"12":{"start":{"line":34,"column":0},"end":{"line":40,"column":2}}},"fnMap":{},"branchMap":{},"s":{"0":1,"1":1,"2":1,"3":1,"4":1,"5":1,"6":1,"7":1,"8":1,"9":1,"10":1,"11":1,"12":1},"f":{},"b":{},"_coverageSchema":"332fd63041d2c1bcb487cc26dd0d5f7d97098a6c","hash":"5f579a70dec122f9e225c3aae69e93b337e625d0","contentHash":"a317b37e3a522ef08de3117859947b25_11.4.1"},"/Users/claudia/GraceHopper/Senior/GraceShopper/apple-store/server/db/models/user.js":{"path":"/Users/claudia/GraceHopper/Senior/GraceShopper/apple-store/server/db/models/user.js","statementMap":{"0":{"start":{"line":3,"column":13},"end":{"line":3,"column":30}},"1":{"start":{"line":4,"column":16},"end":{"line":4,"column":36}},"2":{"start":{"line":5,"column":9},"end":{"line":5,"column":25}},"3":{"start":{"line":7,"column":11},"end":{"line":66,"column":2}},"4":{"start":{"line":44,"column":18},"end":{"line":44,"column":22}},"5":{"start":{"line":46,"column":6},"end":{"line":48,"column":8}},"6":{"start":{"line":47,"column":8},"end":{"line":47,"column":46}},"7":{"start":{"line":56,"column":19},"end":{"line":56,"column":23}},"8":{"start":{"line":58,"column":6},"end":{"line":60,"column":8}},"9":{"start":{"line":59,"column":8},"end":{"line":59,"column":43}},"10":{"start":{"line":68,"column":0},"end":{"line":68,"column":22}},"11":{"start":{"line":73,"column":0},"end":{"line":75,"column":2}},"12":{"start":{"line":74,"column":2},"end":{"line":74,"column":77}},"13":{"start":{"line":80,"column":0},"end":{"line":82,"column":2}},"14":{"start":{"line":81,"column":2},"end":{"line":81,"column":51}},"15":{"start":{"line":84,"column":0},"end":{"line":86,"column":2}},"16":{"start":{"line":85,"column":2},"end":{"line":85,"column":86}},"17":{"start":{"line":91,"column":25},"end":{"line":96,"column":1}},"18":{"start":{"line":92,"column":2},"end":{"line":95,"column":3}},"19":{"start":{"line":93,"column":4},"end":{"line":93,"column":36}},"20":{"start":{"line":94,"column":4},"end":{"line":94,"column":71}},"21":{"start":{"line":98,"column":0},"end":{"line":98,"column":38}},"22":{"start":{"line":99,"column":0},"end":{"line":99,"column":38}}},"fnMap":{"0":{"name":"get","decl":{"start":{"line":43,"column":18},"end":{"line":43,"column":21}},"loc":{"start":{"line":43,"column":24},"end":{"line":49,"column":5}},"line":43},"1":{"name":"(anonymous_1)","decl":{"start":{"line":46,"column":13},"end":{"line":46,"column":14}},"loc":{"start":{"line":46,"column":25},"end":{"line":48,"column":7}},"line":46},"2":{"name":"get","decl":{"start":{"line":55,"column":18},"end":{"line":55,"column":21}},"loc":{"start":{"line":55,"column":24},"end":{"line":61,"column":5}},"line":55},"3":{"name":"(anonymous_3)","decl":{"start":{"line":58,"column":13},"end":{"line":58,"column":14}},"loc":{"start":{"line":58,"column":25},"end":{"line":60,"column":7}},"line":58},"4":{"name":"(anonymous_4)","decl":{"start":{"line":73,"column":33},"end":{"line":73,"column":34}},"loc":{"start":{"line":73,"column":57},"end":{"line":75,"column":1}},"line":73},"5":{"name":"(anonymous_5)","decl":{"start":{"line":80,"column":20},"end":{"line":80,"column":21}},"loc":{"start":{"line":80,"column":32},"end":{"line":82,"column":1}},"line":80},"6":{"name":"(anonymous_6)","decl":{"start":{"line":84,"column":23},"end":{"line":84,"column":24}},"loc":{"start":{"line":84,"column":50},"end":{"line":86,"column":1}},"line":84},"7":{"name":"setSaltAndPassword","decl":{"start":{"line":91,"column":34},"end":{"line":91,"column":52}},"loc":{"start":{"line":91,"column":59},"end":{"line":96,"column":1}},"line":91}},"branchMap":{"0":{"loc":{"start":{"line":92,"column":2},"end":{"line":95,"column":3}},"type":"if","locations":[{"start":{"line":92,"column":2},"end":{"line":95,"column":3}},{"start":{"line":92,"column":2},"end":{"line":95,"column":3}}],"line":92}},"s":{"0":1,"1":1,"2":1,"3":1,"4":0,"5":0,"6":0,"7":0,"8":0,"9":0,"10":1,"11":1,"12":0,"13":1,"14":0,"15":1,"16":0,"17":1,"18":0,"19":0,"20":0,"21":1,"22":1},"f":{"0":0,"1":0,"2":0,"3":0,"4":0,"5":0,"6":0,"7":0},"b":{"0":[0,0]},"_coverageSchema":"332fd63041d2c1bcb487cc26dd0d5f7d97098a6c","hash":"649dbe8a3590333b87fa33dc21420d7dc984b2d5","contentHash":"483f44fb1bd86dc7bb13dc7fb414653a_11.4.1"},"/Users/claudia/GraceHopper/Senior/GraceShopper/apple-store/server/db/models/apple.js":{"path":"/Users/claudia/GraceHopper/Senior/GraceShopper/apple-store/server/db/models/apple.js","statementMap":{"0":{"start":{"line":3,"column":16},"end":{"line":3,"column":36}},"1":{"start":{"line":4,"column":9},"end":{"line":4,"column":25}},"2":{"start":{"line":5,"column":13},"end":{"line":5,"column":31}},"3":{"start":{"line":7,"column":12},"end":{"line":31,"column":2}},"4":{"start":{"line":34,"column":0},"end":{"line":41,"column":2}},"5":{"start":{"line":35,"column":17},"end":{"line":35,"column":33}},"6":{"start":{"line":36,"column":2},"end":{"line":40,"column":5}},"7":{"start":{"line":44,"column":0},"end":{"line":49,"column":2}},"8":{"start":{"line":45,"column":14},"end":{"line":45,"column":18}},"9":{"start":{"line":46,"column":2},"end":{"line":48,"column":5}},"10":{"start":{"line":51,"column":0},"end":{"line":51,"column":23}}},"fnMap":{"0":{"name":"(anonymous_0)","decl":{"start":{"line":34,"column":33},"end":{"line":34,"column":34}},"loc":{"start":{"line":34,"column":48},"end":{"line":41,"column":1}},"line":34},"1":{"name":"(anonymous_1)","decl":{"start":{"line":44,"column":29},"end":{"line":44,"column":30}},"loc":{"start":{"line":44,"column":41},"end":{"line":49,"column":1}},"line":44}},"branchMap":{},"s":{"0":1,"1":1,"2":1,"3":1,"4":1,"5":0,"6":0,"7":1,"8":0,"9":0,"10":1},"f":{"0":0,"1":0},"b":{},"_coverageSchema":"332fd63041d2c1bcb487cc26dd0d5f7d97098a6c","hash":"becbd45a9a8b286a9d7cf9072b6b2e4f9c259cef","contentHash":"eacf0ac08e8b204abb56d2bc12cf0da5_11.4.1"},"/Users/claudia/GraceHopper/Senior/GraceShopper/apple-store/server/db/models/order.js":{"path":"/Users/claudia/GraceHopper/Senior/GraceShopper/apple-store/server/db/models/order.js","statementMap":{"0":{"start":{"line":3,"column":16},"end":{"line":3,"column":36}},"1":{"start":{"line":4,"column":9},"end":{"line":4,"column":25}},"2":{"start":{"line":6,"column":12},"end":{"line":10,"column":2}},"3":{"start":{"line":12,"column":0},"end":{"line":12,"column":23}}},"fnMap":{},"branchMap":{},"s":{"0":1,"1":1,"2":1,"3":1},"f":{},"b":{},"_coverageSchema":"332fd63041d2c1bcb487cc26dd0d5f7d97098a6c","hash":"6dc3542b91c35d5a5648be34e5ed2080b7a9406e","contentHash":"554bc9e504ea452e061df7db0629fde1_11.4.1"},"/Users/claudia/GraceHopper/Senior/GraceShopper/apple-store/server/db/models/review.js":{"path":"/Users/claudia/GraceHopper/Senior/GraceShopper/apple-store/server/db/models/review.js","statementMap":{"0":{"start":{"line":3,"column":16},"end":{"line":3,"column":36}},"1":{"start":{"line":4,"column":9},"end":{"line":4,"column":25}},"2":{"start":{"line":6,"column":13},"end":{"line":19,"column":2}},"3":{"start":{"line":21,"column":0},"end":{"line":21,"column":24}}},"fnMap":{},"branchMap":{},"s":{"0":1,"1":1,"2":1,"3":1},"f":{},"b":{},"_coverageSchema":"332fd63041d2c1bcb487cc26dd0d5f7d97098a6c","hash":"177428b5697e5602f1a1f39b272fbd6932ad4b02","contentHash":"74fe400c560e58a951530a67875b1172_11.4.1"},"/Users/claudia/GraceHopper/Senior/GraceShopper/apple-store/server/db/models/lineItem.js":{"path":"/Users/claudia/GraceHopper/Senior/GraceShopper/apple-store/server/db/models/lineItem.js","statementMap":{"0":{"start":{"line":3,"column":16},"end":{"line":3,"column":36}},"1":{"start":{"line":4,"column":9},"end":{"line":4,"column":25}},"2":{"start":{"line":6,"column":15},"end":{"line":13,"column":2}},"3":{"start":{"line":15,"column":0},"end":{"line":15,"column":26}}},"fnMap":{},"branchMap":{},"s":{"0":1,"1":1,"2":1,"3":1},"f":{},"b":{},"_coverageSchema":"332fd63041d2c1bcb487cc26dd0d5f7d97098a6c","hash":"a95578ce7869858d32e4af6734172b68d9185ca2","contentHash":"385de06e323ded93cdfec38dd908fa34_11.4.1"},"/Users/claudia/GraceHopper/Senior/GraceShopper/apple-store/server/index.js":{"path":"/Users/claudia/GraceHopper/Senior/GraceShopper/apple-store/server/index.js","statementMap":{"0":{"start":{"line":3,"column":11},"end":{"line":3,"column":26}},"1":{"start":{"line":4,"column":14},"end":{"line":4,"column":32}},"2":{"start":{"line":5,"column":13},"end":{"line":5,"column":30}},"3":{"start":{"line":6,"column":17},"end":{"line":6,"column":39}},"4":{"start":{"line":7,"column":18},"end":{"line":7,"column":40}},"5":{"start":{"line":8,"column":14},"end":{"line":8,"column":40}},"6":{"start":{"line":9,"column":15},"end":{"line":9,"column":34}},"7":{"start":{"line":10,"column":21},"end":{"line":10,"column":72}},"8":{"start":{"line":11,"column":9},"end":{"line":11,"column":24}},"9":{"start":{"line":12,"column":19},"end":{"line":12,"column":49}},"10":{"start":{"line":13,"column":11},"end":{"line":13,"column":35}},"11":{"start":{"line":14,"column":10},"end":{"line":14,"column":19}},"12":{"start":{"line":15,"column":15},"end":{"line":15,"column":35}},"13":{"start":{"line":16,"column":0},"end":{"line":16,"column":21}},"14":{"start":{"line":26,"column":0},"end":{"line":26,"column":65}},"15":{"start":{"line":26,"column":43},"end":{"line":26,"column":65}},"16":{"start":{"line":29,"column":0},"end":{"line":31,"column":3}},"17":{"start":{"line":30,"column":2},"end":{"line":30,"column":29}},"18":{"start":{"line":32,"column":0},"end":{"line":37,"column":3}},"19":{"start":{"line":33,"column":2},"end":{"line":36,"column":15}},"20":{"start":{"line":34,"column":4},"end":{"line":34,"column":28}},"21":{"start":{"line":39,"column":16},"end":{"line":97,"column":1}},"22":{"start":{"line":41,"column":2},"end":{"line":41,"column":25}},"23":{"start":{"line":44,"column":2},"end":{"line":44,"column":29}},"24":{"start":{"line":45,"column":2},"end":{"line":45,"column":53}},"25":{"start":{"line":48,"column":2},"end":{"line":48,"column":25}},"26":{"start":{"line":51,"column":2},"end":{"line":56,"column":6}},"27":{"start":{"line":57,"column":2},"end":{"line":57,"column":33}},"28":{"start":{"line":58,"column":2},"end":{"line":58,"column":30}},"29":{"start":{"line":61,"column":2},"end":{"line":61,"column":38}},"30":{"start":{"line":62,"column":2},"end":{"line":62,"column":36}},"31":{"start":{"line":64,"column":2},"end":{"line":70,"column":5}},"32":{"start":{"line":65,"column":4},"end":{"line":65,"column":42}},"33":{"start":{"line":66,"column":4},"end":{"line":68,"column":5}},"34":{"start":{"line":67,"column":6},"end":{"line":67,"column":51}},"35":{"start":{"line":67,"column":29},"end":{"line":67,"column":51}},"36":{"start":{"line":69,"column":4},"end":{"line":69,"column":11}},"37":{"start":{"line":73,"column":2},"end":{"line":73,"column":64}},"38":{"start":{"line":76,"column":2},"end":{"line":84,"column":5}},"39":{"start":{"line":77,"column":4},"end":{"line":83,"column":5}},"40":{"start":{"line":78,"column":16},"end":{"line":78,"column":38}},"41":{"start":{"line":79,"column":6},"end":{"line":79,"column":23}},"42":{"start":{"line":80,"column":6},"end":{"line":80,"column":16}},"43":{"start":{"line":82,"column":6},"end":{"line":82,"column":13}},"44":{"start":{"line":87,"column":2},"end":{"line":89,"column":5}},"45":{"start":{"line":88,"column":4},"end":{"line":88,"column":66}},"46":{"start":{"line":92,"column":2},"end":{"line":96,"column":5}},"47":{"start":{"line":93,"column":4},"end":{"line":93,"column":23}},"48":{"start":{"line":94,"column":4},"end":{"line":94,"column":29}},"49":{"start":{"line":95,"column":4},"end":{"line":95,"column":80}},"50":{"start":{"line":99,"column":21},"end":{"line":108,"column":1}},"51":{"start":{"line":101,"column":15},"end":{"line":103,"column":4}},"52":{"start":{"line":102,"column":4},"end":{"line":102,"column":55}},"53":{"start":{"line":106,"column":11},"end":{"line":106,"column":27}},"54":{"start":{"line":107,"column":2},"end":{"line":107,"column":26}},"55":{"start":{"line":110,"column":13},"end":{"line":112,"column":1}},"56":{"start":{"line":111,"column":2},"end":{"line":111,"column":35}},"57":{"start":{"line":118,"column":0},"end":{"line":122,"column":1}},"58":{"start":{"line":119,"column":2},"end":{"line":119,"column":72}},"59":{"start":{"line":121,"column":2},"end":{"line":121,"column":14}}},"fnMap":{"0":{"name":"(anonymous_0)","decl":{"start":{"line":29,"column":23},"end":{"line":29,"column":24}},"loc":{"start":{"line":29,"column":45},"end":{"line":31,"column":1}},"line":29},"1":{"name":"(anonymous_1)","decl":{"start":{"line":32,"column":25},"end":{"line":32,"column":26}},"loc":{"start":{"line":32,"column":45},"end":{"line":37,"column":1}},"line":32},"2":{"name":"(anonymous_2)","decl":{"start":{"line":33,"column":42},"end":{"line":33,"column":43}},"loc":{"start":{"line":33,"column":58},"end":{"line":35,"column":3}},"line":33},"3":{"name":"createApp","decl":{"start":{"line":39,"column":25},"end":{"line":39,"column":34}},"loc":{"start":{"line":39,"column":37},"end":{"line":97,"column":1}},"line":39},"4":{"name":"(anonymous_4)","decl":{"start":{"line":64,"column":10},"end":{"line":64,"column":11}},"loc":{"start":{"line":64,"column":36},"end":{"line":70,"column":3}},"line":64},"5":{"name":"(anonymous_5)","decl":{"start":{"line":76,"column":10},"end":{"line":76,"column":11}},"loc":{"start":{"line":76,"column":36},"end":{"line":84,"column":3}},"line":76},"6":{"name":"(anonymous_6)","decl":{"start":{"line":87,"column":15},"end":{"line":87,"column":16}},"loc":{"start":{"line":87,"column":35},"end":{"line":89,"column":3}},"line":87},"7":{"name":"(anonymous_7)","decl":{"start":{"line":92,"column":10},"end":{"line":92,"column":11}},"loc":{"start":{"line":92,"column":41},"end":{"line":96,"column":3}},"line":92},"8":{"name":"startListening","decl":{"start":{"line":99,"column":30},"end":{"line":99,"column":44}},"loc":{"start":{"line":99,"column":47},"end":{"line":108,"column":1}},"line":99},"9":{"name":"(anonymous_9)","decl":{"start":{"line":101,"column":32},"end":{"line":101,"column":33}},"loc":{"start":{"line":101,"column":44},"end":{"line":103,"column":3}},"line":101},"10":{"name":"syncDb","decl":{"start":{"line":110,"column":22},"end":{"line":110,"column":28}},"loc":{"start":{"line":110,"column":31},"end":{"line":112,"column":1}},"line":110}},"branchMap":{"0":{"loc":{"start":{"line":13,"column":11},"end":{"line":13,"column":35}},"type":"binary-expr","locations":[{"start":{"line":13,"column":11},"end":{"line":13,"column":27}},{"start":{"line":13,"column":31},"end":{"line":13,"column":35}}],"line":13},"1":{"loc":{"start":{"line":26,"column":0},"end":{"line":26,"column":65}},"type":"if","locations":[{"start":{"line":26,"column":0},"end":{"line":26,"column":65}},{"start":{"line":26,"column":0},"end":{"line":26,"column":65}}],"line":26},"2":{"loc":{"start":{"line":52,"column":12},"end":{"line":52,"column":66}},"type":"binary-expr","locations":[{"start":{"line":52,"column":12},"end":{"line":52,"column":38}},{"start":{"line":52,"column":42},"end":{"line":52,"column":66}}],"line":52},"3":{"loc":{"start":{"line":66,"column":4},"end":{"line":68,"column":5}},"type":"if","locations":[{"start":{"line":66,"column":4},"end":{"line":68,"column":5}},{"start":{"line":66,"column":4},"end":{"line":68,"column":5}}],"line":66},"4":{"loc":{"start":{"line":67,"column":6},"end":{"line":67,"column":51}},"type":"if","locations":[{"start":{"line":67,"column":6},"end":{"line":67,"column":51}},{"start":{"line":67,"column":6},"end":{"line":67,"column":51}}],"line":67},"5":{"loc":{"start":{"line":77,"column":4},"end":{"line":83,"column":5}},"type":"if","locations":[{"start":{"line":77,"column":4},"end":{"line":83,"column":5}},{"start":{"line":77,"column":4},"end":{"line":83,"column":5}}],"line":77},"6":{"loc":{"start":{"line":95,"column":15},"end":{"line":95,"column":32}},"type":"binary-expr","locations":[{"start":{"line":95,"column":15},"end":{"line":95,"column":25}},{"start":{"line":95,"column":29},"end":{"line":95,"column":32}}],"line":95},"7":{"loc":{"start":{"line":95,"column":39},"end":{"line":95,"column":78}},"type":"binary-expr","locations":[{"start":{"line":95,"column":39},"end":{"line":95,"column":50}},{"start":{"line":95,"column":54},"end":{"line":95,"column":78}}],"line":95},"8":{"loc":{"start":{"line":118,"column":0},"end":{"line":122,"column":1}},"type":"if","locations":[{"start":{"line":118,"column":0},"end":{"line":122,"column":1}},{"start":{"line":118,"column":0},"end":{"line":122,"column":1}}],"line":118}},"s":{"0":1,"1":1,"2":1,"3":1,"4":1,"5":1,"6":1,"7":1,"8":1,"9":1,"10":1,"11":1,"12":1,"13":1,"14":1,"15":1,"16":1,"17":0,"18":1,"19":0,"20":0,"21":1,"22":1,"23":1,"24":1,"25":1,"26":1,"27":1,"28":1,"29":1,"30":1,"31":1,"32":0,"33":0,"34":0,"35":0,"36":0,"37":1,"38":1,"39":0,"40":0,"41":0,"42":0,"43":0,"44":1,"45":0,"46":1,"47":0,"48":0,"49":0,"50":1,"51":0,"52":0,"53":0,"54":0,"55":1,"56":0,"57":1,"58":0,"59":1},"f":{"0":0,"1":0,"2":0,"3":1,"4":0,"5":0,"6":0,"7":0,"8":0,"9":0,"10":0},"b":{"0":[1,1],"1":[1,0],"2":[1,1],"3":[0,0],"4":[0,0],"5":[0,0],"6":[0,0],"7":[0,0],"8":[0,1]},"_coverageSchema":"332fd63041d2c1bcb487cc26dd0d5f7d97098a6c","hash":"59315e75e893742b23571ce749bfbd8a50839351","contentHash":"f0c1400d307139b59ad7af531b29f33c_11.4.1"},"/Users/claudia/GraceHopper/Senior/GraceShopper/apple-store/secrets.js":{"path":"/Users/claudia/GraceHopper/Senior/GraceShopper/apple-store/secrets.js","statementMap":{"0":{"start":{"line":3,"column":0},"end":{"line":3,"column":105}},"1":{"start":{"line":4,"column":0},"end":{"line":4,"column":62}},"2":{"start":{"line":5,"column":0},"end":{"line":5,"column":75}}},"fnMap":{},"branchMap":{},"s":{"0":1,"1":1,"2":1},"f":{},"b":{},"_coverageSchema":"332fd63041d2c1bcb487cc26dd0d5f7d97098a6c","hash":"91fbb7ea072211cf335a3260c1defc4fa97885e0","contentHash":"c38efe791dff4b29155209ff3b0753a7_11.4.1"},"/Users/claudia/GraceHopper/Senior/GraceShopper/apple-store/server/auth/index.js":{"path":"/Users/claudia/GraceHopper/Senior/GraceShopper/apple-store/server/auth/index.js","statementMap":{"0":{"start":{"line":3,"column":13},"end":{"line":3,"column":40}},"1":{"start":{"line":4,"column":11},"end":{"line":4,"column":39}},"2":{"start":{"line":5,"column":0},"end":{"line":5,"column":24}},"3":{"start":{"line":7,"column":0},"end":{"line":19,"column":3}},"4":{"start":{"line":8,"column":2},"end":{"line":18,"column":17}},"5":{"start":{"line":9,"column":4},"end":{"line":17,"column":5}},"6":{"start":{"line":10,"column":6},"end":{"line":10,"column":45}},"7":{"start":{"line":11,"column":11},"end":{"line":17,"column":5}},"8":{"start":{"line":12,"column":6},"end":{"line":12,"column":49}},"9":{"start":{"line":14,"column":6},"end":{"line":16,"column":9}},"10":{"start":{"line":15,"column":8},"end":{"line":15,"column":48}},"11":{"start":{"line":21,"column":0},"end":{"line":34,"column":3}},"12":{"start":{"line":22,"column":2},"end":{"line":33,"column":5}},"13":{"start":{"line":23,"column":4},"end":{"line":23,"column":30}},"14":{"start":{"line":24,"column":4},"end":{"line":26,"column":7}},"15":{"start":{"line":25,"column":6},"end":{"line":25,"column":46}},"16":{"start":{"line":28,"column":4},"end":{"line":32,"column":5}},"17":{"start":{"line":29,"column":6},"end":{"line":29,"column":50}},"18":{"start":{"line":31,"column":6},"end":{"line":31,"column":16}},"19":{"start":{"line":36,"column":0},"end":{"line":40,"column":3}},"20":{"start":{"line":37,"column":2},"end":{"line":37,"column":15}},"21":{"start":{"line":38,"column":2},"end":{"line":38,"column":24}},"22":{"start":{"line":39,"column":2},"end":{"line":39,"column":20}},"23":{"start":{"line":42,"column":0},"end":{"line":44,"column":3}},"24":{"start":{"line":43,"column":2},"end":{"line":43,"column":21}},"25":{"start":{"line":46,"column":0},"end":{"line":46,"column":43}}},"fnMap":{"0":{"name":"(anonymous_0)","decl":{"start":{"line":7,"column":22},"end":{"line":7,"column":23}},"loc":{"start":{"line":7,"column":48},"end":{"line":19,"column":1}},"line":7},"1":{"name":"(anonymous_1)","decl":{"start":{"line":8,"column":58},"end":{"line":8,"column":59}},"loc":{"start":{"line":8,"column":74},"end":{"line":18,"column":3}},"line":8},"2":{"name":"(anonymous_2)","decl":{"start":{"line":14,"column":22},"end":{"line":14,"column":23}},"loc":{"start":{"line":14,"column":37},"end":{"line":16,"column":7}},"line":14},"3":{"name":"(anonymous_3)","decl":{"start":{"line":21,"column":23},"end":{"line":21,"column":24}},"loc":{"start":{"line":21,"column":49},"end":{"line":34,"column":1}},"line":21},"4":{"name":"(anonymous_4)","decl":{"start":{"line":22,"column":29},"end":{"line":22,"column":30}},"loc":{"start":{"line":22,"column":45},"end":{"line":27,"column":3}},"line":22},"5":{"name":"(anonymous_5)","decl":{"start":{"line":24,"column":20},"end":{"line":24,"column":21}},"loc":{"start":{"line":24,"column":35},"end":{"line":26,"column":5}},"line":24},"6":{"name":"(anonymous_6)","decl":{"start":{"line":27,"column":11},"end":{"line":27,"column":12}},"loc":{"start":{"line":27,"column":26},"end":{"line":33,"column":3}},"line":27},"7":{"name":"(anonymous_7)","decl":{"start":{"line":36,"column":23},"end":{"line":36,"column":24}},"loc":{"start":{"line":36,"column":43},"end":{"line":40,"column":1}},"line":36},"8":{"name":"(anonymous_8)","decl":{"start":{"line":42,"column":18},"end":{"line":42,"column":19}},"loc":{"start":{"line":42,"column":38},"end":{"line":44,"column":1}},"line":42}},"branchMap":{"0":{"loc":{"start":{"line":9,"column":4},"end":{"line":17,"column":5}},"type":"if","locations":[{"start":{"line":9,"column":4},"end":{"line":17,"column":5}},{"start":{"line":9,"column":4},"end":{"line":17,"column":5}}],"line":9},"1":{"loc":{"start":{"line":11,"column":11},"end":{"line":17,"column":5}},"type":"if","locations":[{"start":{"line":11,"column":11},"end":{"line":17,"column":5}},{"start":{"line":11,"column":11},"end":{"line":17,"column":5}}],"line":11},"2":{"loc":{"start":{"line":15,"column":15},"end":{"line":15,"column":47}},"type":"cond-expr","locations":[{"start":{"line":15,"column":21},"end":{"line":15,"column":30}},{"start":{"line":15,"column":33},"end":{"line":15,"column":47}}],"line":15},"3":{"loc":{"start":{"line":25,"column":13},"end":{"line":25,"column":45}},"type":"cond-expr","locations":[{"start":{"line":25,"column":19},"end":{"line":25,"column":28}},{"start":{"line":25,"column":31},"end":{"line":25,"column":45}}],"line":25},"4":{"loc":{"start":{"line":28,"column":4},"end":{"line":32,"column":5}},"type":"if","locations":[{"start":{"line":28,"column":4},"end":{"line":32,"column":5}},{"start":{"line":28,"column":4},"end":{"line":32,"column":5}}],"line":28}},"s":{"0":1,"1":1,"2":1,"3":1,"4":0,"5":0,"6":0,"7":0,"8":0,"9":0,"10":0,"11":1,"12":0,"13":0,"14":0,"15":0,"16":0,"17":0,"18":0,"19":1,"20":0,"21":0,"22":0,"23":1,"24":0,"25":1},"f":{"0":0,"1":0,"2":0,"3":0,"4":0,"5":0,"6":0,"7":0,"8":0},"b":{"0":[0,0],"1":[0,0],"2":[0,0],"3":[0,0],"4":[0,0]},"_coverageSchema":"332fd63041d2c1bcb487cc26dd0d5f7d97098a6c","hash":"49ef1e0a2f1aed6344a1fdb712ff5bff96593a52","contentHash":"0174240f4e0d839c7eca434114f00892_11.4.1"},"/Users/claudia/GraceHopper/Senior/GraceShopper/apple-store/server/auth/google.js":{"path":"/Users/claudia/GraceHopper/Senior/GraceShopper/apple-store/server/auth/google.js","statementMap":{"0":{"start":{"line":3,"column":15},"end":{"line":3,"column":34}},"1":{"start":{"line":4,"column":13},"end":{"line":4,"column":40}},"2":{"start":{"line":5,"column":21},"end":{"line":5,"column":68}},"3":{"start":{"line":7,"column":15},"end":{"line":7,"column":38}},"4":{"start":{"line":8,"column":11},"end":{"line":8,"column":24}},"5":{"start":{"line":10,"column":0},"end":{"line":10,"column":24}},"6":{"start":{"line":26,"column":0},"end":{"line":57,"column":1}},"7":{"start":{"line":28,"column":2},"end":{"line":28,"column":77}},"8":{"start":{"line":31,"column":21},"end":{"line":35,"column":3}},"9":{"start":{"line":37,"column":17},"end":{"line":48,"column":4}},"10":{"start":{"line":38,"column":19},"end":{"line":38,"column":29}},"11":{"start":{"line":39,"column":20},"end":{"line":39,"column":53}},"12":{"start":{"line":40,"column":19},"end":{"line":40,"column":52}},"13":{"start":{"line":41,"column":16},"end":{"line":41,"column":39}},"14":{"start":{"line":43,"column":4},"end":{"line":47,"column":19}},"15":{"start":{"line":44,"column":6},"end":{"line":46,"column":9}},"16":{"start":{"line":45,"column":8},"end":{"line":45,"column":39}},"17":{"start":{"line":50,"column":2},"end":{"line":50,"column":25}},"18":{"start":{"line":52,"column":2},"end":{"line":52,"column":71}},"19":{"start":{"line":54,"column":2},"end":{"line":56,"column":5}},"20":{"start":{"line":55,"column":4},"end":{"line":55,"column":36}}},"fnMap":{"0":{"name":"(anonymous_0)","decl":{"start":{"line":37,"column":50},"end":{"line":37,"column":51}},"loc":{"start":{"line":37,"column":96},"end":{"line":48,"column":3}},"line":37},"1":{"name":"(anonymous_1)","decl":{"start":{"line":43,"column":54},"end":{"line":43,"column":55}},"loc":{"start":{"line":43,"column":75},"end":{"line":47,"column":5}},"line":43},"2":{"name":"(anonymous_2)","decl":{"start":{"line":44,"column":146},"end":{"line":44,"column":147}},"loc":{"start":{"line":44,"column":169},"end":{"line":46,"column":7}},"line":44},"3":{"name":"(anonymous_3)","decl":{"start":{"line":54,"column":90},"end":{"line":54,"column":91}},"loc":{"start":{"line":54,"column":110},"end":{"line":56,"column":3}},"line":54}},"branchMap":{"0":{"loc":{"start":{"line":26,"column":0},"end":{"line":57,"column":1}},"type":"if","locations":[{"start":{"line":26,"column":0},"end":{"line":57,"column":1}},{"start":{"line":26,"column":0},"end":{"line":57,"column":1}}],"line":26},"1":{"loc":{"start":{"line":26,"column":4},"end":{"line":26,"column":70}},"type":"binary-expr","locations":[{"start":{"line":26,"column":4},"end":{"line":26,"column":33}},{"start":{"line":26,"column":37},"end":{"line":26,"column":70}}],"line":26},"2":{"loc":{"start":{"line":44,"column":13},"end":{"line":46,"column":8}},"type":"cond-expr","locations":[{"start":{"line":44,"column":25},"end":{"line":44,"column":46}},{"start":{"line":44,"column":49},"end":{"line":46,"column":8}}],"line":44}},"s":{"0":1,"1":1,"2":1,"3":1,"4":1,"5":1,"6":1,"7":0,"8":1,"9":1,"10":0,"11":0,"12":0,"13":0,"14":0,"15":0,"16":0,"17":1,"18":1,"19":1,"20":0},"f":{"0":0,"1":0,"2":0,"3":0},"b":{"0":[0,1],"1":[1,1],"2":[0,0]},"_coverageSchema":"332fd63041d2c1bcb487cc26dd0d5f7d97098a6c","hash":"e969e55f1b44e3533224d69378610007acd694e5","contentHash":"cd96227884f1a732c48d9f9e62a0144b_11.4.1"},"/Users/claudia/GraceHopper/Senior/GraceShopper/apple-store/server/api/index.js":{"path":"/Users/claudia/GraceHopper/Senior/GraceShopper/apple-store/server/api/index.js","statementMap":{"0":{"start":{"line":3,"column":13},"end":{"line":3,"column":40}},"1":{"start":{"line":5,"column":0},"end":{"line":5,"column":41}},"2":{"start":{"line":6,"column":0},"end":{"line":6,"column":43}},"3":{"start":{"line":7,"column":0},"end":{"line":7,"column":43}},"4":{"start":{"line":8,"column":0},"end":{"line":8,"column":45}},"5":{"start":{"line":9,"column":0},"end":{"line":9,"column":39}},"6":{"start":{"line":11,"column":0},"end":{"line":15,"column":3}},"7":{"start":{"line":12,"column":14},"end":{"line":12,"column":36}},"8":{"start":{"line":13,"column":2},"end":{"line":13,"column":21}},"9":{"start":{"line":14,"column":2},"end":{"line":14,"column":14}},"10":{"start":{"line":17,"column":0},"end":{"line":17,"column":24}}},"fnMap":{"0":{"name":"(anonymous_0)","decl":{"start":{"line":11,"column":11},"end":{"line":11,"column":12}},"loc":{"start":{"line":11,"column":37},"end":{"line":15,"column":1}},"line":11}},"branchMap":{},"s":{"0":1,"1":1,"2":1,"3":1,"4":1,"5":1,"6":1,"7":0,"8":0,"9":0,"10":1},"f":{"0":0},"b":{},"_coverageSchema":"332fd63041d2c1bcb487cc26dd0d5f7d97098a6c","hash":"206de61102fb13a16c90650418d41eed9a38d063","contentHash":"2aa8122c267e5bba7494be62569c4f39_11.4.1"},"/Users/claudia/GraceHopper/Senior/GraceShopper/apple-store/server/api/users.js":{"path":"/Users/claudia/GraceHopper/Senior/GraceShopper/apple-store/server/api/users.js","statementMap":{"0":{"start":{"line":3,"column":21},"end":{"line":3,"column":663}},"1":{"start":{"line":3,"column":79},"end":{"line":3,"column":81}},"2":{"start":{"line":3,"column":92},"end":{"line":3,"column":96}},"3":{"start":{"line":3,"column":107},"end":{"line":3,"column":112}},"4":{"start":{"line":3,"column":123},"end":{"line":3,"column":132}},"5":{"start":{"line":3,"column":134},"end":{"line":3,"column":413}},"6":{"start":{"line":3,"column":140},"end":{"line":3,"column":283}},"7":{"start":{"line":3,"column":226},"end":{"line":3,"column":246}},"8":{"start":{"line":3,"column":247},"end":{"line":3,"column":281}},"9":{"start":{"line":3,"column":275},"end":{"line":3,"column":281}},"10":{"start":{"line":3,"column":300},"end":{"line":3,"column":310}},"11":{"start":{"line":3,"column":311},"end":{"line":3,"column":320}},"12":{"start":{"line":3,"column":333},"end":{"line":3,"column":411}},"13":{"start":{"line":3,"column":339},"end":{"line":3,"column":379}},"14":{"start":{"line":3,"column":364},"end":{"line":3,"column":379}},"15":{"start":{"line":3,"column":392},"end":{"line":3,"column":409}},"16":{"start":{"line":3,"column":400},"end":{"line":3,"column":409}},"17":{"start":{"line":3,"column":414},"end":{"line":3,"column":426}},"18":{"start":{"line":3,"column":429},"end":{"line":3,"column":659}},"19":{"start":{"line":3,"column":456},"end":{"line":3,"column":656}},"20":{"start":{"line":3,"column":482},"end":{"line":3,"column":493}},"21":{"start":{"line":3,"column":501},"end":{"line":3,"column":656}},"22":{"start":{"line":3,"column":539},"end":{"line":3,"column":568}},"23":{"start":{"line":3,"column":578},"end":{"line":3,"column":654}},"24":{"start":{"line":5,"column":13},"end":{"line":5,"column":40}},"25":{"start":{"line":7,"column":15},"end":{"line":7,"column":38}},"26":{"start":{"line":8,"column":11},"end":{"line":8,"column":24}},"27":{"start":{"line":9,"column":12},"end":{"line":9,"column":26}},"28":{"start":{"line":11,"column":16},"end":{"line":11,"column":40}},"29":{"start":{"line":12,"column":16},"end":{"line":12,"column":35}},"30":{"start":{"line":13,"column":17},"end":{"line":13,"column":37}},"31":{"start":{"line":14,"column":14},"end":{"line":14,"column":31}},"32":{"start":{"line":16,"column":0},"end":{"line":16,"column":24}},"33":{"start":{"line":18,"column":0},"end":{"line":28,"column":3}},"34":{"start":{"line":20,"column":2},"end":{"line":27,"column":17}},"35":{"start":{"line":26,"column":4},"end":{"line":26,"column":27}},"36":{"start":{"line":30,"column":0},"end":{"line":39,"column":3}},"37":{"start":{"line":31,"column":15},"end":{"line":31,"column":32}},"38":{"start":{"line":33,"column":2},"end":{"line":38,"column":17}},"39":{"start":{"line":37,"column":4},"end":{"line":37,"column":26}},"40":{"start":{"line":41,"column":0},"end":{"line":57,"column":3}},"41":{"start":{"line":42,"column":15},"end":{"line":42,"column":32}},"42":{"start":{"line":44,"column":2},"end":{"line":56,"column":17}},"43":{"start":{"line":50,"column":16},"end":{"line":50,"column":39}},"44":{"start":{"line":51,"column":12},"end":{"line":51,"column":20}},"45":{"start":{"line":52,"column":17},"end":{"line":52,"column":44}},"46":{"start":{"line":53,"column":22},"end":{"line":53,"column":31}},"47":{"start":{"line":55,"column":4},"end":{"line":55,"column":26}}},"fnMap":{"0":{"name":"(anonymous_0)","decl":{"start":{"line":3,"column":21},"end":{"line":3,"column":22}},"loc":{"start":{"line":3,"column":33},"end":{"line":3,"column":661}},"line":3},"1":{"name":"sliceIterator","decl":{"start":{"line":3,"column":44},"end":{"line":3,"column":57}},"loc":{"start":{"line":3,"column":66},"end":{"line":3,"column":428}},"line":3},"2":{"name":"(anonymous_2)","decl":{"start":{"line":3,"column":436},"end":{"line":3,"column":437}},"loc":{"start":{"line":3,"column":454},"end":{"line":3,"column":658}},"line":3},"3":{"name":"(anonymous_3)","decl":{"start":{"line":18,"column":37},"end":{"line":18,"column":38}},"loc":{"start":{"line":18,"column":63},"end":{"line":28,"column":1}},"line":18},"4":{"name":"(anonymous_4)","decl":{"start":{"line":25,"column":10},"end":{"line":25,"column":11}},"loc":{"start":{"line":25,"column":27},"end":{"line":27,"column":3}},"line":25},"5":{"name":"(anonymous_5)","decl":{"start":{"line":30,"column":23},"end":{"line":30,"column":24}},"loc":{"start":{"line":30,"column":49},"end":{"line":39,"column":1}},"line":30},"6":{"name":"(anonymous_6)","decl":{"start":{"line":36,"column":10},"end":{"line":36,"column":11}},"loc":{"start":{"line":36,"column":26},"end":{"line":38,"column":3}},"line":36},"7":{"name":"(anonymous_7)","decl":{"start":{"line":41,"column":23},"end":{"line":41,"column":24}},"loc":{"start":{"line":41,"column":49},"end":{"line":57,"column":1}},"line":41},"8":{"name":"(anonymous_8)","decl":{"start":{"line":49,"column":10},"end":{"line":49,"column":11}},"loc":{"start":{"line":49,"column":26},"end":{"line":56,"column":3}},"line":49}},"branchMap":{"0":{"loc":{"start":{"line":3,"column":247},"end":{"line":3,"column":281}},"type":"if","locations":[{"start":{"line":3,"column":247},"end":{"line":3,"column":281}},{"start":{"line":3,"column":247},"end":{"line":3,"column":281}}],"line":3},"1":{"loc":{"start":{"line":3,"column":251},"end":{"line":3,"column":273}},"type":"binary-expr","locations":[{"start":{"line":3,"column":251},"end":{"line":3,"column":252}},{"start":{"line":3,"column":256},"end":{"line":3,"column":273}}],"line":3},"2":{"loc":{"start":{"line":3,"column":339},"end":{"line":3,"column":379}},"type":"if","locations":[{"start":{"line":3,"column":339},"end":{"line":3,"column":379}},{"start":{"line":3,"column":339},"end":{"line":3,"column":379}}],"line":3},"3":{"loc":{"start":{"line":3,"column":343},"end":{"line":3,"column":362}},"type":"binary-expr","locations":[{"start":{"line":3,"column":343},"end":{"line":3,"column":346}},{"start":{"line":3,"column":350},"end":{"line":3,"column":362}}],"line":3},"4":{"loc":{"start":{"line":3,"column":392},"end":{"line":3,"column":409}},"type":"if","locations":[{"start":{"line":3,"column":392},"end":{"line":3,"column":409}},{"start":{"line":3,"column":392},"end":{"line":3,"column":409}}],"line":3},"5":{"loc":{"start":{"line":3,"column":456},"end":{"line":3,"column":656}},"type":"if","locations":[{"start":{"line":3,"column":456},"end":{"line":3,"column":656}},{"start":{"line":3,"column":456},"end":{"line":3,"column":656}}],"line":3},"6":{"loc":{"start":{"line":3,"column":501},"end":{"line":3,"column":656}},"type":"if","locations":[{"start":{"line":3,"column":501},"end":{"line":3,"column":656}},{"start":{"line":3,"column":501},"end":{"line":3,"column":656}}],"line":3}},"s":{"0":1,"1":0,"2":0,"3":0,"4":0,"5":0,"6":0,"7":0,"8":0,"9":0,"10":0,"11":0,"12":0,"13":0,"14":0,"15":0,"16":0,"17":0,"18":1,"19":0,"20":0,"21":0,"22":0,"23":0,"24":1,"25":1,"26":1,"27":1,"28":1,"29":1,"30":1,"31":1,"32":1,"33":1,"34":0,"35":0,"36":1,"37":0,"38":0,"39":0,"40":1,"41":0,"42":0,"43":0,"44":0,"45":0,"46":0,"47":0},"f":{"0":1,"1":0,"2":0,"3":0,"4":0,"5":0,"6":0,"7":0,"8":0},"b":{"0":[0,0],"1":[0,0],"2":[0,0],"3":[0,0],"4":[0,0],"5":[0,0],"6":[0,0]},"_coverageSchema":"332fd63041d2c1bcb487cc26dd0d5f7d97098a6c","hash":"40706f7c5eab3e3a48e541503fcfea285267b8bb","contentHash":"5f17333a1c72b5e32412711b52de73ba_11.4.1"},"/Users/claudia/GraceHopper/Senior/GraceShopper/apple-store/utility/index.js":{"path":"/Users/claudia/GraceHopper/Senior/GraceShopper/apple-store/utility/index.js","statementMap":{"0":{"start":{"line":3,"column":16},"end":{"line":7,"column":1}},"1":{"start":{"line":4,"column":12},"end":{"line":4,"column":30}},"2":{"start":{"line":5,"column":2},"end":{"line":5,"column":22}},"3":{"start":{"line":6,"column":2},"end":{"line":6,"column":13}},"4":{"start":{"line":9,"column":17},"end":{"line":12,"column":1}},"5":{"start":{"line":10,"column":2},"end":{"line":10,"column":60}},"6":{"start":{"line":10,"column":17},"end":{"line":10,"column":60}},"7":{"start":{"line":11,"column":2},"end":{"line":11,"column":9}},"8":{"start":{"line":14,"column":14},"end":{"line":17,"column":1}},"9":{"start":{"line":15,"column":2},"end":{"line":15,"column":66}},"10":{"start":{"line":15,"column":25},"end":{"line":15,"column":66}},"11":{"start":{"line":16,"column":2},"end":{"line":16,"column":9}},"12":{"start":{"line":19,"column":0},"end":{"line":23,"column":2}}},"fnMap":{"0":{"name":"makeError","decl":{"start":{"line":3,"column":25},"end":{"line":3,"column":34}},"loc":{"start":{"line":3,"column":52},"end":{"line":7,"column":1}},"line":3},"1":{"name":"isLoggedIn","decl":{"start":{"line":9,"column":26},"end":{"line":9,"column":36}},"loc":{"start":{"line":9,"column":53},"end":{"line":12,"column":1}},"line":9},"2":{"name":"isAdmin","decl":{"start":{"line":14,"column":23},"end":{"line":14,"column":30}},"loc":{"start":{"line":14,"column":47},"end":{"line":17,"column":1}},"line":14}},"branchMap":{"0":{"loc":{"start":{"line":10,"column":2},"end":{"line":10,"column":60}},"type":"if","locations":[{"start":{"line":10,"column":2},"end":{"line":10,"column":60}},{"start":{"line":10,"column":2},"end":{"line":10,"column":60}}],"line":10},"1":{"loc":{"start":{"line":15,"column":2},"end":{"line":15,"column":66}},"type":"if","locations":[{"start":{"line":15,"column":2},"end":{"line":15,"column":66}},{"start":{"line":15,"column":2},"end":{"line":15,"column":66}}],"line":15}},"s":{"0":1,"1":0,"2":0,"3":0,"4":1,"5":0,"6":0,"7":0,"8":1,"9":0,"10":0,"11":0,"12":1},"f":{"0":0,"1":0,"2":0},"b":{"0":[0,0],"1":[0,0]},"_coverageSchema":"332fd63041d2c1bcb487cc26dd0d5f7d97098a6c","hash":"59f13ebd9bf4069e3b35918731419ab667f1dc5d","contentHash":"4114cb749450c65735d7d8df42d2346c_11.4.1"},"/Users/claudia/GraceHopper/Senior/GraceShopper/apple-store/server/api/apples.js":{"path":"/Users/claudia/GraceHopper/Senior/GraceShopper/apple-store/server/api/apples.js","statementMap":{"0":{"start":{"line":3,"column":21},"end":{"line":3,"column":663}},"1":{"start":{"line":3,"column":79},"end":{"line":3,"column":81}},"2":{"start":{"line":3,"column":92},"end":{"line":3,"column":96}},"3":{"start":{"line":3,"column":107},"end":{"line":3,"column":112}},"4":{"start":{"line":3,"column":123},"end":{"line":3,"column":132}},"5":{"start":{"line":3,"column":134},"end":{"line":3,"column":413}},"6":{"start":{"line":3,"column":140},"end":{"line":3,"column":283}},"7":{"start":{"line":3,"column":226},"end":{"line":3,"column":246}},"8":{"start":{"line":3,"column":247},"end":{"line":3,"column":281}},"9":{"start":{"line":3,"column":275},"end":{"line":3,"column":281}},"10":{"start":{"line":3,"column":300},"end":{"line":3,"column":310}},"11":{"start":{"line":3,"column":311},"end":{"line":3,"column":320}},"12":{"start":{"line":3,"column":333},"end":{"line":3,"column":411}},"13":{"start":{"line":3,"column":339},"end":{"line":3,"column":379}},"14":{"start":{"line":3,"column":364},"end":{"line":3,"column":379}},"15":{"start":{"line":3,"column":392},"end":{"line":3,"column":409}},"16":{"start":{"line":3,"column":400},"end":{"line":3,"column":409}},"17":{"start":{"line":3,"column":414},"end":{"line":3,"column":426}},"18":{"start":{"line":3,"column":429},"end":{"line":3,"column":659}},"19":{"start":{"line":3,"column":456},"end":{"line":3,"column":656}},"20":{"start":{"line":3,"column":482},"end":{"line":3,"column":493}},"21":{"start":{"line":3,"column":501},"end":{"line":3,"column":656}},"22":{"start":{"line":3,"column":539},"end":{"line":3,"column":568}},"23":{"start":{"line":3,"column":578},"end":{"line":3,"column":654}},"24":{"start":{"line":5,"column":14},"end":{"line":5,"column":32}},"25":{"start":{"line":6,"column":13},"end":{"line":6,"column":29}},"26":{"start":{"line":8,"column":12},"end":{"line":8,"column":44}},"27":{"start":{"line":10,"column":0},"end":{"line":14,"column":3}},"28":{"start":{"line":11,"column":2},"end":{"line":13,"column":17}},"29":{"start":{"line":12,"column":4},"end":{"line":12,"column":31}},"30":{"start":{"line":16,"column":0},"end":{"line":20,"column":3}},"31":{"start":{"line":17,"column":2},"end":{"line":19,"column":17}},"32":{"start":{"line":18,"column":4},"end":{"line":18,"column":27}},"33":{"start":{"line":22,"column":0},"end":{"line":30,"column":3}},"34":{"start":{"line":23,"column":2},"end":{"line":29,"column":17}},"35":{"start":{"line":28,"column":4},"end":{"line":28,"column":28}},"36":{"start":{"line":33,"column":0},"end":{"line":37,"column":3}},"37":{"start":{"line":34,"column":2},"end":{"line":36,"column":17}},"38":{"start":{"line":35,"column":4},"end":{"line":35,"column":27}},"39":{"start":{"line":39,"column":0},"end":{"line":53,"column":3}},"40":{"start":{"line":40,"column":11},"end":{"line":40,"column":24}},"41":{"start":{"line":42,"column":2},"end":{"line":52,"column":17}},"42":{"start":{"line":46,"column":16},"end":{"line":46,"column":39}},"43":{"start":{"line":47,"column":12},"end":{"line":47,"column":20}},"44":{"start":{"line":48,"column":17},"end":{"line":48,"column":44}},"45":{"start":{"line":49,"column":23},"end":{"line":49,"column":32}},"46":{"start":{"line":51,"column":4},"end":{"line":51,"column":27}},"47":{"start":{"line":55,"column":0},"end":{"line":63,"column":3}},"48":{"start":{"line":56,"column":11},"end":{"line":56,"column":24}},"49":{"start":{"line":58,"column":2},"end":{"line":62,"column":17}},"50":{"start":{"line":61,"column":4},"end":{"line":61,"column":31}},"51":{"start":{"line":65,"column":0},"end":{"line":65,"column":24}}},"fnMap":{"0":{"name":"(anonymous_0)","decl":{"start":{"line":3,"column":21},"end":{"line":3,"column":22}},"loc":{"start":{"line":3,"column":33},"end":{"line":3,"column":661}},"line":3},"1":{"name":"sliceIterator","decl":{"start":{"line":3,"column":44},"end":{"line":3,"column":57}},"loc":{"start":{"line":3,"column":66},"end":{"line":3,"column":428}},"line":3},"2":{"name":"(anonymous_2)","decl":{"start":{"line":3,"column":436},"end":{"line":3,"column":437}},"loc":{"start":{"line":3,"column":454},"end":{"line":3,"column":658}},"line":3},"3":{"name":"(anonymous_3)","decl":{"start":{"line":10,"column":16},"end":{"line":10,"column":17}},"loc":{"start":{"line":10,"column":42},"end":{"line":14,"column":1}},"line":10},"4":{"name":"(anonymous_4)","decl":{"start":{"line":11,"column":23},"end":{"line":11,"column":24}},"loc":{"start":{"line":11,"column":44},"end":{"line":13,"column":3}},"line":11},"5":{"name":"(anonymous_5)","decl":{"start":{"line":16,"column":19},"end":{"line":16,"column":20}},"loc":{"start":{"line":16,"column":45},"end":{"line":20,"column":1}},"line":16},"6":{"name":"(anonymous_6)","decl":{"start":{"line":17,"column":37},"end":{"line":17,"column":38}},"loc":{"start":{"line":17,"column":54},"end":{"line":19,"column":3}},"line":17},"7":{"name":"(anonymous_7)","decl":{"start":{"line":22,"column":30},"end":{"line":22,"column":31}},"loc":{"start":{"line":22,"column":56},"end":{"line":30,"column":1}},"line":22},"8":{"name":"(anonymous_8)","decl":{"start":{"line":27,"column":10},"end":{"line":27,"column":11}},"loc":{"start":{"line":27,"column":28},"end":{"line":29,"column":3}},"line":27},"9":{"name":"(anonymous_9)","decl":{"start":{"line":33,"column":17},"end":{"line":33,"column":18}},"loc":{"start":{"line":33,"column":43},"end":{"line":37,"column":1}},"line":33},"10":{"name":"(anonymous_10)","decl":{"start":{"line":34,"column":30},"end":{"line":34,"column":31}},"loc":{"start":{"line":34,"column":47},"end":{"line":36,"column":3}},"line":34},"11":{"name":"(anonymous_11)","decl":{"start":{"line":39,"column":19},"end":{"line":39,"column":20}},"loc":{"start":{"line":39,"column":45},"end":{"line":53,"column":1}},"line":39},"12":{"name":"(anonymous_12)","decl":{"start":{"line":45,"column":10},"end":{"line":45,"column":11}},"loc":{"start":{"line":45,"column":26},"end":{"line":52,"column":3}},"line":45},"13":{"name":"(anonymous_13)","decl":{"start":{"line":55,"column":22},"end":{"line":55,"column":23}},"loc":{"start":{"line":55,"column":48},"end":{"line":63,"column":1}},"line":55},"14":{"name":"(anonymous_14)","decl":{"start":{"line":60,"column":10},"end":{"line":60,"column":11}},"loc":{"start":{"line":60,"column":22},"end":{"line":62,"column":3}},"line":60}},"branchMap":{"0":{"loc":{"start":{"line":3,"column":247},"end":{"line":3,"column":281}},"type":"if","locations":[{"start":{"line":3,"column":247},"end":{"line":3,"column":281}},{"start":{"line":3,"column":247},"end":{"line":3,"column":281}}],"line":3},"1":{"loc":{"start":{"line":3,"column":251},"end":{"line":3,"column":273}},"type":"binary-expr","locations":[{"start":{"line":3,"column":251},"end":{"line":3,"column":252}},{"start":{"line":3,"column":256},"end":{"line":3,"column":273}}],"line":3},"2":{"loc":{"start":{"line":3,"column":339},"end":{"line":3,"column":379}},"type":"if","locations":[{"start":{"line":3,"column":339},"end":{"line":3,"column":379}},{"start":{"line":3,"column":339},"end":{"line":3,"column":379}}],"line":3},"3":{"loc":{"start":{"line":3,"column":343},"end":{"line":3,"column":362}},"type":"binary-expr","locations":[{"start":{"line":3,"column":343},"end":{"line":3,"column":346}},{"start":{"line":3,"column":350},"end":{"line":3,"column":362}}],"line":3},"4":{"loc":{"start":{"line":3,"column":392},"end":{"line":3,"column":409}},"type":"if","locations":[{"start":{"line":3,"column":392},"end":{"line":3,"column":409}},{"start":{"line":3,"column":392},"end":{"line":3,"column":409}}],"line":3},"5":{"loc":{"start":{"line":3,"column":456},"end":{"line":3,"column":656}},"type":"if","locations":[{"start":{"line":3,"column":456},"end":{"line":3,"column":656}},{"start":{"line":3,"column":456},"end":{"line":3,"column":656}}],"line":3},"6":{"loc":{"start":{"line":3,"column":501},"end":{"line":3,"column":656}},"type":"if","locations":[{"start":{"line":3,"column":501},"end":{"line":3,"column":656}},{"start":{"line":3,"column":501},"end":{"line":3,"column":656}}],"line":3}},"s":{"0":1,"1":0,"2":0,"3":0,"4":0,"5":0,"6":0,"7":0,"8":0,"9":0,"10":0,"11":0,"12":0,"13":0,"14":0,"15":0,"16":0,"17":0,"18":1,"19":0,"20":0,"21":0,"22":0,"23":0,"24":1,"25":1,"26":1,"27":1,"28":0,"29":0,"30":1,"31":0,"32":0,"33":1,"34":0,"35":0,"36":1,"37":0,"38":0,"39":1,"40":0,"41":0,"42":0,"43":0,"44":0,"45":0,"46":0,"47":1,"48":0,"49":0,"50":0,"51":1},"f":{"0":1,"1":0,"2":0,"3":0,"4":0,"5":0,"6":0,"7":0,"8":0,"9":0,"10":0,"11":0,"12":0,"13":0,"14":0},"b":{"0":[0,0],"1":[0,0],"2":[0,0],"3":[0,0],"4":[0,0],"5":[0,0],"6":[0,0]},"_coverageSchema":"332fd63041d2c1bcb487cc26dd0d5f7d97098a6c","hash":"2d16cd8094b3f6b85bf51cdd1eb2aec245fdcabc","contentHash":"75de16f7f2287e4227adfaa0b0304173_11.4.1"},"/Users/claudia/GraceHopper/Senior/GraceShopper/apple-store/server/api/orders.js":{"path":"/Users/claudia/GraceHopper/Senior/GraceShopper/apple-store/server/api/orders.js","statementMap":{"0":{"start":{"line":3,"column":21},"end":{"line":3,"column":663}},"1":{"start":{"line":3,"column":79},"end":{"line":3,"column":81}},"2":{"start":{"line":3,"column":92},"end":{"line":3,"column":96}},"3":{"start":{"line":3,"column":107},"end":{"line":3,"column":112}},"4":{"start":{"line":3,"column":123},"end":{"line":3,"column":132}},"5":{"start":{"line":3,"column":134},"end":{"line":3,"column":413}},"6":{"start":{"line":3,"column":140},"end":{"line":3,"column":283}},"7":{"start":{"line":3,"column":226},"end":{"line":3,"column":246}},"8":{"start":{"line":3,"column":247},"end":{"line":3,"column":281}},"9":{"start":{"line":3,"column":275},"end":{"line":3,"column":281}},"10":{"start":{"line":3,"column":300},"end":{"line":3,"column":310}},"11":{"start":{"line":3,"column":311},"end":{"line":3,"column":320}},"12":{"start":{"line":3,"column":333},"end":{"line":3,"column":411}},"13":{"start":{"line":3,"column":339},"end":{"line":3,"column":379}},"14":{"start":{"line":3,"column":364},"end":{"line":3,"column":379}},"15":{"start":{"line":3,"column":392},"end":{"line":3,"column":409}},"16":{"start":{"line":3,"column":400},"end":{"line":3,"column":409}},"17":{"start":{"line":3,"column":414},"end":{"line":3,"column":426}},"18":{"start":{"line":3,"column":429},"end":{"line":3,"column":659}},"19":{"start":{"line":3,"column":456},"end":{"line":3,"column":656}},"20":{"start":{"line":3,"column":482},"end":{"line":3,"column":493}},"21":{"start":{"line":3,"column":501},"end":{"line":3,"column":656}},"22":{"start":{"line":3,"column":539},"end":{"line":3,"column":568}},"23":{"start":{"line":3,"column":578},"end":{"line":3,"column":654}},"24":{"start":{"line":5,"column":14},"end":{"line":5,"column":32}},"25":{"start":{"line":6,"column":13},"end":{"line":6,"column":29}},"26":{"start":{"line":8,"column":15},"end":{"line":8,"column":38}},"27":{"start":{"line":9,"column":12},"end":{"line":9,"column":26}},"28":{"start":{"line":10,"column":12},"end":{"line":10,"column":26}},"29":{"start":{"line":12,"column":16},"end":{"line":12,"column":40}},"30":{"start":{"line":13,"column":16},"end":{"line":13,"column":35}},"31":{"start":{"line":14,"column":17},"end":{"line":14,"column":37}},"32":{"start":{"line":15,"column":14},"end":{"line":15,"column":31}},"33":{"start":{"line":17,"column":0},"end":{"line":21,"column":3}},"34":{"start":{"line":18,"column":4},"end":{"line":20,"column":19}},"35":{"start":{"line":19,"column":8},"end":{"line":19,"column":32}},"36":{"start":{"line":23,"column":0},"end":{"line":51,"column":3}},"37":{"start":{"line":30,"column":4},"end":{"line":50,"column":5}},"38":{"start":{"line":31,"column":8},"end":{"line":42,"column":23}},"39":{"start":{"line":37,"column":24},"end":{"line":37,"column":47}},"40":{"start":{"line":38,"column":24},"end":{"line":38,"column":32}},"41":{"start":{"line":39,"column":30},"end":{"line":39,"column":38}},"42":{"start":{"line":41,"column":12},"end":{"line":41,"column":35}},"43":{"start":{"line":44,"column":8},"end":{"line":48,"column":9}},"44":{"start":{"line":45,"column":12},"end":{"line":45,"column":49}},"45":{"start":{"line":47,"column":12},"end":{"line":47,"column":67}},"46":{"start":{"line":49,"column":8},"end":{"line":49,"column":35}},"47":{"start":{"line":53,"column":0},"end":{"line":57,"column":3}},"48":{"start":{"line":54,"column":4},"end":{"line":56,"column":19}},"49":{"start":{"line":55,"column":8},"end":{"line":55,"column":24}},"50":{"start":{"line":59,"column":0},"end":{"line":65,"column":3}},"51":{"start":{"line":60,"column":4},"end":{"line":64,"column":19}},"52":{"start":{"line":61,"column":8},"end":{"line":61,"column":43}},"53":{"start":{"line":63,"column":8},"end":{"line":63,"column":33}},"54":{"start":{"line":67,"column":0},"end":{"line":75,"column":3}},"55":{"start":{"line":68,"column":4},"end":{"line":74,"column":19}},"56":{"start":{"line":73,"column":8},"end":{"line":73,"column":32}},"57":{"start":{"line":77,"column":0},"end":{"line":77,"column":24}}},"fnMap":{"0":{"name":"(anonymous_0)","decl":{"start":{"line":3,"column":21},"end":{"line":3,"column":22}},"loc":{"start":{"line":3,"column":33},"end":{"line":3,"column":661}},"line":3},"1":{"name":"sliceIterator","decl":{"start":{"line":3,"column":44},"end":{"line":3,"column":57}},"loc":{"start":{"line":3,"column":66},"end":{"line":3,"column":428}},"line":3},"2":{"name":"(anonymous_2)","decl":{"start":{"line":3,"column":436},"end":{"line":3,"column":437}},"loc":{"start":{"line":3,"column":454},"end":{"line":3,"column":658}},"line":3},"3":{"name":"(anonymous_3)","decl":{"start":{"line":17,"column":37},"end":{"line":17,"column":38}},"loc":{"start":{"line":17,"column":63},"end":{"line":21,"column":1}},"line":17},"4":{"name":"(anonymous_4)","decl":{"start":{"line":18,"column":25},"end":{"line":18,"column":26}},"loc":{"start":{"line":18,"column":43},"end":{"line":20,"column":5}},"line":18},"5":{"name":"(anonymous_5)","decl":{"start":{"line":23,"column":20},"end":{"line":23,"column":21}},"loc":{"start":{"line":23,"column":46},"end":{"line":51,"column":1}},"line":23},"6":{"name":"(anonymous_6)","decl":{"start":{"line":36,"column":16},"end":{"line":36,"column":17}},"loc":{"start":{"line":36,"column":32},"end":{"line":42,"column":9}},"line":36},"7":{"name":"(anonymous_7)","decl":{"start":{"line":53,"column":26},"end":{"line":53,"column":27}},"loc":{"start":{"line":53,"column":52},"end":{"line":57,"column":1}},"line":53},"8":{"name":"(anonymous_8)","decl":{"start":{"line":54,"column":72},"end":{"line":54,"column":73}},"loc":{"start":{"line":54,"column":89},"end":{"line":56,"column":5}},"line":54},"9":{"name":"(anonymous_9)","decl":{"start":{"line":59,"column":26},"end":{"line":59,"column":27}},"loc":{"start":{"line":59,"column":52},"end":{"line":65,"column":1}},"line":59},"10":{"name":"(anonymous_10)","decl":{"start":{"line":60,"column":39},"end":{"line":60,"column":40}},"loc":{"start":{"line":60,"column":61},"end":{"line":62,"column":5}},"line":60},"11":{"name":"(anonymous_11)","decl":{"start":{"line":62,"column":12},"end":{"line":62,"column":13}},"loc":{"start":{"line":62,"column":31},"end":{"line":64,"column":5}},"line":62},"12":{"name":"(anonymous_12)","decl":{"start":{"line":67,"column":23},"end":{"line":67,"column":24}},"loc":{"start":{"line":67,"column":49},"end":{"line":75,"column":1}},"line":67},"13":{"name":"(anonymous_13)","decl":{"start":{"line":72,"column":12},"end":{"line":72,"column":13}},"loc":{"start":{"line":72,"column":30},"end":{"line":74,"column":5}},"line":72}},"branchMap":{"0":{"loc":{"start":{"line":3,"column":247},"end":{"line":3,"column":281}},"type":"if","locations":[{"start":{"line":3,"column":247},"end":{"line":3,"column":281}},{"start":{"line":3,"column":247},"end":{"line":3,"column":281}}],"line":3},"1":{"loc":{"start":{"line":3,"column":251},"end":{"line":3,"column":273}},"type":"binary-expr","locations":[{"start":{"line":3,"column":251},"end":{"line":3,"column":252}},{"start":{"line":3,"column":256},"end":{"line":3,"column":273}}],"line":3},"2":{"loc":{"start":{"line":3,"column":339},"end":{"line":3,"column":379}},"type":"if","locations":[{"start":{"line":3,"column":339},"end":{"line":3,"column":379}},{"start":{"line":3,"column":339},"end":{"line":3,"column":379}}],"line":3},"3":{"loc":{"start":{"line":3,"column":343},"end":{"line":3,"column":362}},"type":"binary-expr","locations":[{"start":{"line":3,"column":343},"end":{"line":3,"column":346}},{"start":{"line":3,"column":350},"end":{"line":3,"column":362}}],"line":3},"4":{"loc":{"start":{"line":3,"column":392},"end":{"line":3,"column":409}},"type":"if","locations":[{"start":{"line":3,"column":392},"end":{"line":3,"column":409}},{"start":{"line":3,"column":392},"end":{"line":3,"column":409}}],"line":3},"5":{"loc":{"start":{"line":3,"column":456},"end":{"line":3,"column":656}},"type":"if","locations":[{"start":{"line":3,"column":456},"end":{"line":3,"column":656}},{"start":{"line":3,"column":456},"end":{"line":3,"column":656}}],"line":3},"6":{"loc":{"start":{"line":3,"column":501},"end":{"line":3,"column":656}},"type":"if","locations":[{"start":{"line":3,"column":501},"end":{"line":3,"column":656}},{"start":{"line":3,"column":501},"end":{"line":3,"column":656}}],"line":3},"7":{"loc":{"start":{"line":30,"column":4},"end":{"line":50,"column":5}},"type":"if","locations":[{"start":{"line":30,"column":4},"end":{"line":50,"column":5}},{"start":{"line":30,"column":4},"end":{"line":50,"column":5}}],"line":30},"8":{"loc":{"start":{"line":44,"column":8},"end":{"line":48,"column":9}},"type":"if","locations":[{"start":{"line":44,"column":8},"end":{"line":48,"column":9}},{"start":{"line":44,"column":8},"end":{"line":48,"column":9}}],"line":44}},"s":{"0":1,"1":0,"2":0,"3":0,"4":0,"5":0,"6":0,"7":0,"8":0,"9":0,"10":0,"11":0,"12":0,"13":0,"14":0,"15":0,"16":0,"17":0,"18":1,"19":0,"20":0,"21":0,"22":0,"23":0,"24":1,"25":1,"26":1,"27":1,"28":1,"29":1,"30":1,"31":1,"32":1,"33":1,"34":0,"35":0,"36":1,"37":0,"38":0,"39":0,"40":0,"41":0,"42":0,"43":0,"44":0,"45":0,"46":0,"47":1,"48":0,"49":0,"50":1,"51":0,"52":0,"53":0,"54":1,"55":0,"56":0,"57":1},"f":{"0":1,"1":0,"2":0,"3":0,"4":0,"5":0,"6":0,"7":0,"8":0,"9":0,"10":0,"11":0,"12":0,"13":0},"b":{"0":[0,0],"1":[0,0],"2":[0,0],"3":[0,0],"4":[0,0],"5":[0,0],"6":[0,0],"7":[0,0],"8":[0,0]},"_coverageSchema":"332fd63041d2c1bcb487cc26dd0d5f7d97098a6c","hash":"f13f1dd09398d2e141446df54f1209273e201c5f","contentHash":"b148d9c7525157a54145562eebe60a95_11.4.1"},"/Users/claudia/GraceHopper/Senior/GraceShopper/apple-store/server/api/reviews.js":{"path":"/Users/claudia/GraceHopper/Senior/GraceShopper/apple-store/server/api/reviews.js","statementMap":{"0":{"start":{"line":3,"column":14},"end":{"line":3,"column":32}},"1":{"start":{"line":4,"column":13},"end":{"line":4,"column":29}},"2":{"start":{"line":5,"column":13},"end":{"line":5,"column":45}},"3":{"start":{"line":6,"column":14},"end":{"line":6,"column":47}},"4":{"start":{"line":8,"column":0},"end":{"line":19,"column":3}},"5":{"start":{"line":9,"column":4},"end":{"line":18,"column":7}},"6":{"start":{"line":15,"column":8},"end":{"line":15,"column":42}},"7":{"start":{"line":17,"column":8},"end":{"line":17,"column":41}},"8":{"start":{"line":21,"column":0},"end":{"line":29,"column":3}},"9":{"start":{"line":22,"column":4},"end":{"line":28,"column":7}},"10":{"start":{"line":25,"column":8},"end":{"line":25,"column":33}},"11":{"start":{"line":27,"column":8},"end":{"line":27,"column":41}},"12":{"start":{"line":31,"column":0},"end":{"line":31,"column":24}}},"fnMap":{"0":{"name":"(anonymous_0)","decl":{"start":{"line":8,"column":17},"end":{"line":8,"column":18}},"loc":{"start":{"line":8,"column":43},"end":{"line":19,"column":1}},"line":8},"1":{"name":"(anonymous_1)","decl":{"start":{"line":14,"column":12},"end":{"line":14,"column":13}},"loc":{"start":{"line":14,"column":30},"end":{"line":16,"column":5}},"line":14},"2":{"name":"(anonymous_2)","decl":{"start":{"line":16,"column":13},"end":{"line":16,"column":14}},"loc":{"start":{"line":16,"column":28},"end":{"line":18,"column":5}},"line":16},"3":{"name":"(anonymous_3)","decl":{"start":{"line":21,"column":19},"end":{"line":21,"column":20}},"loc":{"start":{"line":21,"column":45},"end":{"line":29,"column":1}},"line":21},"4":{"name":"(anonymous_4)","decl":{"start":{"line":24,"column":18},"end":{"line":24,"column":19}},"loc":{"start":{"line":24,"column":37},"end":{"line":26,"column":5}},"line":24},"5":{"name":"(anonymous_5)","decl":{"start":{"line":26,"column":13},"end":{"line":26,"column":14}},"loc":{"start":{"line":26,"column":28},"end":{"line":28,"column":5}},"line":26}},"branchMap":{},"s":{"0":1,"1":1,"2":1,"3":1,"4":1,"5":0,"6":0,"7":0,"8":1,"9":0,"10":0,"11":0,"12":1},"f":{"0":0,"1":0,"2":0,"3":0,"4":0,"5":0},"b":{},"_coverageSchema":"332fd63041d2c1bcb487cc26dd0d5f7d97098a6c","hash":"53830672699ce7a4b41a7f709d2dbb423d6ba7c0","contentHash":"6058bb0ad01927be5ca254807b4519c4_11.4.1"},"/Users/claudia/GraceHopper/Senior/GraceShopper/apple-store/server/api/cart.js":{"path":"/Users/claudia/GraceHopper/Senior/GraceShopper/apple-store/server/api/cart.js","statementMap":{"0":{"start":{"line":3,"column":14},"end":{"line":3,"column":32}},"1":{"start":{"line":4,"column":13},"end":{"line":4,"column":29}},"2":{"start":{"line":6,"column":15},"end":{"line":6,"column":38}},"3":{"start":{"line":7,"column":15},"end":{"line":7,"column":32}},"4":{"start":{"line":9,"column":0},"end":{"line":21,"column":3}},"5":{"start":{"line":10,"column":4},"end":{"line":20,"column":19}},"6":{"start":{"line":16,"column":8},"end":{"line":16,"column":86}},"7":{"start":{"line":16,"column":18},"end":{"line":16,"column":86}},"8":{"start":{"line":17,"column":8},"end":{"line":17,"column":41}},"9":{"start":{"line":19,"column":8},"end":{"line":19,"column":30}},"10":{"start":{"line":23,"column":0},"end":{"line":31,"column":3}},"11":{"start":{"line":24,"column":4},"end":{"line":30,"column":19}},"12":{"start":{"line":29,"column":8},"end":{"line":29,"column":49}},"13":{"start":{"line":33,"column":0},"end":{"line":35,"column":3}},"14":{"start":{"line":34,"column":4},"end":{"line":34,"column":31}},"15":{"start":{"line":37,"column":0},"end":{"line":40,"column":3}},"16":{"start":{"line":38,"column":4},"end":{"line":38,"column":48}},"17":{"start":{"line":39,"column":4},"end":{"line":39,"column":31}},"18":{"start":{"line":42,"column":0},"end":{"line":42,"column":24}}},"fnMap":{"0":{"name":"(anonymous_0)","decl":{"start":{"line":9,"column":17},"end":{"line":9,"column":18}},"loc":{"start":{"line":9,"column":43},"end":{"line":21,"column":1}},"line":9},"1":{"name":"(anonymous_1)","decl":{"start":{"line":15,"column":12},"end":{"line":15,"column":13}},"loc":{"start":{"line":15,"column":28},"end":{"line":18,"column":5}},"line":15},"2":{"name":"(anonymous_2)","decl":{"start":{"line":18,"column":12},"end":{"line":18,"column":13}},"loc":{"start":{"line":18,"column":28},"end":{"line":20,"column":5}},"line":18},"3":{"name":"(anonymous_3)","decl":{"start":{"line":23,"column":27},"end":{"line":23,"column":28}},"loc":{"start":{"line":23,"column":53},"end":{"line":31,"column":1}},"line":23},"4":{"name":"(anonymous_4)","decl":{"start":{"line":28,"column":12},"end":{"line":28,"column":13}},"loc":{"start":{"line":28,"column":29},"end":{"line":30,"column":5}},"line":28},"5":{"name":"(anonymous_5)","decl":{"start":{"line":33,"column":23},"end":{"line":33,"column":24}},"loc":{"start":{"line":33,"column":49},"end":{"line":35,"column":1}},"line":33},"6":{"name":"(anonymous_6)","decl":{"start":{"line":37,"column":35},"end":{"line":37,"column":36}},"loc":{"start":{"line":37,"column":61},"end":{"line":40,"column":1}},"line":37}},"branchMap":{"0":{"loc":{"start":{"line":16,"column":8},"end":{"line":16,"column":86}},"type":"if","locations":[{"start":{"line":16,"column":8},"end":{"line":16,"column":86}},{"start":{"line":16,"column":8},"end":{"line":16,"column":86}}],"line":16}},"s":{"0":1,"1":1,"2":1,"3":1,"4":1,"5":0,"6":0,"7":0,"8":0,"9":0,"10":1,"11":0,"12":0,"13":1,"14":0,"15":1,"16":0,"17":0,"18":1},"f":{"0":0,"1":0,"2":0,"3":0,"4":0,"5":0,"6":0},"b":{"0":[0,0]},"_coverageSchema":"332fd63041d2c1bcb487cc26dd0d5f7d97098a6c","hash":"8d5029dab66ad662fb66e23bbedfcfd5e32b0b6b","contentHash":"1219a0a7a679c0ca471deb4a4d92b50d_11.4.1"},"/Users/claudia/GraceHopper/Senior/GraceShopper/apple-store/server/db/models/user.spec.js":{"path":"/Users/claudia/GraceHopper/Senior/GraceShopper/apple-store/server/db/models/user.spec.js","statementMap":{"0":{"start":{"line":5,"column":15},"end":{"line":5,"column":30}},"1":{"start":{"line":6,"column":13},"end":{"line":6,"column":28}},"2":{"start":{"line":8,"column":9},"end":{"line":8,"column":28}},"3":{"start":{"line":9,"column":11},"end":{"line":9,"column":27}},"4":{"start":{"line":11,"column":0},"end":{"line":38,"column":3}},"5":{"start":{"line":12,"column":2},"end":{"line":14,"column":5}},"6":{"start":{"line":13,"column":4},"end":{"line":13,"column":36}},"7":{"start":{"line":16,"column":2},"end":{"line":37,"column":5}},"8":{"start":{"line":17,"column":4},"end":{"line":36,"column":7}},"9":{"start":{"line":18,"column":17},"end":{"line":18,"column":23}},"10":{"start":{"line":20,"column":6},"end":{"line":27,"column":9}},"11":{"start":{"line":21,"column":8},"end":{"line":26,"column":11}},"12":{"start":{"line":25,"column":10},"end":{"line":25,"column":22}},"13":{"start":{"line":29,"column":6},"end":{"line":31,"column":9}},"14":{"start":{"line":30,"column":8},"end":{"line":30,"column":64}},"15":{"start":{"line":33,"column":6},"end":{"line":35,"column":9}},"16":{"start":{"line":34,"column":8},"end":{"line":34,"column":65}}},"fnMap":{"0":{"name":"(anonymous_0)","decl":{"start":{"line":11,"column":23},"end":{"line":11,"column":24}},"loc":{"start":{"line":11,"column":35},"end":{"line":38,"column":1}},"line":11},"1":{"name":"(anonymous_1)","decl":{"start":{"line":12,"column":13},"end":{"line":12,"column":14}},"loc":{"start":{"line":12,"column":25},"end":{"line":14,"column":3}},"line":12},"2":{"name":"(anonymous_2)","decl":{"start":{"line":16,"column":30},"end":{"line":16,"column":31}},"loc":{"start":{"line":16,"column":42},"end":{"line":37,"column":3}},"line":16},"3":{"name":"(anonymous_3)","decl":{"start":{"line":17,"column":32},"end":{"line":17,"column":33}},"loc":{"start":{"line":17,"column":44},"end":{"line":36,"column":5}},"line":17},"4":{"name":"(anonymous_4)","decl":{"start":{"line":20,"column":17},"end":{"line":20,"column":18}},"loc":{"start":{"line":20,"column":29},"end":{"line":27,"column":7}},"line":20},"5":{"name":"(anonymous_5)","decl":{"start":{"line":24,"column":16},"end":{"line":24,"column":17}},"loc":{"start":{"line":24,"column":32},"end":{"line":26,"column":9}},"line":24},"6":{"name":"(anonymous_6)","decl":{"start":{"line":29,"column":52},"end":{"line":29,"column":53}},"loc":{"start":{"line":29,"column":64},"end":{"line":31,"column":7}},"line":29},"7":{"name":"(anonymous_7)","decl":{"start":{"line":33,"column":55},"end":{"line":33,"column":56}},"loc":{"start":{"line":33,"column":67},"end":{"line":35,"column":7}},"line":33}},"branchMap":{},"s":{"0":1,"1":1,"2":1,"3":1,"4":1,"5":1,"6":0,"7":1,"8":1,"9":1,"10":1,"11":0,"12":0,"13":1,"14":0,"15":1,"16":0},"f":{"0":1,"1":0,"2":1,"3":1,"4":0,"5":0,"6":0,"7":0},"b":{},"_coverageSchema":"332fd63041d2c1bcb487cc26dd0d5f7d97098a6c","hash":"d1d517edff0d4c80751254ec2be4e61c4b160ae7","contentHash":"353c19c31f97c2e055fb1c50a282cad5_11.4.1"},"/Users/claudia/GraceHopper/Senior/GraceShopper/apple-store/client/components/allapples.spec.js":{"path":"/Users/claudia/GraceHopper/Senior/GraceShopper/apple-store/client/components/allapples.spec.js","statementMap":{"0":{"start":{"line":3,"column":17},"end":{"line":3,"column":39}},"1":{"start":{"line":5,"column":12},"end":{"line":5,"column":27}},"2":{"start":{"line":7,"column":14},"end":{"line":7,"column":31}},"3":{"start":{"line":9,"column":15},"end":{"line":9,"column":46}},"4":{"start":{"line":11,"column":26},"end":{"line":11,"column":60}},"5":{"start":{"line":13,"column":27},"end":{"line":13,"column":70}},"6":{"start":{"line":15,"column":13},"end":{"line":15,"column":29}},"7":{"start":{"line":17,"column":14},"end":{"line":17,"column":44}},"8":{"start":{"line":19,"column":39},"end":{"line":19,"column":93}},"9":{"start":{"line":21,"column":14},"end":{"line":21,"column":48}},"10":{"start":{"line":22,"column":0},"end":{"line":22,"column":49}},"11":{"start":{"line":24,"column":0},"end":{"line":48,"column":3}},"12":{"start":{"line":26,"column":2},"end":{"line":47,"column":5}},"13":{"start":{"line":27,"column":20},"end":{"line":38,"column":5}},"14":{"start":{"line":40,"column":4},"end":{"line":42,"column":7}},"15":{"start":{"line":41,"column":6},"end":{"line":41,"column":87}},"16":{"start":{"line":44,"column":4},"end":{"line":46,"column":7}},"17":{"start":{"line":45,"column":6},"end":{"line":45,"column":89}}},"fnMap":{"0":{"name":"_interopRequireDefault","decl":{"start":{"line":19,"column":9},"end":{"line":19,"column":31}},"loc":{"start":{"line":19,"column":37},"end":{"line":19,"column":95}},"line":19},"1":{"name":"(anonymous_1)","decl":{"start":{"line":24,"column":22},"end":{"line":24,"column":23}},"loc":{"start":{"line":24,"column":34},"end":{"line":48,"column":1}},"line":24},"2":{"name":"(anonymous_2)","decl":{"start":{"line":26,"column":36},"end":{"line":26,"column":37}},"loc":{"start":{"line":26,"column":48},"end":{"line":47,"column":3}},"line":26},"3":{"name":"(anonymous_3)","decl":{"start":{"line":40,"column":40},"end":{"line":40,"column":41}},"loc":{"start":{"line":40,"column":52},"end":{"line":42,"column":5}},"line":40},"4":{"name":"(anonymous_4)","decl":{"start":{"line":44,"column":45},"end":{"line":44,"column":46}},"loc":{"start":{"line":44,"column":57},"end":{"line":46,"column":5}},"line":44}},"branchMap":{"0":{"loc":{"start":{"line":19,"column":46},"end":{"line":19,"column":92}},"type":"cond-expr","locations":[{"start":{"line":19,"column":70},"end":{"line":19,"column":73}},{"start":{"line":19,"column":76},"end":{"line":19,"column":92}}],"line":19},"1":{"loc":{"start":{"line":19,"column":46},"end":{"line":19,"column":67}},"type":"binary-expr","locations":[{"start":{"line":19,"column":46},"end":{"line":19,"column":49}},{"start":{"line":19,"column":53},"end":{"line":19,"column":67}}],"line":19}},"s":{"0":1,"1":1,"2":1,"3":1,"4":1,"5":1,"6":1,"7":1,"8":3,"9":1,"10":1,"11":1,"12":1,"13":1,"14":1,"15":0,"16":1,"17":0},"f":{"0":3,"1":1,"2":1,"3":0,"4":0},"b":{"0":[0,3],"1":[3,3]},"_coverageSchema":"332fd63041d2c1bcb487cc26dd0d5f7d97098a6c","hash":"1729de72d2985f33a520d2a454f518d1847ce053","contentHash":"65a65e55c98b79467e6e87d38adb0371_11.4.1"},"/Users/claudia/GraceHopper/Senior/GraceShopper/apple-store/client/components/allapples.js":{"path":"/Users/claudia/GraceHopper/Senior/GraceShopper/apple-store/client/components/allapples.js","statementMap":{"0":{"start":{"line":3,"column":0},"end":{"line":5,"column":3}},"1":{"start":{"line":7,"column":19},"end":{"line":7,"column":563}},"2":{"start":{"line":7,"column":76},"end":{"line":7,"column":347}},"3":{"start":{"line":7,"column":134},"end":{"line":7,"column":142}},"4":{"start":{"line":7,"column":144},"end":{"line":7,"column":199}},"5":{"start":{"line":7,"column":200},"end":{"line":7,"column":231}},"6":{"start":{"line":7,"column":232},"end":{"line":7,"column":286}},"7":{"start":{"line":7,"column":259},"end":{"line":7,"column":286}},"8":{"start":{"line":7,"column":287},"end":{"line":7,"column":345}},"9":{"start":{"line":7,"column":350},"end":{"line":7,"column":559}},"10":{"start":{"line":7,"column":407},"end":{"line":7,"column":475}},"11":{"start":{"line":7,"column":423},"end":{"line":7,"column":475}},"12":{"start":{"line":7,"column":476},"end":{"line":7,"column":536}},"13":{"start":{"line":7,"column":493},"end":{"line":7,"column":536}},"14":{"start":{"line":7,"column":537},"end":{"line":7,"column":556}},"15":{"start":{"line":9,"column":13},"end":{"line":9,"column":29}},"16":{"start":{"line":11,"column":14},"end":{"line":11,"column":44}},"17":{"start":{"line":13,"column":17},"end":{"line":13,"column":38}},"18":{"start":{"line":15,"column":18},"end":{"line":15,"column":52}},"19":{"start":{"line":17,"column":18},"end":{"line":17,"column":40}},"20":{"start":{"line":19,"column":13},"end":{"line":19,"column":32}},"21":{"start":{"line":21,"column":14},"end":{"line":21,"column":44}},"22":{"start":{"line":23,"column":17},"end":{"line":23,"column":39}},"23":{"start":{"line":25,"column":18},"end":{"line":25,"column":52}},"24":{"start":{"line":27,"column":22},"end":{"line":27,"column":49}},"25":{"start":{"line":29,"column":39},"end":{"line":29,"column":93}},"26":{"start":{"line":31,"column":50},"end":{"line":31,"column":151}},"27":{"start":{"line":31,"column":92},"end":{"line":31,"column":149}},"28":{"start":{"line":33,"column":50},"end":{"line":33,"column":151}},"29":{"start":{"line":33,"column":63},"end":{"line":33,"column":149}},"30":{"start":{"line":33,"column":152},"end":{"line":33,"column":238}},"31":{"start":{"line":35,"column":43},"end":{"line":35,"column":208}},"32":{"start":{"line":35,"column":106},"end":{"line":35,"column":206}},"33":{"start":{"line":35,"column":209},"end":{"line":35,"column":373}},"34":{"start":{"line":35,"column":374},"end":{"line":35,"column":492}},"35":{"start":{"line":35,"column":390},"end":{"line":35,"column":492}},"36":{"start":{"line":37,"column":16},"end":{"line":102,"column":28}},"37":{"start":{"line":38,"column":2},"end":{"line":38,"column":41}},"38":{"start":{"line":41,"column":4},"end":{"line":41,"column":37}},"39":{"start":{"line":43,"column":4},"end":{"line":43,"column":121}},"40":{"start":{"line":46,"column":2},"end":{"line":99,"column":6}},"41":{"start":{"line":49,"column":6},"end":{"line":49,"column":42}},"42":{"start":{"line":50,"column":6},"end":{"line":50,"column":63}},"43":{"start":{"line":55,"column":19},"end":{"line":55,"column":29}},"44":{"start":{"line":56,"column":19},"end":{"line":56,"column":32}},"45":{"start":{"line":57,"column":20},"end":{"line":57,"column":34}},"46":{"start":{"line":59,"column":21},"end":{"line":59,"column":53}},"47":{"start":{"line":60,"column":6},"end":{"line":60,"column":40}},"48":{"start":{"line":61,"column":6},"end":{"line":97,"column":8}},"49":{"start":{"line":80,"column":14},"end":{"line":84,"column":16}},"50":{"start":{"line":101,"column":2},"end":{"line":101,"column":19}},"51":{"start":{"line":104,"column":22},"end":{"line":109,"column":1}},"52":{"start":{"line":105,"column":2},"end":{"line":108,"column":4}},"53":{"start":{"line":111,"column":18},"end":{"line":111,"column":53}},"54":{"start":{"line":113,"column":25},"end":{"line":113,"column":90}},"55":{"start":{"line":114,"column":0},"end":{"line":114,"column":37}}},"fnMap":{"0":{"name":"(anonymous_0)","decl":{"start":{"line":7,"column":19},"end":{"line":7,"column":20}},"loc":{"start":{"line":7,"column":31},"end":{"line":7,"column":561}},"line":7},"1":{"name":"defineProperties","decl":{"start":{"line":7,"column":42},"end":{"line":7,"column":58}},"loc":{"start":{"line":7,"column":74},"end":{"line":7,"column":349}},"line":7},"2":{"name":"(anonymous_2)","decl":{"start":{"line":7,"column":357},"end":{"line":7,"column":358}},"loc":{"start":{"line":7,"column":405},"end":{"line":7,"column":558}},"line":7},"3":{"name":"_interopRequireDefault","decl":{"start":{"line":29,"column":9},"end":{"line":29,"column":31}},"loc":{"start":{"line":29,"column":37},"end":{"line":29,"column":95}},"line":29},"4":{"name":"_classCallCheck","decl":{"start":{"line":31,"column":9},"end":{"line":31,"column":24}},"loc":{"start":{"line":31,"column":48},"end":{"line":31,"column":153}},"line":31},"5":{"name":"_possibleConstructorReturn","decl":{"start":{"line":33,"column":9},"end":{"line":33,"column":35}},"loc":{"start":{"line":33,"column":48},"end":{"line":33,"column":240}},"line":33},"6":{"name":"_inherits","decl":{"start":{"line":35,"column":9},"end":{"line":35,"column":18}},"loc":{"start":{"line":35,"column":41},"end":{"line":35,"column":494}},"line":35},"7":{"name":"(anonymous_7)","decl":{"start":{"line":37,"column":16},"end":{"line":37,"column":17}},"loc":{"start":{"line":37,"column":44},"end":{"line":102,"column":1}},"line":37},"8":{"name":"AllApples","decl":{"start":{"line":40,"column":11},"end":{"line":40,"column":20}},"loc":{"start":{"line":40,"column":28},"end":{"line":44,"column":3}},"line":40},"9":{"name":"componentDidMount","decl":{"start":{"line":48,"column":20},"end":{"line":48,"column":37}},"loc":{"start":{"line":48,"column":40},"end":{"line":51,"column":5}},"line":48},"10":{"name":"render","decl":{"start":{"line":54,"column":20},"end":{"line":54,"column":26}},"loc":{"start":{"line":54,"column":29},"end":{"line":98,"column":5}},"line":54},"11":{"name":"(anonymous_11)","decl":{"start":{"line":79,"column":33},"end":{"line":79,"column":34}},"loc":{"start":{"line":79,"column":50},"end":{"line":85,"column":13}},"line":79},"12":{"name":"mapStateToProps","decl":{"start":{"line":104,"column":31},"end":{"l
[...]
196},"end":{"line":35,"column":222}}],"line":35},"11":{"loc":{"start":{"line":37,"column":43},"end":{"line":37,"column":208}},"type":"if","locations":[{"start":{"line":37,"column":43},"end":{"line":37,"column":208}},{"start":{"line":37,"column":43},"end":{"line":37,"column":208}}],"line":37},"12":{"loc":{"start":{"line":37,"column":47},"end":{"line":37,"column":102}},"type":"binary-expr","locations":[{"start":{"line":37,"column":47},"end":{"line":37,"column":79}},{"start":{"line":37,"column":83},"end":{"line":37,"column":102}}],"line":37},"13":{"loc":{"start":{"line":37,"column":244},"end":{"line":37,"column":278}},"type":"binary-expr","locations":[{"start":{"line":37,"column":244},"end":{"line":37,"column":254}},{"start":{"line":37,"column":258},"end":{"line":37,"column":278}}],"line":37},"14":{"loc":{"start":{"line":37,"column":374},"end":{"line":37,"column":492}},"type":"if","locations":[{"start":{"line":37,"column":374},"end":{"line":37,"column":492}},{"start":{"line":37,"column":374},"end":{"line":37,"column":492}}],"line":37},"15":{"loc":{"start":{"line":37,"column":390},"end":{"line":37,"column":491}},"type":"cond-expr","locations":[{"start":{"line":37,"column":414},"end":{"line":37,"column":457}},{"start":{"line":37,"column":460},"end":{"line":37,"column":491}}],"line":37},"16":{"loc":{"start":{"line":47,"column":54},"end":{"line":47,"column":117}},"type":"binary-expr","locations":[{"start":{"line":47,"column":54},"end":{"line":47,"column":77}},{"start":{"line":47,"column":81},"end":{"line":47,"column":117}}],"line":47}},"s":{"0":1,"1":1,"2":1,"3":4,"4":4,"5":4,"6":4,"7":4,"8":4,"9":1,"10":1,"11":1,"12":1,"13":0,"14":1,"15":1,"16":1,"17":1,"18":1,"19":1,"20":1,"21":1,"22":1,"23":1,"24":1,"25":4,"26":0,"27":0,"28":0,"29":0,"30":0,"31":0,"32":0,"33":0,"34":0,"35":1,"36":0,"37":1,"38":1,"39":1,"40":1,"41":1,"42":0,"43":0,"44":0,"45":0,"46":0,"47":0,"48":1,"49":0,"50":0,"51":0,"52":0,"53":0,"54":0,"55":0,"56":0,"57":0,"58":0,"59":0,"60":0,"61":0,"62":0,"63":1,"64":1,"65":0,"66":1,"67":1,"68":1},"f":{"0":1,"1":1,"2":1,"3":4,"4":0,"5":0,"6":0,"7":1,"8":1,"9":0,"10":0,"11":0,"12":0,"13":0,"14":0,"15":0},"b":{"0":[4,4],"1":[4,0],"2":[1,0],"3":[0,1],"4":[2,2],"5":[4,4],"6":[0,0],"7":[0,0],"8":[0,0],"9":[0,0],"10":[0,0,0],"11":[0,1],"12":[1,0],"13":[1,1],"14":[1,0],"15":[1,0],"16":[0,0]},"_coverageSchema":"332fd63041d2c1bcb487cc26dd0d5f7d97098a6c","hash":"3c53ba2e052ae23ff232c0cb49cd912192b0ace5","contentHash":"45760961fef487e980e2b5691dcfdcc2_11.4.1"},"/Users/claudia/GraceHopper/Senior/GraceShopper/apple-store/client/components/auth-form.spec.js":{"path":"/Users/claudia/GraceHopper/Senior/GraceShopper/apple-store/client/components/auth-form.spec.js","statementMap":{"0":{"start":{"line":3,"column":16},"end":{"line":3,"column":38}},"1":{"start":{"line":5,"column":12},"end":{"line":5,"column":27}},"2":{"start":{"line":7,"column":14},"end":{"line":7,"column":31}},"3":{"start":{"line":9,"column":13},"end":{"line":9,"column":29}},"4":{"start":{"line":11,"column":14},"end":{"line":11,"column":44}},"5":{"start":{"line":13,"column":39},"end":{"line":13,"column":93}},"6":{"start":{"line":15,"column":0},"end":{"line":35,"column":3}},"7":{"start":{"line":16,"column":2},"end":{"line":34,"column":5}},"8":{"start":{"line":17,"column":20},"end":{"line":21,"column":5}},"9":{"start":{"line":23,"column":4},"end":{"line":25,"column":7}},"10":{"start":{"line":24,"column":6},"end":{"line":24,"column":86}},"11":{"start":{"line":27,"column":4},"end":{"line":29,"column":7}},"12":{"start":{"line":28,"column":6},"end":{"line":28,"column":93}},"13":{"start":{"line":31,"column":4},"end":{"line":33,"column":7}},"14":{"start":{"line":32,"column":6},"end":{"line":32,"column":99}}},"fnMap":{"0":{"name":"_interopRequireDefault","decl":{"start":{"line":13,"column":9},"end":{"line":13,"column":31}},"loc":{"start":{"line":13,"column":37},"end":{"line":13,"column":95}},"line":13},"1":{"name":"(anonymous_1)","decl":{"start":{"line":15,"column":21},"end":{"line":15,"column":22}},"loc":{"start":{"line":15,"column":33},"end":{"line":35,"column":1}},"line":15},"2":{"name":"(anonymous_2)","decl":{"start":{"line":16,"column":36},"end":{"line":16,"column":37}},"loc":{"start":{"line":16,"column":48},"end":{"line":34,"column":3}},"line":16},"3":{"name":"(anonymous_3)","decl":{"start":{"line":23,"column":56},"end":{"line":23,"column":57}},"loc":{"start":{"line":23,"column":68},"end":{"line":25,"column":5}},"line":23},"4":{"name":"(anonymous_4)","decl":{"start":{"line":27,"column":63},"end":{"line":27,"column":64}},"loc":{"start":{"line":27,"column":75},"end":{"line":29,"column":5}},"line":27},"5":{"name":"(anonymous_5)","decl":{"start":{"line":31,"column":57},"end":{"line":31,"column":58}},"loc":{"start":{"line":31,"column":69},"end":{"line":33,"column":5}},"line":31}},"branchMap":{"0":{"loc":{"start":{"line":13,"column":46},"end":{"line":13,"column":92}},"type":"cond-expr","locations":[{"start":{"line":13,"column":70},"end":{"line":13,"column":73}},{"start":{"line":13,"column":76},"end":{"line":13,"column":92}}],"line":13},"1":{"loc":{"start":{"line":13,"column":46},"end":{"line":13,"column":67}},"type":"binary-expr","locations":[{"start":{"line":13,"column":46},"end":{"line":13,"column":49}},{"start":{"line":13,"column":53},"end":{"line":13,"column":67}}],"line":13}},"s":{"0":1,"1":1,"2":1,"3":1,"4":1,"5":1,"6":1,"7":1,"8":1,"9":1,"10":0,"11":1,"12":0,"13":1,"14":0},"f":{"0":1,"1":1,"2":1,"3":0,"4":0,"5":0},"b":{"0":[0,1],"1":[1,1]},"_coverageSchema":"332fd63041d2c1bcb487cc26dd0d5f7d97098a6c","hash":"f5aac36a296fa89c394c4ea5a054d841899e1b9b","contentHash":"b28d9aa4375a749c0c9458ed2005cb77_11.4.1"},"/Users/claudia/GraceHopper/Senior/GraceShopper/apple-store/client/components/auth-form.js":{"path":"/Users/claudia/GraceHopper/Senior/GraceShopper/apple-store/client/components/auth-form.js","statementMap":{"0":{"start":{"line":3,"column":0},"end":{"line":5,"column":3}},"1":{"start":{"line":6,"column":0},"end":{"line":6,"column":81}},"2":{"start":{"line":8,"column":13},"end":{"line":8,"column":29}},"3":{"start":{"line":10,"column":14},"end":{"line":10,"column":44}},"4":{"start":{"line":12,"column":18},"end":{"line":12,"column":40}},"5":{"start":{"line":14,"column":17},"end":{"line":14,"column":38}},"6":{"start":{"line":16,"column":18},"end":{"line":16,"column":52}},"7":{"start":{"line":18,"column":13},"end":{"line":18,"column":32}},"8":{"start":{"line":20,"column":39},"end":{"line":20,"column":93}},"9":{"start":{"line":25,"column":15},"end":{"line":118,"column":1}},"10":{"start":{"line":26,"column":13},"end":{"line":26,"column":23}},"11":{"start":{"line":27,"column":20},"end":{"line":27,"column":37}},"12":{"start":{"line":28,"column":21},"end":{"line":28,"column":39}},"13":{"start":{"line":29,"column":14},"end":{"line":29,"column":25}},"14":{"start":{"line":32,"column":2},"end":{"line":117,"column":4}},"15":{"start":{"line":127,"column":15},"end":{"line":133,"column":1}},"16":{"start":{"line":128,"column":2},"end":{"line":132,"column":4}},"17":{"start":{"line":135,"column":16},"end":{"line":141,"column":1}},"18":{"start":{"line":136,"column":2},"end":{"line":140,"column":4}},"19":{"start":{"line":143,"column":24},"end":{"line":157,"column":1}},"20":{"start":{"line":144,"column":2},"end":{"line":156,"column":4}},"21":{"start":{"line":146,"column":6},"end":{"line":146,"column":27}},"22":{"start":{"line":147,"column":21},"end":{"line":147,"column":36}},"23":{"start":{"line":148,"column":20},"end":{"line":153,"column":7}},"24":{"start":{"line":154,"column":6},"end":{"line":154,"column":52}},"25":{"start":{"line":159,"column":23},"end":{"line":171,"column":1}},"26":{"start":{"line":160,"column":2},"end":{"line":170,"column":4}},"27":{"start":{"line":162,"column":6},"end":{"line":162,"column":27}},"28":{"start":{"line":163,"column":21},"end":{"line":163,"column":36}},"29":{"start":{"line":164,"column":20},"end":{"line":167,"column":7}},"30":{"start":{"line":168,"column":6},"end":{"line":168,"column":52}},"31":{"start":{"line":173,"column":12},"end":{"line":173,"column":90}},"32":{"start":{"line":174,"column":13},"end":{"line":174,"column":94}},"33":{"start":{"line":179,"column":0},"end":{"line":184,"column":2}}},"fnMap":{"0":{"name":"_interopRequireDefault","decl":{"start":{"line":20,"column":9},"end":{"line":20,"column":31}},"loc":{"start":{"line":20,"column":37},"end":{"line":20,"column":95}},"line":20},"1":{"name":"AuthForm","decl":{"start":{"line":25,"column":43},"end":{"line":25,"column":51}},"loc":{"start":{"line":25,"column":59},"end":{"line":118,"column":1}},"line":25},"2":{"name":"mapLogin","decl":{"start":{"line":127,"column":43},"end":{"line":127,"column":51}},"loc":{"start":{"line":127,"column":59},"end":{"line":133,"column":1}},"line":127},"3":{"name":"mapSignup","decl":{"start":{"line":135,"column":25},"end":{"line":135,"column":34}},"loc":{"start":{"line":135,"column":42},"end":{"line":141,"column":1}},"line":135},"4":{"name":"mapSignUpDispatch","decl":{"start":{"line":143,"column":33},"end":{"line":143,"column":50}},"loc":{"start":{"line":143,"column":61},"end":{"line":157,"column":1}},"line":143},"5":{"name":"handleSubmit","decl":{"start":{"line":145,"column":27},"end":{"line":145,"column":39}},"loc":{"start":{"line":145,"column":45},"end":{"line":155,"column":5}},"line":145},"6":{"name":"mapLoginDispatch","decl":{"start":{"line":159,"column":32},"end":{"line":159,"column":48}},"loc":{"start":{"line":159,"column":59},"end":{"line":171,"column":1}},"line":159},"7":{"name":"handleSubmit","decl":{"start":{"line":161,"column":27},"end":{"line":161,"column":39}},"loc":{"start":{"line":161,"column":45},"end":{"line":169,"column":5}},"line":161}},"branchMap":{"0":{"loc":{"start":{"line":20,"column":46},"end":{"line":20,"column":92}},"type":"cond-expr","locations":[{"start":{"line":20,"column":70},"end":{"line":20,"column":73}},{"start":{"line":20,"column":76},"end":{"line":20,"column":92}}],"line":20},"1":{"loc":{"start":{"line":20,"column":46},"end":{"line":20,"column":67}},"type":"binary-expr","locations":[{"start":{"line":20,"column":46},"end":{"line":20,"column":49}},{"start":{"line":20,"column":53},"end":{"line":20,"column":67}}],"line":20},"2":{"loc":{"start":{"line":38,"column":6},"end":{"line":51,"column":14}},"type":"cond-expr","locations":[{"start":{"line":38,"column":26},"end":{"line":51,"column":7}},{"start":{"line":51,"column":10},"end":{"line":51,"column":14}}],"line":38},"3":{"loc":{"start":{"line":52,"column":6},"end":{"line":65,"column":14}},"type":"cond-expr","locations":[{"start":{"line":52,"column":26},"end":{"line":65,"column":7}},{"start":{"line":65,"column":10},"end":{"line":65,"column":14}}],"line":52},"4":{"loc":{"start":{"line":103,"column":6},"end":{"line":109,"column":7}},"type":"binary-expr","locations":[{"start":{"line":103,"column":6},"end":{"line":103,"column":11}},{"start":{"line":103,"column":15},"end":{"line":103,"column":29}},{"start":{"line":103,"column":33},"end":{"line":109,"column":7}}],"line":103}},"s":{"0":1,"1":1,"2":1,"3":1,"4":1,"5":1,"6":1,"7":1,"8":2,"9":1,"10":0,"11":0,"12":0,"13":0,"14":0,"15":1,"16":0,"17":1,"18":0,"19":1,"20":0,"21":0,"22":0,"23":0,"24":0,"25":1,"26":0,"27":0,"28":0,"29":0,"30":0,"31":1,"32":1,"33":1},"f":{"0":2,"1":0,"2":0,"3":0,"4":0,"5":0,"6":0,"7":0},"b":{"0":[0,2],"1":[2,2],"2":[0,0],"3":[0,0],"4":[0,0,0]},"_coverageSchema":"332fd63041d2c1bcb487cc26dd0d5f7d97098a6c","hash":"e1ad1daa1ab476214b1b90fe61663e4e431a2edf","contentHash":"1464b18017479c5dd02b02c9b3a381e4_11.4.1"},"/Users/claudia/GraceHopper/Senior/GraceShopper/apple-store/client/components/user-home.spec.js":{"path":"/Users/claudia/GraceHopper/Senior/GraceShopper/apple-store/client/components/user-home.spec.js","statementMap":{"0":{"start":{"line":3,"column":16},"end":{"line":3,"column":38}},"1":{"start":{"line":5,"column":12},"end":{"line":5,"column":27}},"2":{"start":{"line":7,"column":14},"end":{"line":7,"column":31}},"3":{"start":{"line":9,"column":15},"end":{"line":9,"column":46}},"4":{"start":{"line":11,"column":26},"end":{"line":11,"column":60}},"5":{"start":{"line":13,"column":27},"end":{"line":13,"column":70}},"6":{"start":{"line":15,"column":13},"end":{"line":15,"column":29}},"7":{"start":{"line":17,"column":14},"end":{"line":17,"column":44}},"8":{"start":{"line":19,"column":39},"end":{"line":19,"column":93}},"9":{"start":{"line":21,"column":14},"end":{"line":21,"column":48}},"10":{"start":{"line":44,"column":0},"end":{"line":44,"column":49}},"11":{"start":{"line":46,"column":0},"end":{"line":63,"column":3}},"12":{"start":{"line":48,"column":2},"end":{"line":54,"column":5}},"13":{"start":{"line":49,"column":20},"end":{"line":49,"column":56}},"14":{"start":{"line":51,"column":4},"end":{"line":53,"column":7}},"15":{"start":{"line":52,"column":6},"end":{"line":52,"column":95}},"16":{"start":{"line":56,"column":2},"end":{"line":62,"column":5}},"17":{"start":{"line":57,"column":19},"end":{"line":57,"column":121}},"18":{"start":{"line":59,"column":4},"end":{"line":61,"column":7}},"19":{"start":{"line":60,"column":6},"end":{"line":60,"column":93}}},"fnMap":{"0":{"name":"_interopRequireDefault","decl":{"start":{"line":19,"column":9},"end":{"line":19,"column":31}},"loc":{"start":{"line":19,"column":37},"end":{"line":19,"column":95}},"line":19},"1":{"name":"(anonymous_1)","decl":{"start":{"line":46,"column":21},"end":{"line":46,"column":22}},"loc":{"start":{"line":46,"column":33},"end":{"line":63,"column":1}},"line":46},"2":{"name":"(anonymous_2)","decl":{"start":{"line":48,"column":36},"end":{"line":48,"column":37}},"loc":{"start":{"line":48,"column":48},"end":{"line":54,"column":3}},"line":48},"3":{"name":"(anonymous_3)","decl":{"start":{"line":51,"column":40},"end":{"line":51,"column":41}},"loc":{"start":{"line":51,"column":52},"end":{"line":53,"column":5}},"line":51},"4":{"name":"(anonymous_4)","decl":{"start":{"line":56,"column":34},"end":{"line":56,"column":35}},"loc":{"start":{"line":56,"column":46},"end":{"line":62,"column":3}},"line":56},"5":{"name":"(anonymous_5)","decl":{"start":{"line":59,"column":59},"end":{"line":59,"column":60}},"loc":{"start":{"line":59,"column":71},"end":{"line":61,"column":5}},"line":59}},"branchMap":{"0":{"loc":{"start":{"line":19,"column":46},"end":{"line":19,"column":92}},"type":"cond-expr","locations":[{"start":{"line":19,"column":70},"end":{"line":19,"column":73}},{"start":{"line":19,"column":76},"end":{"line":19,"column":92}}],"line":19},"1":{"loc":{"start":{"line":19,"column":46},"end":{"line":19,"column":67}},"type":"binary-expr","locations":[{"start":{"line":19,"column":46},"end":{"line":19,"column":49}},{"start":{"line":19,"column":53},"end":{"line":19,"column":67}}],"line":19}},"s":{"0":1,"1":1,"2":1,"3":1,"4":1,"5":1,"6":1,"7":1,"8":3,"9":1,"10":1,"11":1,"12":1,"13":1,"14":1,"15":0,"16":1,"17":1,"18":0,"19":0},"f":{"0":3,"1":1,"2":1,"3":0,"4":1,"5":0},"b":{"0":[0,3],"1":[3,3]},"_coverageSchema":"332fd63041d2c1bcb487cc26dd0d5f7d97098a6c","hash":"f8fcc1c14e25a5c1ed94b58e2c23bd9ac6c83b3e","contentHash":"7a97a22ab995474214b6b8f23e73b6eb_11.4.1"},"/Users/claudia/GraceHopper/Senior/GraceShopper/apple-store/client/components/user-home.js":{"path":"/Users/claudia/GraceHopper/Senior/GraceShopper/apple-store/client/components/user-home.js","statementMap":{"0":{"start":{"line":3,"column":0},"end":{"line":5,"column":3}},"1":{"start":{"line":6,"column":0},"end":{"line":6,"column":29}},"2":{"start":{"line":8,"column":13},"end":{"line":8,"column":29}},"3":{"start":{"line":10,"column":14},"end":{"line":10,"column":44}},"4":{"start":{"line":12,"column":17},"end":{"line":12,"column":38}},"5":{"start":{"line":14,"column":18},"end":{"line":14,"column":52}},"6":{"start":{"line":16,"column":18},"end":{"line":16,"column":40}},"7":{"start":{"line":18,"column":19},"end":{"line":18,"column":44}},"8":{"start":{"line":20,"column":20},"end":{"line":20,"column":56}},"9":{"start":{"line":22,"column":39},"end":{"line":22,"column":93}},"10":{"start":{"line":27,"column":15},"end":{"line":42,"column":1}},"11":{"start":{"line":28,"column":14},"end":{"line":28,"column":25}},"12":{"start":{"line":31,"column":2},"end":{"line":41,"column":4}},"13":{"start":{"line":47,"column":15},"end":{"line":51,"column":1}},"14":{"start":{"line":48,"column":2},"end":{"line":50,"column":4}},"15":{"start":{"line":53,"column":0},"end":{"line":53,"column":69}},"16":{"start":{"line":59,"column":0},"end":{"line":61,"column":2}}},"fnMap":{"0":{"name":"_interopRequireDefault","decl":{"start":{"line":22,"column":9},"end":{"line":22,"column":31}},"loc":{"start":{"line":22,"column":37},"end":{"line":22,"column":95}},"line":22},"1":{"name":"UserHome","decl":{"start":{"line":27,"column":24},"end":{"line":27,"column":32}},"loc":{"start":{"line":27,"column":40},"end":{"line":42,"column":1}},"line":27},"2":{"name":"mapState","decl":{"start":{"line":47,"column":43},"end":{"line":47,"column":51}},"loc":{"start":{"line":47,"column":59},"end":{"line":51,"column":1}},"line":47}},"branchMap":{"0":{"loc":{"start":{"line":22,"column":46},"end":{"line":22,"column":92}},"type":"cond-expr","locations":[{"start":{"line":22,"column":70},"end":{"line":22,"column":73}},{"start":{"line":22,"column":76},"end":{"line":22,"column":92}}],"line":22},"1":{"loc":{"start":{"line":22,"column":46},"end":{"line":22,"column":67}},"type":"binary-expr","locations":[{"start":{"line":22,"column":46},"end":{"line":22,"column":49}},{"start":{"line":22,"column":53},"end":{"line":22,"column":67}}],"line":22}},"s":{"0":1,"1":1,"2":1,"3":1,"4":1,"5":1,"6":1,"7":1,"8":1,"9":3,"10":1,"11":0,"12":0,"13":1,"14":0,"15":1,"16":1},"f":{"0":3,"1":0,"2":0},"b":{"0":[1,2],"1":[3,3]},"_coverageSchema":"332fd63041d2c1bcb487cc26dd0d5f7d97098a6c","hash":"1f457a4755fbc081936cb866646a2aba1006fe1e","contentHash":"0fd55a72e17bec105737876ba8f8bd0a_11.4.1"},"/Users/claudia/GraceHopper/Senior/GraceShopper/apple-store/client/components/visitor-home.js":{"path":"/Users/claudia/GraceHopper/Senior/GraceShopper/apple-store/client/components/visitor-home.js","statementMap":{"0":{"start":{"line":3,"column":0},"end":{"line":5,"column":3}},"1":{"start":{"line":6,"column":0},"end":{"line":6,"column":30}},"2":{"start":{"line":8,"column":13},"end":{"line":8,"column":29}},"3":{"start":{"line":10,"column":14},"end":{"line":10,"column":44}},"4":{"start":{"line":12,"column":22},"end":{"line":12,"column":49}},"5":{"start":{"line":14,"column":18},"end":{"line":14,"column":40}},"6":{"start":{"line":16,"column":17},"end":{"line":16,"column":38}},"7":{"start":{"line":18,"column":18},"end":{"line":18,"column":52}},"8":{"start":{"line":20,"column":13},"end":{"line":20,"column":32}},"9":{"start":{"line":22,"column":14},"end":{"line":22,"column":44}},"10":{"start":{"line":24,"column":39},"end":{"line":24,"column":93}},"11":{"start":{"line":30,"column":2},"end":{"line":47,"column":4}}},"fnMap":{"0":{"name":"_interopRequireDefault","decl":{"start":{"line":24,"column":9},"end":{"line":24,"column":31}},"loc":{"start":{"line":24,"column":37},"end":{"line":24,"column":95}},"line":24},"1":{"name":"VisitorHome","decl":{"start":{"line":29,"column":9},"end":{"line":29,"column":20}},"loc":{"start":{"line":29,"column":23},"end":{"line":48,"column":1}},"line":29}},"branchMap":{"0":{"loc":{"start":{"line":24,"column":46},"end":{"line":24,"column":92}},"type":"cond-expr","locations":[{"start":{"line":24,"column":70},"end":{"line":24,"column":73}},{"start":{"line":24,"column":76},"end":{"line":24,"column":92}}],"line":24},"1":{"loc":{"start":{"line":24,"column":46},"end":{"line":24,"column":67}},"type":"binary-expr","locations":[{"start":{"line":24,"column":46},"end":{"line":24,"column":49}},{"start":{"line":24,"column":53},"end":{"line":24,"column":67}}],"line":24}},"s":{"0":1,"1":1,"2":1,"3":1,"4":1,"5":1,"6":1,"7":1,"8":1,"9":1,"10":3,"11":0},"f":{"0":3,"1":0},"b":{"0":[1,2],"1":[3,3]},"_coverageSchema":"332fd63041d2c1bcb487cc26dd0d5f7d97098a6c","hash":"a00ff2e18f3fe721e11bd34bd2c9f09f15eecd63","contentHash":"304e6859c8eed7981b44beb14ae3ece0_11.4.1"}}