{"/Users/Brittany/Documents/Coding/Senior-Phase/apple-store/server/api/users.spec.js":{"path":"/Users/Brittany/Documents/Coding/Senior-Phase/apple-store/server/api/users.spec.js","statementMap":{"0":{"start":{"line":5,"column":15},"end":{"line":5,"column":30}},"1":{"start":{"line":6,"column":13},"end":{"line":6,"column":28}},"2":{"start":{"line":8,"column":14},"end":{"line":8,"column":34}},"3":{"start":{"line":9,"column":9},"end":{"line":9,"column":25}},"4":{"start":{"line":10,"column":10},"end":{"line":10,"column":29}},"5":{"start":{"line":11,"column":11},"end":{"line":11,"column":27}},"6":{"start":{"line":13,"column":0},"end":{"line":34,"column":3}},"7":{"start":{"line":14,"column":2},"end":{"line":16,"column":5}},"8":{"start":{"line":15,"column":4},"end":{"line":15,"column":36}},"9":{"start":{"line":18,"column":2},"end":{"line":33,"column":5}},"10":{"start":{"line":19,"column":21},"end":{"line":19,"column":41}},"11":{"start":{"line":21,"column":4},"end":{"line":25,"column":7}},"12":{"start":{"line":22,"column":6},"end":{"line":24,"column":9}},"13":{"start":{"line":27,"column":4},"end":{"line":32,"column":7}},"14":{"start":{"line":28,"column":6},"end":{"line":31,"column":9}},"15":{"start":{"line":29,"column":8},"end":{"line":29,"column":43}},"16":{"start":{"line":30,"column":8},"end":{"line":30,"column":58}}},"fnMap":{"0":{"name":"(anonymous_0)","decl":{"start":{"line":13,"column":24},"end":{"line":13,"column":25}},"loc":{"start":{"line":13,"column":36},"end":{"line":34,"column":1}},"line":13},"1":{"name":"(anonymous_1)","decl":{"start":{"line":14,"column":13},"end":{"line":14,"column":14}},"loc":{"start":{"line":14,"column":25},"end":{"line":16,"column":3}},"line":14},"2":{"name":"(anonymous_2)","decl":{"start":{"line":18,"column":26},"end":{"line":18,"column":27}},"loc":{"start":{"line":18,"column":38},"end":{"line":33,"column":3}},"line":18},"3":{"name":"(anonymous_3)","decl":{"start":{"line":21,"column":15},"end":{"line":21,"column":16}},"loc":{"start":{"line":21,"column":27},"end":{"line":25,"column":5}},"line":21},"4":{"name":"(anonymous_4)","decl":{"start":{"line":27,"column":25},"end":{"line":27,"column":26}},"loc":{"start":{"line":27,"column":37},"end":{"line":32,"column":5}},"line":27},"5":{"name":"(anonymous_5)","decl":{"start":{"line":28,"column":61},"end":{"line":28,"column":62}},"loc":{"start":{"line":28,"column":76},"end":{"line":31,"column":7}},"line":28}},"branchMap":{},"s":{"0":1,"1":1,"2":1,"3":1,"4":1,"5":1,"6":1,"7":1,"8":1,"9":1,"10":1,"11":1,"12":1,"13":1,"14":1,"15":1,"16":1},"f":{"0":1,"1":1,"2":1,"3":1,"4":1,"5":1},"b":{},"_coverageSchema":"332fd63041d2c1bcb487cc26dd0d5f7d97098a6c","hash":"e559d0f0184da6588d00e82a45141c2875c627ef","contentHash":"1c2d8180142f823c049a8001c1080519_11.4.1"},"/Users/Brittany/Documents/Coding/Senior-Phase/apple-store/server/db/index.js":{"path":"/Users/Brittany/Documents/Coding/Senior-Phase/apple-store/server/db/index.js","statementMap":{"0":{"start":{"line":3,"column":9},"end":{"line":3,"column":24}},"1":{"start":{"line":6,"column":0},"end":{"line":6,"column":20}},"2":{"start":{"line":8,"column":0},"end":{"line":8,"column":20}}},"fnMap":{},"branchMap":{},"s":{"0":1,"1":1,"2":1},"f":{},"b":{},"_coverageSchema":"332fd63041d2c1bcb487cc26dd0d5f7d97098a6c","hash":"09a34516ff6417e36dffabb3f04a98acbb78b4c7","contentHash":"b8f05916133453d0e16d55b790990ca3_11.4.1"},"/Users/Brittany/Documents/Coding/Senior-Phase/apple-store/server/db/db.js":{"path":"/Users/Brittany/Documents/Coding/Senior-Phase/apple-store/server/db/db.js","statementMap":{"0":{"start":{"line":3,"column":16},"end":{"line":3,"column":36}},"1":{"start":{"line":4,"column":10},"end":{"line":4,"column":39}},"2":{"start":{"line":6,"column":19},"end":{"line":6,"column":78}},"3":{"start":{"line":8,"column":9},"end":{"line":10,"column":2}},"4":{"start":{"line":11,"column":0},"end":{"line":11,"column":20}}},"fnMap":{},"branchMap":{"0":{"loc":{"start":{"line":6,"column":31},"end":{"line":6,"column":77}},"type":"cond-expr","locations":[{"start":{"line":6,"column":65},"end":{"line":6,"column":72}},{"start":{"line":6,"column":75},"end":{"line":6,"column":77}}],"line":6},"1":{"loc":{"start":{"line":8,"column":23},"end":{"line":8,"column":94}},"type":"binary-expr","locations":[{"start":{"line":8,"column":23},"end":{"line":8,"column":47}},{"start":{"line":8,"column":51},"end":{"line":8,"column":94}}],"line":8}},"s":{"0":1,"1":1,"2":1,"3":1,"4":1},"f":{},"b":{"0":[1,0],"1":[1,1]},"_coverageSchema":"332fd63041d2c1bcb487cc26dd0d5f7d97098a6c","hash":"c6f1361f9c71236649ae05032e2b5002420ec9c2","contentHash":"b7a374f4aaf7ab108b101a074954b71e_11.4.1"},"/Users/Brittany/Documents/Coding/Senior-Phase/apple-store/server/db/models/index.js":{"path":"/Users/Brittany/Documents/Coding/Senior-Phase/apple-store/server/db/models/index.js","statementMap":{"0":{"start":{"line":3,"column":11},"end":{"line":3,"column":28}},"1":{"start":{"line":4,"column":12},"end":{"line":4,"column":30}},"2":{"start":{"line":5,"column":12},"end":{"line":5,"column":30}},"3":{"start":{"line":6,"column":13},"end":{"line":6,"column":32}},"4":{"start":{"line":7,"column":15},"end":{"line":7,"column":36}},"5":{"start":{"line":23,"column":0},"end":{"line":23,"column":20}},"6":{"start":{"line":24,"column":0},"end":{"line":24,"column":21}},"7":{"start":{"line":26,"column":0},"end":{"line":26,"column":22}},"8":{"start":{"line":28,"column":0},"end":{"line":28,"column":22}},"9":{"start":{"line":29,"column":0},"end":{"line":29,"column":50}},"10":{"start":{"line":31,"column":0},"end":{"line":31,"column":24}},"11":{"start":{"line":32,"column":0},"end":{"line":32,"column":23}},"12":{"start":{"line":34,"column":0},"end":{"line":40,"column":2}}},"fnMap":{},"branchMap":{},"s":{"0":1,"1":1,"2":1,"3":1,"4":1,"5":1,"6":1,"7":1,"8":1,"9":1,"10":1,"11":1,"12":1},"f":{},"b":{},"_coverageSchema":"332fd63041d2c1bcb487cc26dd0d5f7d97098a6c","hash":"f3a05851bd29a5773bf7189aa4d929be6dc84e64","contentHash":"b556f56de6f8f3affbb2592c1c3d31c2_11.4.1"},"/Users/Brittany/Documents/Coding/Senior-Phase/apple-store/server/db/models/user.js":{"path":"/Users/Brittany/Documents/Coding/Senior-Phase/apple-store/server/db/models/user.js","statementMap":{"0":{"start":{"line":3,"column":13},"end":{"line":3,"column":30}},"1":{"start":{"line":4,"column":16},"end":{"line":4,"column":36}},"2":{"start":{"line":5,"column":9},"end":{"line":5,"column":25}},"3":{"start":{"line":7,"column":11},"end":{"line":60,"column":2}},"4":{"start":{"line":38,"column":18},"end":{"line":38,"column":22}},"5":{"start":{"line":40,"column":6},"end":{"line":42,"column":8}},"6":{"start":{"line":41,"column":8},"end":{"line":41,"column":46}},"7":{"start":{"line":50,"column":19},"end":{"line":50,"column":23}},"8":{"start":{"line":52,"column":6},"end":{"line":54,"column":8}},"9":{"start":{"line":53,"column":8},"end":{"line":53,"column":43}},"10":{"start":{"line":62,"column":0},"end":{"line":62,"column":22}},"11":{"start":{"line":67,"column":0},"end":{"line":69,"column":2}},"12":{"start":{"line":68,"column":2},"end":{"line":68,"column":77}},"13":{"start":{"line":74,"column":0},"end":{"line":76,"column":2}},"14":{"start":{"line":75,"column":2},"end":{"line":75,"column":51}},"15":{"start":{"line":78,"column":0},"end":{"line":80,"column":2}},"16":{"start":{"line":79,"column":2},"end":{"line":79,"column":86}},"17":{"start":{"line":85,"column":25},"end":{"line":90,"column":1}},"18":{"start":{"line":86,"column":2},"end":{"line":89,"column":3}},"19":{"start":{"line":87,"column":4},"end":{"line":87,"column":36}},"20":{"start":{"line":88,"column":4},"end":{"line":88,"column":71}},"21":{"start":{"line":92,"column":0},"end":{"line":92,"column":38}},"22":{"start":{"line":93,"column":0},"end":{"line":93,"column":38}}},"fnMap":{"0":{"name":"get","decl":{"start":{"line":37,"column":18},"end":{"line":37,"column":21}},"loc":{"start":{"line":37,"column":24},"end":{"line":43,"column":5}},"line":37},"1":{"name":"(anonymous_1)","decl":{"start":{"line":40,"column":13},"end":{"line":40,"column":14}},"loc":{"start":{"line":40,"column":25},"end":{"line":42,"column":7}},"line":40},"2":{"name":"get","decl":{"start":{"line":49,"column":18},"end":{"line":49,"column":21}},"loc":{"start":{"line":49,"column":24},"end":{"line":55,"column":5}},"line":49},"3":{"name":"(anonymous_3)","decl":{"start":{"line":52,"column":13},"end":{"line":52,"column":14}},"loc":{"start":{"line":52,"column":25},"end":{"line":54,"column":7}},"line":52},"4":{"name":"(anonymous_4)","decl":{"start":{"line":67,"column":33},"end":{"line":67,"column":34}},"loc":{"start":{"line":67,"column":57},"end":{"line":69,"column":1}},"line":67},"5":{"name":"(anonymous_5)","decl":{"start":{"line":74,"column":20},"end":{"line":74,"column":21}},"loc":{"start":{"line":74,"column":32},"end":{"line":76,"column":1}},"line":74},"6":{"name":"(anonymous_6)","decl":{"start":{"line":78,"column":23},"end":{"line":78,"column":24}},"loc":{"start":{"line":78,"column":50},"end":{"line":80,"column":1}},"line":78},"7":{"name":"setSaltAndPassword","decl":{"start":{"line":85,"column":34},"end":{"line":85,"column":52}},"loc":{"start":{"line":85,"column":59},"end":{"line":90,"column":1}},"line":85}},"branchMap":{"0":{"loc":{"start":{"line":86,"column":2},"end":{"line":89,"column":3}},"type":"if","locations":[{"start":{"line":86,"column":2},"end":{"line":89,"column":3}},{"start":{"line":86,"column":2},"end":{"line":89,"column":3}}],"line":86}},"s":{"0":1,"1":1,"2":1,"3":1,"4":5,"5":5,"6":4,"7":5,"8":5,"9":4,"10":1,"11":1,"12":2,"13":1,"14":2,"15":1,"16":4,"17":1,"18":3,"19":2,"20":2,"21":1,"22":1},"f":{"0":5,"1":4,"2":5,"3":4,"4":2,"5":2,"6":4,"7":3},"b":{"0":[2,1]},"_coverageSchema":"332fd63041d2c1bcb487cc26dd0d5f7d97098a6c","hash":"a9f907c94c33da2da9a53ff4647696c2d30661d6","contentHash":"0c5ad7c86cc4f61a1fa8434e5a4dc6a6_11.4.1"},"/Users/Brittany/Documents/Coding/Senior-Phase/apple-store/server/db/models/apple.js":{"path":"/Users/Brittany/Documents/Coding/Senior-Phase/apple-store/server/db/models/apple.js","statementMap":{"0":{"start":{"line":3,"column":16},"end":{"line":3,"column":36}},"1":{"start":{"line":4,"column":9},"end":{"line":4,"column":25}},"2":{"start":{"line":6,"column":12},"end":{"line":26,"column":2}},"3":{"start":{"line":28,"column":0},"end":{"line":28,"column":23}}},"fnMap":{},"branchMap":{},"s":{"0":1,"1":1,"2":1,"3":1},"f":{},"b":{},"_coverageSchema":"332fd63041d2c1bcb487cc26dd0d5f7d97098a6c","hash":"d427d0e2eeaa3e95118984040c01c9d0905f0b0f","contentHash":"f77fb60fe7994eb860d52402fd4cb8a8_11.4.1"},"/Users/Brittany/Documents/Coding/Senior-Phase/apple-store/server/db/models/order.js":{"path":"/Users/Brittany/Documents/Coding/Senior-Phase/apple-store/server/db/models/order.js","statementMap":{"0":{"start":{"line":3,"column":16},"end":{"line":3,"column":36}},"1":{"start":{"line":4,"column":9},"end":{"line":4,"column":25}},"2":{"start":{"line":6,"column":12},"end":{"line":13,"column":2}},"3":{"start":{"line":15,"column":0},"end":{"line":15,"column":23}}},"fnMap":{},"branchMap":{},"s":{"0":1,"1":1,"2":1,"3":1},"f":{},"b":{},"_coverageSchema":"332fd63041d2c1bcb487cc26dd0d5f7d97098a6c","hash":"9b76099539554bb910933ec75e8eead1d166949c","contentHash":"34b905371840c2dca42398bdd70cdad2_11.4.1"},"/Users/Brittany/Documents/Coding/Senior-Phase/apple-store/server/db/models/review.js":{"path":"/Users/Brittany/Documents/Coding/Senior-Phase/apple-store/server/db/models/review.js","statementMap":{"0":{"start":{"line":3,"column":16},"end":{"line":3,"column":36}},"1":{"start":{"line":4,"column":9},"end":{"line":4,"column":25}},"2":{"start":{"line":6,"column":13},"end":{"line":17,"column":2}},"3":{"start":{"line":19,"column":0},"end":{"line":19,"column":24}}},"fnMap":{},"branchMap":{},"s":{"0":1,"1":1,"2":1,"3":1},"f":{},"b":{},"_coverageSchema":"332fd63041d2c1bcb487cc26dd0d5f7d97098a6c","hash":"382c12cc5f16097080cca6a2b1f6fc20a662f6b9","contentHash":"e7fb72a4f5f9fd5cdf37478854dbd3c8_11.4.1"},"/Users/Brittany/Documents/Coding/Senior-Phase/apple-store/server/db/models/lineItem.js":{"path":"/Users/Brittany/Documents/Coding/Senior-Phase/apple-store/server/db/models/lineItem.js","statementMap":{"0":{"start":{"line":3,"column":16},"end":{"line":3,"column":36}},"1":{"start":{"line":4,"column":9},"end":{"line":4,"column":25}},"2":{"start":{"line":6,"column":15},"end":{"line":13,"column":2}},"3":{"start":{"line":15,"column":0},"end":{"line":15,"column":26}}},"fnMap":{},"branchMap":{},"s":{"0":1,"1":1,"2":1,"3":1},"f":{},"b":{},"_coverageSchema":"332fd63041d2c1bcb487cc26dd0d5f7d97098a6c","hash":"ec04608c5d44f45713feb6ae1e5d4d774bcacefc","contentHash":"31e4f7b73e4568c9b2e937345419a4bb_11.4.1"},"/Users/Brittany/Documents/Coding/Senior-Phase/apple-store/server/index.js":{"path":"/Users/Brittany/Documents/Coding/Senior-Phase/apple-store/server/index.js","statementMap":{"0":{"start":{"line":3,"column":11},"end":{"line":3,"column":26}},"1":{"start":{"line":4,"column":14},"end":{"line":4,"column":32}},"2":{"start":{"line":5,"column":13},"end":{"line":5,"column":30}},"3":{"start":{"line":6,"column":17},"end":{"line":6,"column":39}},"4":{"start":{"line":7,"column":18},"end":{"line":7,"column":40}},"5":{"start":{"line":8,"column":14},"end":{"line":8,"column":40}},"6":{"start":{"line":9,"column":15},"end":{"line":9,"column":34}},"7":{"start":{"line":10,"column":21},"end":{"line":10,"column":72}},"8":{"start":{"line":11,"column":9},"end":{"line":11,"column":24}},"9":{"start":{"line":12,"column":19},"end":{"line":12,"column":49}},"10":{"start":{"line":13,"column":11},"end":{"line":13,"column":35}},"11":{"start":{"line":14,"column":10},"end":{"line":14,"column":19}},"12":{"start":{"line":15,"column":15},"end":{"line":15,"column":35}},"13":{"start":{"line":16,"column":0},"end":{"line":16,"column":21}},"14":{"start":{"line":26,"column":0},"end":{"line":26,"column":65}},"15":{"start":{"line":26,"column":43},"end":{"line":26,"column":65}},"16":{"start":{"line":29,"column":0},"end":{"line":31,"column":3}},"17":{"start":{"line":30,"column":2},"end":{"line":30,"column":29}},"18":{"start":{"line":32,"column":0},"end":{"line":36,"column":3}},"19":{"start":{"line":33,"column":2},"end":{"line":35,"column":17}},"20":{"start":{"line":34,"column":4},"end":{"line":34,"column":28}},"21":{"start":{"line":38,"column":16},"end":{"line":88,"column":1}},"22":{"start":{"line":40,"column":2},"end":{"line":40,"column":25}},"23":{"start":{"line":43,"column":2},"end":{"line":43,"column":29}},"24":{"start":{"line":44,"column":2},"end":{"line":44,"column":53}},"25":{"start":{"line":47,"column":2},"end":{"line":47,"column":25}},"26":{"start":{"line":50,"column":2},"end":{"line":55,"column":6}},"27":{"start":{"line":56,"column":2},"end":{"line":56,"column":33}},"28":{"start":{"line":57,"column":2},"end":{"line":57,"column":30}},"29":{"start":{"line":60,"column":2},"end":{"line":60,"column":38}},"30":{"start":{"line":61,"column":2},"end":{"line":61,"column":36}},"31":{"start":{"line":64,"column":2},"end":{"line":64,"column":64}},"32":{"start":{"line":67,"column":2},"end":{"line":75,"column":5}},"33":{"start":{"line":68,"column":4},"end":{"line":74,"column":5}},"34":{"start":{"line":69,"column":16},"end":{"line":69,"column":38}},"35":{"start":{"line":70,"column":6},"end":{"line":70,"column":23}},"36":{"start":{"line":71,"column":6},"end":{"line":71,"column":16}},"37":{"start":{"line":73,"column":6},"end":{"line":73,"column":13}},"38":{"start":{"line":78,"column":2},"end":{"line":80,"column":5}},"39":{"start":{"line":79,"column":4},"end":{"line":79,"column":66}},"40":{"start":{"line":83,"column":2},"end":{"line":87,"column":5}},"41":{"start":{"line":84,"column":4},"end":{"line":84,"column":23}},"42":{"start":{"line":85,"column":4},"end":{"line":85,"column":29}},"43":{"start":{"line":86,"column":4},"end":{"line":86,"column":80}},"44":{"start":{"line":90,"column":21},"end":{"line":99,"column":1}},"45":{"start":{"line":92,"column":15},"end":{"line":94,"column":4}},"46":{"start":{"line":93,"column":4},"end":{"line":93,"column":55}},"47":{"start":{"line":97,"column":11},"end":{"line":97,"column":27}},"48":{"start":{"line":98,"column":2},"end":{"line":98,"column":26}},"49":{"start":{"line":101,"column":13},"end":{"line":103,"column":1}},"50":{"start":{"line":102,"column":2},"end":{"line":102,"column":35}},"51":{"start":{"line":109,"column":0},"end":{"line":113,"column":1}},"52":{"start":{"line":110,"column":2},"end":{"line":110,"column":72}},"53":{"start":{"line":112,"column":2},"end":{"line":112,"column":14}}},"fnMap":{"0":{"name":"(anonymous_0)","decl":{"start":{"line":29,"column":23},"end":{"line":29,"column":24}},"loc":{"start":{"line":29,"column":45},"end":{"line":31,"column":1}},"line":29},"1":{"name":"(anonymous_1)","decl":{"start":{"line":32,"column":25},"end":{"line":32,"column":26}},"loc":{"start":{"line":32,"column":45},"end":{"line":36,"column":1}},"line":32},"2":{"name":"(anonymous_2)","decl":{"start":{"line":33,"column":42},"end":{"line":33,"column":43}},"loc":{"start":{"line":33,"column":58},"end":{"line":35,"column":3}},"line":33},"3":{"name":"createApp","decl":{"start":{"line":38,"column":25},"end":{"line":38,"column":34}},"loc":{"start":{"line":38,"column":37},"end":{"line":88,"column":1}},"line":38},"4":{"name":"(anonymous_4)","decl":{"start":{"line":67,"column":10},"end":{"line":67,"column":11}},"loc":{"start":{"line":67,"column":36},"end":{"line":75,"column":3}},"line":67},"5":{"name":"(anonymous_5)","decl":{"start":{"line":78,"column":15},"end":{"line":78,"column":16}},"loc":{"start":{"line":78,"column":35},"end":{"line":80,"column":3}},"line":78},"6":{"name":"(anonymous_6)","decl":{"start":{"line":83,"column":10},"end":{"line":83,"column":11}},"loc":{"start":{"line":83,"column":41},"end":{"line":87,"column":3}},"line":83},"7":{"name":"startListening","decl":{"start":{"line":90,"column":30},"end":{"line":90,"column":44}},"loc":{"start":{"line":90,"column":47},"end":{"line":99,"column":1}},"line":90},"8":{"name":"(anonymous_8)","decl":{"start":{"line":92,"column":32},"end":{"line":92,"column":33}},"loc":{"start":{"line":92,"column":44},"end":{"line":94,"column":3}},"line":92},"9":{"name":"syncDb","decl":{"start":{"line":101,"column":22},"end":{"line":101,"column":28}},"loc":{"start":{"line":101,"column":31},"end":{"line":103,"column":1}},"line":101}},"branchMap":{"0":{"loc":{"start":{"line":13,"column":11},"end":{"line":13,"column":35}},"type":"binary-expr","locations":[{"start":{"line":13,"column":11},"end":{"line":13,"column":27}},{"start":{"line":13,"column":31},"end":{"line":13,"column":35}}],"line":13},"1":{"loc":{"start":{"line":26,"column":0},"end":{"line":26,"column":65}},"type":"if","locations":[{"start":{"line":26,"column":0},"end":{"line":26,"column":65}},{"start":{"line":26,"column":0},"end":{"line":26,"column":65}}],"line":26},"2":{"loc":{"start":{"line":51,"column":12},"end":{"line":51,"column":66}},"type":"binary-expr","locations":[{"start":{"line":51,"column":12},"end":{"line":51,"column":38}},{"start":{"line":51,"column":42},"end":{"line":51,"column":66}}],"line":51},"3":{"loc":{"start":{"line":68,"column":4},"end":{"line":74,"column":5}},"type":"if","locations":[{"start":{"line":68,"column":4},"end":{"line":74,"column":5}},{"start":{"line":68,"column":4},"end":{"line":74,"column":5}}],"line":68},"4":{"loc":{"start":{"line":86,"column":15},"end":{"line":86,"column":32}},"type":"binary-expr","locations":[{"start":{"line":86,"column":15},"end":{"line":86,"column":25}},{"start":{"line":86,"column":29},"end":{"line":86,"column":32}}],"line":86},"5":{"loc":{"start":{"line":86,"column":39},"end":{"line":86,"column":78}},"type":"binary-expr","locations":[{"start":{"line":86,"column":39},"end":{"line":86,"column":50}},{"start":{"line":86,"column":54},"end":{"line":86,"column":78}}],"line":86},"6":{"loc":{"start":{"line":109,"column":0},"end":{"line":113,"column":1}},"type":"if","locations":[{"start":{"line":109,"column":0},"end":{"line":113,"column":1}},{"start":{"line":109,"column":0},"end":{"line":113,"column":1}}],"line":109}},"s":{"0":1,"1":1,"2":1,"3":1,"4":1,"5":1,"6":1,"7":1,"8":1,"9":1,"10":1,"11":1,"12":1,"13":1,"14":1,"15":1,"16":1,"17":0,"18":1,"19":0,"20":0,"21":1,"22":1,"23":1,"24":1,"25":1,"26":1,"27":1,"28":1,"29":1,"30":1,"31":1,"32":1,"33":0,"34":0,"35":0,"36":0,"37":0,"38":1,"39":0,"40":1,"41":0,"42":0,"43":0,"44":1,"45":0,"46":0,"47":0,"48":0,"49":1,"50":0,"51":1,"52":0,"53":1},"f":{"0":0,"1":0,"2":0,"3":1,"4":0,"5":0,"6":0,"7":0,"8":0,"9":0},"b":{"0":[1,1],"1":[1,0],"2":[1,1],"3":[0,0],"4":[0,0],"5":[0,0],"6":[0,1]},"_coverageSchema":"332fd63041d2c1bcb487cc26dd0d5f7d97098a6c","hash":"8cd160405caed2fe981506d5236ff2ea55dad512","contentHash":"fdd141aaf6aba4e41cc96bd4076cfd02_11.4.1"},"/Users/Brittany/Documents/Coding/Senior-Phase/apple-store/secrets.js":{"path":"/Users/Brittany/Documents/Coding/Senior-Phase/apple-store/secrets.js","statementMap":{},"fnMap":{},"branchMap":{},"s":{},"f":{},"b":{},"_coverageSchema":"332fd63041d2c1bcb487cc26dd0d5f7d97098a6c","hash":"e6dc05f7d57e48fe17f4ed1333e6d71b59bacaaf","contentHash":"7407a4db88d1688e9109ab73f1a189bc_11.4.1"},"/Users/Brittany/Documents/Coding/Senior-Phase/apple-store/server/auth/index.js":{"path":"/Users/Brittany/Documents/Coding/Senior-Phase/apple-store/server/auth/index.js","statementMap":{"0":{"start":{"line":3,"column":13},"end":{"line":3,"column":40}},"1":{"start":{"line":4,"column":11},"end":{"line":4,"column":39}},"2":{"start":{"line":5,"column":0},"end":{"line":5,"column":24}},"3":{"start":{"line":7,"column":0},"end":{"line":19,"column":3}},"4":{"start":{"line":8,"column":2},"end":{"line":18,"column":17}},"5":{"start":{"line":9,"column":4},"end":{"line":17,"column":5}},"6":{"start":{"line":10,"column":6},"end":{"line":10,"column":45}},"7":{"start":{"line":11,"column":11},"end":{"line":17,"column":5}},"8":{"start":{"line":12,"column":6},"end":{"line":12,"column":49}},"9":{"start":{"line":14,"column":6},"end":{"line":16,"column":9}},"10":{"start":{"line":15,"column":8},"end":{"line":15,"column":48}},"11":{"start":{"line":21,"column":0},"end":{"line":33,"column":3}},"12":{"start":{"line":22,"column":2},"end":{"line":32,"column":5}},"13":{"start":{"line":23,"column":4},"end":{"line":25,"column":7}},"14":{"start":{"line":24,"column":6},"end":{"line":24,"column":46}},"15":{"start":{"line":27,"column":4},"end":{"line":31,"column":5}},"16":{"start":{"line":28,"column":6},"end":{"line":28,"column":50}},"17":{"start":{"line":30,"column":6},"end":{"line":30,"column":16}},"18":{"start":{"line":35,"column":0},"end":{"line":39,"column":3}},"19":{"start":{"line":36,"column":2},"end":{"line":36,"column":15}},"20":{"start":{"line":37,"column":2},"end":{"line":37,"column":24}},"21":{"start":{"line":38,"column":2},"end":{"line":38,"column":20}},"22":{"start":{"line":41,"column":0},"end":{"line":43,"column":3}},"23":{"start":{"line":42,"column":2},"end":{"line":42,"column":21}},"24":{"start":{"line":45,"column":0},"end":{"line":45,"column":43}}},"fnMap":{"0":{"name":"(anonymous_0)","decl":{"start":{"line":7,"column":22},"end":{"line":7,"column":23}},"loc":{"start":{"line":7,"column":48},"end":{"line":19,"column":1}},"line":7},"1":{"name":"(anonymous_1)","decl":{"start":{"line":8,"column":58},"end":{"line":8,"column":59}},"loc":{"start":{"line":8,"column":74},"end":{"line":18,"column":3}},"line":8},"2":{"name":"(anonymous_2)","decl":{"start":{"line":14,"column":22},"end":{"line":14,"column":23}},"loc":{"start":{"line":14,"column":37},"end":{"line":16,"column":7}},"line":14},"3":{"name":"(anonymous_3)","decl":{"start":{"line":21,"column":23},"end":{"line":21,"column":24}},"loc":{"start":{"line":21,"column":49},"end":{"line":33,"column":1}},"line":21},"4":{"name":"(anonymous_4)","decl":{"start":{"line":22,"column":29},"end":{"line":22,"column":30}},"loc":{"start":{"line":22,"column":45},"end":{"line":26,"column":3}},"line":22},"5":{"name":"(anonymous_5)","decl":{"start":{"line":23,"column":20},"end":{"line":23,"column":21}},"loc":{"start":{"line":23,"column":35},"end":{"line":25,"column":5}},"line":23},"6":{"name":"(anonymous_6)","decl":{"start":{"line":26,"column":11},"end":{"line":26,"column":12}},"loc":{"start":{"line":26,"column":26},"end":{"line":32,"column":3}},"line":26},"7":{"name":"(anonymous_7)","decl":{"start":{"line":35,"column":23},"end":{"line":35,"column":24}},"loc":{"start":{"line":35,"column":43},"end":{"line":39,"column":1}},"line":35},"8":{"name":"(anonymous_8)","decl":{"start":{"line":41,"column":18},"end":{"line":41,"column":19}},"loc":{"start":{"line":41,"column":38},"end":{"line":43,"column":1}},"line":41}},"branchMap":{"0":{"loc":{"start":{"line":9,"column":4},"end":{"line":17,"column":5}},"type":"if","locations":[{"start":{"line":9,"column":4},"end":{"line":17,"column":5}},{"start":{"line":9,"column":4},"end":{"line":17,"column":5}}],"line":9},"1":{"loc":{"start":{"line":11,"column":11},"end":{"line":17,"column":5}},"type":"if","locations":[{"start":{"line":11,"column":11},"end":{"line":17,"column":5}},{"start":{"line":11,"column":11},"end":{"line":17,"column":5}}],"line":11},"2":{"loc":{"start":{"line":15,"column":15},"end":{"line":15,"column":47}},"type":"cond-expr","locations":[{"start":{"line":15,"column":21},"end":{"line":15,"column":30}},{"start":{"line":15,"column":33},"end":{"line":15,"column":47}}],"line":15},"3":{"loc":{"start":{"line":24,"column":13},"end":{"line":24,"column":45}},"type":"cond-expr","locations":[{"start":{"line":24,"column":19},"end":{"line":24,"column":28}},{"start":{"line":24,"column":31},"end":{"line":24,"column":45}}],"line":24},"4":{"loc":{"start":{"line":27,"column":4},"end":{"line":31,"column":5}},"type":"if","locations":[{"start":{"line":27,"column":4},"end":{"line":31,"column":5}},{"start":{"line":27,"column":4},"end":{"line":31,"column":5}}],"line":27}},"s":{"0":1,"1":1,"2":1,"3":1,"4":0,"5":0,"6":0,"7":0,"8":0,"9":0,"10":0,"11":1,"12":0,"13":0,"14":0,"15":0,"16":0,"17":0,"18":1,"19":0,"20":0,"21":0,"22":1,"23":0,"24":1},"f":{"0":0,"1":0,"2":0,"3":0,"4":0,"5":0,"6":0,"7":0,"8":0},"b":{"0":[0,0],"1":[0,0],"2":[0,0],"3":[0,0],"4":[0,0]},"_coverageSchema":"332fd63041d2c1bcb487cc26dd0d5f7d97098a6c","hash":"49d27c2666ef28be58eb9960755d45feef49de3a","contentHash":"4cfd29d26ba54321e8754186cc3413ae_11.4.1"},"/Users/Brittany/Documents/Coding/Senior-Phase/apple-store/server/auth/google.js":{"path":"/Users/Brittany/Documents/Coding/Senior-Phase/apple-store/server/auth/google.js","statementMap":{"0":{"start":{"line":3,"column":15},"end":{"line":3,"column":34}},"1":{"start":{"line":4,"column":13},"end":{"line":4,"column":40}},"2":{"start":{"line":5,"column":21},"end":{"line":5,"column":68}},"3":{"start":{"line":7,"column":15},"end":{"line":7,"column":38}},"4":{"start":{"line":8,"column":11},"end":{"line":8,"column":24}},"5":{"start":{"line":10,"column":0},"end":{"line":10,"column":24}},"6":{"start":{"line":26,"column":0},"end":{"line":57,"column":1}},"7":{"start":{"line":28,"column":2},"end":{"line":28,"column":77}},"8":{"start":{"line":31,"column":21},"end":{"line":35,"column":3}},"9":{"start":{"line":37,"column":17},"end":{"line":47,"column":4}},"10":{"start":{"line":38,"column":19},"end":{"line":38,"column":29}},"11":{"start":{"line":39,"column":15},"end":{"line":39,"column":34}},"12":{"start":{"line":40,"column":16},"end":{"line":40,"column":39}},"13":{"start":{"line":42,"column":4},"end":{"line":46,"column":19}},"14":{"start":{"line":43,"column":6},"end":{"line":45,"column":9}},"15":{"start":{"line":44,"column":8},"end":{"line":44,"column":39}},"16":{"start":{"line":49,"column":2},"end":{"line":49,"column":25}},"17":{"start":{"line":51,"column":2},"end":{"line":51,"column":71}},"18":{"start":{"line":53,"column":2},"end":{"line":56,"column":6}}},"fnMap":{"0":{"name":"(anonymous_0)","decl":{"start":{"line":37,"column":50},"end":{"line":37,"column":51}},"loc":{"start":{"line":37,"column":96},"end":{"line":47,"column":3}},"line":37},"1":{"name":"(anonymous_1)","decl":{"start":{"line":42,"column":54},"end":{"line":42,"column":55}},"loc":{"start":{"line":42,"column":75},"end":{"line":46,"column":5}},"line":42},"2":{"name":"(anonymous_2)","decl":{"start":{"line":43,"column":116},"end":{"line":43,"column":117}},"loc":{"start":{"line":43,"column":139},"end":{"line":45,"column":7}},"line":43}},"branchMap":{"0":{"loc":{"start":{"line":26,"column":0},"end":{"line":57,"column":1}},"type":"if","locations":[{"start":{"line":26,"column":0},"end":{"line":57,"column":1}},{"start":{"line":26,"column":0},"end":{"line":57,"column":1}}],"line":26},"1":{"loc":{"start":{"line":26,"column":4},"end":{"line":26,"column":70}},"type":"binary-expr","locations":[{"start":{"line":26,"column":4},"end":{"line":26,"column":33}},{"start":{"line":26,"column":37},"end":{"line":26,"column":70}}],"line":26},"2":{"loc":{"start":{"line":43,"column":13},"end":{"line":45,"column":8}},"type":"cond-expr","locations":[{"start":{"line":43,"column":25},"end":{"line":43,"column":46}},{"start":{"line":43,"column":49},"end":{"line":45,"column":8}}],"line":43}},"s":{"0":1,"1":1,"2":1,"3":1,"4":1,"5":1,"6":1,"7":1,"8":0,"9":0,"10":0,"11":0,"12":0,"13":0,"14":0,"15":0,"16":0,"17":0,"18":0},"f":{"0":0,"1":0,"2":0},"b":{"0":[1,0],"1":[1,0],"2":[0,0]},"_coverageSchema":"332fd63041d2c1bcb487cc26dd0d5f7d97098a6c","hash":"7b1e3672752a30776e6cda3a8983cf0e15d34195","contentHash":"58e171f2a577f43102c91b54e5c6f7bc_11.4.1"},"/Users/Brittany/Documents/Coding/Senior-Phase/apple-store/server/api/index.js":{"path":"/Users/Brittany/Documents/Coding/Senior-Phase/apple-store/server/api/index.js","statementMap":{"0":{"start":{"line":3,"column":13},"end":{"line":3,"column":40}},"1":{"start":{"line":5,"column":0},"end":{"line":5,"column":41}},"2":{"start":{"line":6,"column":0},"end":{"line":6,"column":43}},"3":{"start":{"line":7,"column":0},"end":{"line":7,"column":43}},"4":{"start":{"line":9,"column":0},"end":{"line":13,"column":3}},"5":{"start":{"line":10,"column":14},"end":{"line":10,"column":36}},"6":{"start":{"line":11,"column":2},"end":{"line":11,"column":21}},"7":{"start":{"line":12,"column":2},"end":{"line":12,"column":14}},"8":{"start":{"line":15,"column":0},"end":{"line":15,"column":24}}},"fnMap":{"0":{"name":"(anonymous_0)","decl":{"start":{"line":9,"column":11},"end":{"line":9,"column":12}},"loc":{"start":{"line":9,"column":37},"end":{"line":13,"column":1}},"line":9}},"branchMap":{},"s":{"0":1,"1":1,"2":1,"3":1,"4":1,"5":0,"6":0,"7":0,"8":1},"f":{"0":0},"b":{},"_coverageSchema":"332fd63041d2c1bcb487cc26dd0d5f7d97098a6c","hash":"1db55304bfd65fc051ff1c5673d9074c2d488ba9","contentHash":"e2d6ed0511b48fc3be32f2fdfffd9916_11.4.1"},"/Users/Brittany/Documents/Coding/Senior-Phase/apple-store/server/api/users.js":{"path":"/Users/Brittany/Documents/Coding/Senior-Phase/apple-store/server/api/users.js","statementMap":{"0":{"start":{"line":3,"column":21},"end":{"line":3,"column":663}},"1":{"start":{"line":3,"column":79},"end":{"line":3,"column":81}},"2":{"start":{"line":3,"column":92},"end":{"line":3,"column":96}},"3":{"start":{"line":3,"column":107},"end":{"line":3,"column":112}},"4":{"start":{"line":3,"column":123},"end":{"line":3,"column":132}},"5":{"start":{"line":3,"column":134},"end":{"line":3,"column":413}},"6":{"start":{"line":3,"column":140},"end":{"line":3,"column":283}},"7":{"start":{"line":3,"column":226},"end":{"line":3,"column":246}},"8":{"start":{"line":3,"column":247},"end":{"line":3,"column":281}},"9":{"start":{"line":3,"column":275},"end":{"line":3,"column":281}},"10":{"start":{"line":3,"column":300},"end":{"line":3,"column":310}},"11":{"start":{"line":3,"column":311},"end":{"line":3,"column":320}},"12":{"start":{"line":3,"column":333},"end":{"line":3,"column":411}},"13":{"start":{"line":3,"column":339},"end":{"line":3,"column":379}},"14":{"start":{"line":3,"column":364},"end":{"line":3,"column":379}},"15":{"start":{"line":3,"column":392},"end":{"line":3,"column":409}},"16":{"start":{"line":3,"column":400},"end":{"line":3,"column":409}},"17":{"start":{"line":3,"column":414},"end":{"line":3,"column":426}},"18":{"start":{"line":3,"column":429},"end":{"line":3,"column":659}},"19":{"start":{"line":3,"column":456},"end":{"line":3,"column":656}},"20":{"start":{"line":3,"column":482},"end":{"line":3,"column":493}},"21":{"start":{"line":3,"column":501},"end":{"line":3,"column":656}},"22":{"start":{"line":3,"column":539},"end":{"line":3,"column":568}},"23":{"start":{"line":3,"column":578},"end":{"line":3,"column":654}},"24":{"start":{"line":5,"column":13},"end":{"line":5,"column":40}},"25":{"start":{"line":7,"column":15},"end":{"line":7,"column":38}},"26":{"start":{"line":8,"column":11},"end":{"line":8,"column":24}},"27":{"start":{"line":9,"column":12},"end":{"line":9,"column":26}},"28":{"start":{"line":11,"column":16},"end":{"line":11,"column":40}},"29":{"start":{"line":12,"column":16},"end":{"line":12,"column":35}},"30":{"start":{"line":13,"column":17},"end":{"line":13,"column":37}},"31":{"start":{"line":14,"column":14},"end":{"line":14,"column":31}},"32":{"start":{"line":16,"column":0},"end":{"line":16,"column":24}},"33":{"start":{"line":19,"column":0},"end":{"line":28,"column":3}},"34":{"start":{"line":20,"column":2},"end":{"line":27,"column":17}},"35":{"start":{"line":26,"column":4},"end":{"line":26,"column":27}},"36":{"start":{"line":30,"column":0},"end":{"line":39,"column":3}},"37":{"start":{"line":31,"column":15},"end":{"line":31,"column":32}},"38":{"start":{"line":33,"column":2},"end":{"line":38,"column":17}},"39":{"start":{"line":37,"column":4},"end":{"line":37,"column":26}},"40":{"start":{"line":41,"column":0},"end":{"line":55,"column":3}},"41":{"start":{"line":42,"column":15},"end":{"line":42,"column":32}},"42":{"start":{"line":44,"column":2},"end":{"line":54,"column":17}},"43":{"start":{"line":50,"column":16},"end":{"line":50,"column":39}},"44":{"start":{"line":51,"column":22},"end":{"line":51,"column":30}},"45":{"start":{"line":53,"column":4},"end":{"line":53,"column":26}}},"fnMap":{"0":{"name":"(anonymous_0)","decl":{"start":{"line":3,"column":21},"end":{"line":3,"column":22}},"loc":{"start":{"line":3,"column":33},"end":{"line":3,"column":661}},"line":3},"1":{"name":"sliceIterator","decl":{"start":{"line":3,"column":44},"end":{"line":3,"column":57}},"loc":{"start":{"line":3,"column":66},"end":{"line":3,"column":428}},"line":3},"2":{"name":"(anonymous_2)","decl":{"start":{"line":3,"column":436},"end":{"line":3,"column":437}},"loc":{"start":{"line":3,"column":454},"end":{"line":3,"column":658}},"line":3},"3":{"name":"(anonymous_3)","decl":{"start":{"line":19,"column":16},"end":{"line":19,"column":17}},"loc":{"start":{"line":19,"column":42},"end":{"line":28,"column":1}},"line":19},"4":{"name":"(anonymous_4)","decl":{"start":{"line":25,"column":10},"end":{"line":25,"column":11}},"loc":{"start":{"line":25,"column":27},"end":{"line":27,"column":3}},"line":25},"5":{"name":"(anonymous_5)","decl":{"start":{"line":30,"column":23},"end":{"line":30,"column":24}},"loc":{"start":{"line":30,"column":49},"end":{"line":39,"column":1}},"line":30},"6":{"name":"(anonymous_6)","decl":{"start":{"line":36,"column":10},"end":{"line":36,"column":11}},"loc":{"start":{"line":36,"column":26},"end":{"line":38,"column":3}},"line":36},"7":{"name":"(anonymous_7)","decl":{"start":{"line":41,"column":23},"end":{"line":41,"column":24}},"loc":{"start":{"line":41,"column":49},"end":{"line":55,"column":1}},"line":41},"8":{"name":"(anonymous_8)","decl":{"start":{"line":49,"column":12},"end":{"line":49,"column":13}},"loc":{"start":{"line":49,"column":42},"end":{"line":54,"column":3}},"line":49}},"branchMap":{"0":{"loc":{"start":{"line":3,"column":247},"end":{"line":3,"column":281}},"type":"if","locations":[{"start":{"line":3,"column":247},"end":{"line":3,"column":281}},{"start":{"line":3,"column":247},"end":{"line":3,"column":281}}],"line":3},"1":{"loc":{"start":{"line":3,"column":251},"end":{"line":3,"column":273}},"type":"binary-expr","locations":[{"start":{"line":3,"column":251},"end":{"line":3,"column":252}},{"start":{"line":3,"column":256},"end":{"line":3,"column":273}}],"line":3},"2":{"loc":{"start":{"line":3,"column":339},"end":{"line":3,"column":379}},"type":"if","locations":[{"start":{"line":3,"column":339},"end":{"line":3,"column":379}},{"start":{"line":3,"column":339},"end":{"line":3,"column":379}}],"line":3},"3":{"loc":{"start":{"line":3,"column":343},"end":{"line":3,"column":362}},"type":"binary-expr","locations":[{"start":{"line":3,"column":343},"end":{"line":3,"column":346}},{"start":{"line":3,"column":350},"end":{"line":3,"column":362}}],"line":3},"4":{"loc":{"start":{"line":3,"column":392},"end":{"line":3,"column":409}},"type":"if","locations":[{"start":{"line":3,"column":392},"end":{"line":3,"column":409}},{"start":{"line":3,"column":392},"end":{"line":3,"column":409}}],"line":3},"5":{"loc":{"start":{"line":3,"column":456},"end":{"line":3,"column":656}},"type":"if","locations":[{"start":{"line":3,"column":456},"end":{"line":3,"column":656}},{"start":{"line":3,"column":456},"end":{"line":3,"column":656}}],"line":3},"6":{"loc":{"start":{"line":3,"column":501},"end":{"line":3,"column":656}},"type":"if","locations":[{"start":{"line":3,"column":501},"end":{"line":3,"column":656}},{"start":{"line":3,"column":501},"end":{"line":3,"column":656}}],"line":3}},"s":{"0":1,"1":0,"2":0,"3":0,"4":0,"5":0,"6":0,"7":0,"8":0,"9":0,"10":0,"11":0,"12":0,"13":0,"14":0,"15":0,"16":0,"17":0,"18":1,"19":0,"20":0,"21":0,"22":0,"23":0,"24":1,"25":1,"26":1,"27":1,"28":1,"29":1,"30":1,"31":1,"32":1,"33":1,"34":1,"35":1,"36":1,"37":0,"38":0,"39":0,"40":1,"41":0,"42":0,"43":0,"44":0,"45":0},"f":{"0":1,"1":0,"2":0,"3":1,"4":1,"5":0,"6":0,"7":0,"8":0},"b":{"0":[0,0],"1":[0,0],"2":[0,0],"3":[0,0],"4":[0,0],"5":[0,0],"6":[0,0]},"_coverageSchema":"332fd63041d2c1bcb487cc26dd0d5f7d97098a6c","hash":"eedb597ab57ec395c01dda1e164fedb67c01796b","contentHash":"8f28b3f82fe28977b55f90ac2d0f4599_11.4.1"},"/Users/Brittany/Documents/Coding/Senior-Phase/apple-store/utility/index.js":{"path":"/Users/Brittany/Documents/Coding/Senior-Phase/apple-store/utility/index.js","statementMap":{"0":{"start":{"line":3,"column":16},"end":{"line":7,"column":1}},"1":{"start":{"line":4,"column":12},"end":{"line":4,"column":30}},"2":{"start":{"line":5,"column":2},"end":{"line":5,"column":22}},"3":{"start":{"line":6,"column":2},"end":{"line":6,"column":13}},"4":{"start":{"line":9,"column":17},"end":{"line":12,"column":1}},"5":{"start":{"line":10,"column":2},"end":{"line":10,"column":60}},"6":{"start":{"line":10,"column":17},"end":{"line":10,"column":60}},"7":{"start":{"line":11,"column":2},"end":{"line":11,"column":9}},"8":{"start":{"line":14,"column":14},"end":{"line":17,"column":1}},"9":{"start":{"line":15,"column":2},"end":{"line":15,"column":64}},"10":{"start":{"line":15,"column":23},"end":{"line":15,"column":64}},"11":{"start":{"line":16,"column":2},"end":{"line":16,"column":9}},"12":{"start":{"line":19,"column":0},"end":{"line":23,"column":2}}},"fnMap":{"0":{"name":"makeError","decl":{"start":{"line":3,"column":25},"end":{"line":3,"column":34}},"loc":{"start":{"line":3,"column":52},"end":{"line":7,"column":1}},"line":3},"1":{"name":"isLoggedIn","decl":{"start":{"line":9,"column":26},"end":{"line":9,"column":36}},"loc":{"start":{"line":9,"column":53},"end":{"line":12,"column":1}},"line":9},"2":{"name":"isAdmin","decl":{"start":{"line":14,"column":23},"end":{"line":14,"column":30}},"loc":{"start":{"line":14,"column":47},"end":{"line":17,"column":1}},"line":14}},"branchMap":{"0":{"loc":{"start":{"line":10,"column":2},"end":{"line":10,"column":60}},"type":"if","locations":[{"start":{"line":10,"column":2},"end":{"line":10,"column":60}},{"start":{"line":10,"column":2},"end":{"line":10,"column":60}}],"line":10},"1":{"loc":{"start":{"line":15,"column":2},"end":{"line":15,"column":64}},"type":"if","locations":[{"start":{"line":15,"column":2},"end":{"line":15,"column":64}},{"start":{"line":15,"column":2},"end":{"line":15,"column":64}}],"line":15}},"s":{"0":1,"1":0,"2":0,"3":0,"4":1,"5":0,"6":0,"7":0,"8":1,"9":0,"10":0,"11":0,"12":1},"f":{"0":0,"1":0,"2":0},"b":{"0":[0,0],"1":[0,0]},"_coverageSchema":"332fd63041d2c1bcb487cc26dd0d5f7d97098a6c","hash":"083a9b217b482ce37461601d330cdfea120633dd","contentHash":"5e0cee88ba26706d05eeaf7f5adbcd79_11.4.1"},"/Users/Brittany/Documents/Coding/Senior-Phase/apple-store/server/api/apples.js":{"path":"/Users/Brittany/Documents/Coding/Senior-Phase/apple-store/server/api/apples.js","statementMap":{"0":{"start":{"line":3,"column":14},"end":{"line":3,"column":32}},"1":{"start":{"line":4,"column":13},"end":{"line":4,"column":29}},"2":{"start":{"line":5,"column":13},"end":{"line":5,"column":45}},"3":{"start":{"line":7,"column":0},"end":{"line":11,"column":3}},"4":{"start":{"line":8,"column":4},"end":{"line":10,"column":19}},"5":{"start":{"line":9,"column":8},"end":{"line":9,"column":28}},"6":{"start":{"line":13,"column":0},"end":{"line":17,"column":3}},"7":{"start":{"line":14,"column":4},"end":{"line":16,"column":19}},"8":{"start":{"line":15,"column":8},"end":{"line":15,"column":32}},"9":{"start":{"line":19,"column":0},"end":{"line":25,"column":3}},"10":{"start":{"line":20,"column":4},"end":{"line":24,"column":19}},"11":{"start":{"line":23,"column":8},"end":{"line":23,"column":32}},"12":{"start":{"line":27,"column":0},"end":{"line":27,"column":24}}},"fnMap":{"0":{"name":"(anonymous_0)","decl":{"start":{"line":7,"column":16},"end":{"line":7,"column":17}},"loc":{"start":{"line":7,"column":42},"end":{"line":11,"column":1}},"line":7},"1":{"name":"(anonymous_1)","decl":{"start":{"line":8,"column":26},"end":{"line":8,"column":27}},"loc":{"start":{"line":8,"column":47},"end":{"line":10,"column":5}},"line":8},"2":{"name":"(anonymous_2)","decl":{"start":{"line":13,"column":19},"end":{"line":13,"column":20}},"loc":{"start":{"line":13,"column":45},"end":{"line":17,"column":1}},"line":13},"3":{"name":"(anonymous_3)","decl":{"start":{"line":14,"column":40},"end":{"line":14,"column":41}},"loc":{"start":{"line":14,"column":58},"end":{"line":16,"column":5}},"line":14},"4":{"name":"(anonymous_4)","decl":{"start":{"line":19,"column":30},"end":{"line":19,"column":31}},"loc":{"start":{"line":19,"column":56},"end":{"line":25,"column":1}},"line":19},"5":{"name":"(anonymous_5)","decl":{"start":{"line":22,"column":18},"end":{"line":22,"column":19}},"loc":{"start":{"line":22,"column":36},"end":{"line":24,"column":5}},"line":22}},"branchMap":{},"s":{"0":1,"1":1,"2":1,"3":1,"4":0,"5":0,"6":1,"7":0,"8":0,"9":1,"10":0,"11":0,"12":1},"f":{"0":0,"1":0,"2":0,"3":0,"4":0,"5":0},"b":{},"_coverageSchema":"332fd63041d2c1bcb487cc26dd0d5f7d97098a6c","hash":"cb4a9621996222ccfc657166656268b12db14c2a","contentHash":"bd8a28ee79960c320920c12d6183fa5d_11.4.1"},"/Users/Brittany/Documents/Coding/Senior-Phase/apple-store/server/api/orders.js":{"path":"/Users/Brittany/Documents/Coding/Senior-Phase/apple-store/server/api/orders.js","statementMap":{"0":{"start":{"line":3,"column":14},"end":{"line":3,"column":32}},"1":{"start":{"line":4,"column":13},"end":{"line":4,"column":29}},"2":{"start":{"line":6,"column":15},"end":{"line":6,"column":38}},"3":{"start":{"line":7,"column":12},"end":{"line":7,"column":26}},"4":{"start":{"line":8,"column":12},"end":{"line":8,"column":26}},"5":{"start":{"line":10,"column":0},"end":{"line":14,"column":3}},"6":{"start":{"line":11,"column":4},"end":{"line":13,"column":19}},"7":{"start":{"line":12,"column":8},"end":{"line":12,"column":32}},"8":{"start":{"line":16,"column":0},"end":{"line":20,"column":3}},"9":{"start":{"line":17,"column":4},"end":{"line":19,"column":19}},"10":{"start":{"line":18,"column":8},"end":{"line":18,"column":24}},"11":{"start":{"line":22,"column":0},"end":{"line":28,"column":3}},"12":{"start":{"line":23,"column":4},"end":{"line":27,"column":19}},"13":{"start":{"line":24,"column":8},"end":{"line":24,"column":43}},"14":{"start":{"line":26,"column":8},"end":{"line":26,"column":33}},"15":{"start":{"line":30,"column":0},"end":{"line":30,"column":24}}},"fnMap":{"0":{"name":"(anonymous_0)","decl":{"start":{"line":10,"column":16},"end":{"line":10,"column":17}},"loc":{"start":{"line":10,"column":42},"end":{"line":14,"column":1}},"line":10},"1":{"name":"(anonymous_1)","decl":{"start":{"line":11,"column":25},"end":{"line":11,"column":26}},"loc":{"start":{"line":11,"column":43},"end":{"line":13,"column":5}},"line":11},"2":{"name":"(anonymous_2)","decl":{"start":{"line":16,"column":19},"end":{"line":16,"column":20}},"loc":{"start":{"line":16,"column":45},"end":{"line":20,"column":1}},"line":16},"3":{"name":"(anonymous_3)","decl":{"start":{"line":17,"column":72},"end":{"line":17,"column":73}},"loc":{"start":{"line":17,"column":89},"end":{"line":19,"column":5}},"line":17},"4":{"name":"(anonymous_4)","decl":{"start":{"line":22,"column":19},"end":{"line":22,"column":20}},"loc":{"start":{"line":22,"column":45},"end":{"line":28,"column":1}},"line":22},"5":{"name":"(anonymous_5)","decl":{"start":{"line":23,"column":39},"end":{"line":23,"column":40}},"loc":{"start":{"line":23,"column":61},"end":{"line":25,"column":5}},"line":23},"6":{"name":"(anonymous_6)","decl":{"start":{"line":25,"column":12},"end":{"line":25,"column":13}},"loc":{"start":{"line":25,"column":31},"end":{"line":27,"column":5}},"line":25}},"branchMap":{},"s":{"0":1,"1":1,"2":1,"3":1,"4":1,"5":1,"6":0,"7":0,"8":1,"9":0,"10":0,"11":1,"12":0,"13":0,"14":0,"15":1},"f":{"0":0,"1":0,"2":0,"3":0,"4":0,"5":0,"6":0},"b":{},"_coverageSchema":"332fd63041d2c1bcb487cc26dd0d5f7d97098a6c","hash":"58dc5a8e50d35251e068bf010c21e52e1de07eb1","contentHash":"a71af5d5c878498c560fdf820bd0f4ef_11.4.1"},"/Users/Brittany/Documents/Coding/Senior-Phase/apple-store/server/db/models/user.spec.js":{"path":"/Users/Brittany/Documents/Coding/Senior-Phase/apple-store/server/db/models/user.spec.js","statementMap":{"0":{"start":{"line":5,"column":15},"end":{"line":5,"column":30}},"1":{"start":{"line":6,"column":13},"end":{"line":6,"column":28}},"2":{"start":{"line":8,"column":9},"end":{"line":8,"column":28}},"3":{"start":{"line":9,"column":11},"end":{"line":9,"column":27}},"4":{"start":{"line":11,"column":0},"end":{"line":38,"column":3}},"5":{"start":{"line":12,"column":2},"end":{"line":14,"column":5}},"6":{"start":{"line":13,"column":4},"end":{"line":13,"column":36}},"7":{"start":{"line":16,"column":2},"end":{"line":37,"column":5}},"8":{"start":{"line":17,"column":4},"end":{"line":36,"column":7}},"9":{"start":{"line":18,"column":17},"end":{"line":18,"column":23}},"10":{"start":{"line":20,"column":6},"end":{"line":27,"column":9}},"11":{"start":{"line":21,"column":8},"end":{"line":26,"column":11}},"12":{"start":{"line":25,"column":10},"end":{"line":25,"column":22}},"13":{"start":{"line":29,"column":6},"end":{"line":31,"column":9}},"14":{"start":{"line":30,"column":8},"end":{"line":30,"column":64}},"15":{"start":{"line":33,"column":6},"end":{"line":35,"column":9}},"16":{"start":{"line":34,"column":8},"end":{"line":34,"column":65}}},"fnMap":{"0":{"name":"(anonymous_0)","decl":{"start":{"line":11,"column":23},"end":{"line":11,"column":24}},"loc":{"start":{"line":11,"column":35},"end":{"line":38,"column":1}},"line":11},"1":{"name":"(anonymous_1)","decl":{"start":{"line":12,"column":13},"end":{"line":12,"column":14}},"loc":{"start":{"line":12,"column":25},"end":{"line":14,"column":3}},"line":12},"2":{"name":"(anonymous_2)","decl":{"start":{"line":16,"column":30},"end":{"line":16,"column":31}},"loc":{"start":{"line":16,"column":42},"end":{"line":37,"column":3}},"line":16},"3":{"name":"(anonymous_3)","decl":{"start":{"line":17,"column":32},"end":{"line":17,"column":33}},"loc":{"start":{"line":17,"column":44},"end":{"line":36,"column":5}},"line":17},"4":{"name":"(anonymous_4)","decl":{"start":{"line":20,"column":17},"end":{"line":20,"column":18}},"loc":{"start":{"line":20,"column":29},"end":{"line":27,"column":7}},"line":20},"5":{"name":"(anonymous_5)","decl":{"start":{"line":24,"column":16},"end":{"line":24,"column":17}},"loc":{"start":{"line":24,"column":32},"end":{"line":26,"column":9}},"line":24},"6":{"name":"(anonymous_6)","decl":{"start":{"line":29,"column":52},"end":{"line":29,"column":53}},"loc":{"start":{"line":29,"column":64},"end":{"line":31,"column":7}},"line":29},"7":{"name":"(anonymous_7)","decl":{"start":{"line":33,"column":55},"end":{"line":33,"column":56}},"loc":{"start":{"line":33,"column":67},"end":{"line":35,"column":7}},"line":33}},"branchMap":{},"s":{"0":1,"1":1,"2":1,"3":1,"4":1,"5":1,"6":2,"7":1,"8":1,"9":1,"10":1,"11":2,"12":2,"13":1,"14":1,"15":1,"16":1},"f":{"0":1,"1":2,"2":1,"3":1,"4":2,"5":2,"6":1,"7":1},"b":{},"_coverageSchema":"332fd63041d2c1bcb487cc26dd0d5f7d97098a6c","hash":"17aceaef4abef876a2de87c9518106fe57013883","contentHash":"3d70ddd30b3e28f7eb24f1fe0f12cce9_11.4.1"},"/Users/Brittany/Documents/Coding/Senior-Phase/apple-store/client/components/auth-form.spec.js":{"path":"/Users/Brittany/Documents/Coding/Senior-Phase/apple-store/client/components/auth-form.spec.js","statementMap":{"0":{"start":{"line":3,"column":16},"end":{"line":3,"column":38}},"1":{"start":{"line":5,"column":12},"end":{"line":5,"column":27}},"2":{"start":{"line":7,"column":14},"end":{"line":7,"column":31}},"3":{"start":{"line":9,"column":13},"end":{"line":9,"column":29}},"4":{"start":{"line":11,"column":14},"end":{"line":11,"column":44}},"5":{"start":{"line":13,"column":39},"end":{"line":13,"column":93}},"6":{"start":{"line":15,"column":0},"end":{"line":35,"column":3}},"7":{"start":{"line":16,"column":2},"end":{"line":34,"column":5}},"8":{"start":{"line":17,"column":20},"end":{"line":21,"column":5}},"9":{"start":{"line":23,"column":4},"end":{"line":25,"column":7}},"10":{"start":{"line":24,"column":6},"end":{"line":24,"column":86}},"11":{"start":{"line":27,"column":4},"end":{"line":29,"column":7}},"12":{"start":{"line":28,"column":6},"end":{"line":28,"column":93}},"13":{"start":{"line":31,"column":4},"end":{"line":33,"column":7}},"14":{"start":{"line":32,"column":6},"end":{"line":32,"column":99}}},"fnMap":{"0":{"name":"_interopRequireDefault","decl":{"start":{"line":13,"column":9},"end":{"line":13,"column":31}},"loc":{"start":{"line":13,"column":37},"end":{"line":13,"column":95}},"line":13},"1":{"name":"(anonymous_1)","decl":{"start":{"line":15,"column":21},"end":{"line":15,"column":22}},"loc":{"start":{"line":15,"column":33},"end":{"line":35,"column":1}},"line":15},"2":{"name":"(anonymous_2)","decl":{"start":{"line":16,"column":36},"end":{"line":16,"column":37}},"loc":{"start":{"line":16,"column":48},"end":{"line":34,"column":3}},"line":16},"3":{"name":"(anonymous_3)","decl":{"start":{"line":23,"column":56},"end":{"line":23,"column":57}},"loc":{"start":{"line":23,"column":68},"end":{"line":25,"column":5}},"line":23},"4":{"name":"(anonymous_4)","decl":{"start":{"line":27,"column":63},"end":{"line":27,"column":64}},"loc":{"start":{"line":27,"column":75},"end":{"line":29,"column":5}},"line":27},"5":{"name":"(anonymous_5)","decl":{"start":{"line":31,"column":57},"end":{"line":31,"column":58}},"loc":{"start":{"line":31,"column":69},"end":{"line":33,"column":5}},"line":31}},"branchMap":{"0":{"loc":{"start":{"line":13,"column":46},"end":{"line":13,"column":92}},"type":"cond-expr","locations":[{"start":{"line":13,"column":70},"end":{"line":13,"column":73}},{"start":{"line":13,"column":76},"end":{"line":13,"column":92}}],"line":13},"1":{"loc":{"start":{"line":13,"column":46},"end":{"line":13,"column":67}},"type":"binary-expr","locations":[{"start":{"line":13,"column":46},"end":{"line":13,"column":49}},{"start":{"line":13,"column":53},"end":{"line":13,"column":67}}],"line":13}},"s":{"0":1,"1":1,"2":1,"3":1,"4":1,"5":1,"6":1,"7":1,"8":1,"9":1,"10":1,"11":1,"12":1,"13":1,"14":1},"f":{"0":1,"1":1,"2":1,"3":1,"4":1,"5":1},"b":{"0":[0,1],"1":[1,1]},"_coverageSchema":"332fd63041d2c1bcb487cc26dd0d5f7d97098a6c","hash":"d062159d476f2f4921f2c7f97bb3e5aa14e69b37","contentHash":"565cbcdc085607489f0723dfa1406f0a_11.4.1"},"/Users/Brittany/Documents/Coding/Senior-Phase/apple-store/client/components/auth-form.js":{"path":"/Users/Brittany/Documents/Coding/Senior-Phase/apple-store/client/components/auth-form.js","statementMap":{"0":{"start":{"line":3,"column":0},"end":{"line":5,"column":3}},"1":{"start":{"line":6,"column":0},"end":{"line":6,"column":81}},"2":{"start":{"line":8,"column":13},"end":{"line":8,"column":29}},"3":{"start":{"line":10,"column":14},"end":{"line":10,"column":44}},"4":{"start":{"line":12,"column":18},"end":{"line":12,"column":40}},"5":{"start":{"line":14,"column":17},"end":{"line":14,"column":38}},"6":{"start":{"line":16,"column":18},"end":{"line":16,"column":52}},"7":{"start":{"line":18,"column":13},"end":{"line":18,"column":32}},"8":{"start":{"line":20,"column":39},"end":{"line":20,"column":93}},"9":{"start":{"line":25,"column":15},"end":{"line":90,"column":1}},"10":{"start":{"line":26,"column":13},"end":{"line":26,"column":23}},"11":{"start":{"line":27,"column":20},"end":{"line":27,"column":37}},"12":{"start":{"line":28,"column":21},"end":{"line":28,"column":39}},"13":{"start":{"line":29,"column":14},"end":{"line":29,"column":25}},"14":{"start":{"line":32,"column":2},"end":{"line":89,"column":4}},"15":{"start":{"line":99,"column":15},"end":{"line":105,"column":1}},"16":{"start":{"line":100,"column":2},"end":{"line":104,"column":4}},"17":{"start":{"line":107,"column":16},"end":{"line":113,"column":1}},"18":{"start":{"line":108,"column":2},"end":{"line":112,"column":4}},"19":{"start":{"line":115,"column":18},"end":{"line":125,"column":1}},"20":{"start":{"line":116,"column":2},"end":{"line":124,"column":4}},"21":{"start":{"line":118,"column":6},"end":{"line":118,"column":27}},"22":{"start":{"line":119,"column":21},"end":{"line":119,"column":36}},"23":{"start":{"line":120,"column":18},"end":{"line":120,"column":40}},"24":{"start":{"line":121,"column":21},"end":{"line":121,"column":46}},"25":{"start":{"line":122,"column":6},"end":{"line":122,"column":60}},"26":{"start":{"line":127,"column":12},"end":{"line":127,"column":85}},"27":{"start":{"line":128,"column":13},"end":{"line":128,"column":88}},"28":{"start":{"line":133,"column":0},"end":{"line":138,"column":2}}},"fnMap":{"0":{"name":"_interopRequireDefault","decl":{"start":{"line":20,"column":9},"end":{"line":20,"column":31}},"loc":{"start":{"line":20,"column":37},"end":{"line":20,"column":95}},"line":20},"1":{"name":"AuthForm","decl":{"start":{"line":25,"column":43},"end":{"line":25,"column":51}},"loc":{"start":{"line":25,"column":59},"end":{"line":90,"column":1}},"line":25},"2":{"name":"mapLogin","decl":{"start":{"line":99,"column":43},"end":{"line":99,"column":51}},"loc":{"start":{"line":99,"column":59},"end":{"line":105,"column":1}},"line":99},"3":{"name":"mapSignup","decl":{"start":{"line":107,"column":25},"end":{"line":107,"column":34}},"loc":{"start":{"line":107,"column":42},"end":{"line":113,"column":1}},"line":107},"4":{"name":"mapDispatch","decl":{"start":{"line":115,"column":27},"end":{"line":115,"column":38}},"loc":{"start":{"line":115,"column":49},"end":{"line":125,"column":1}},"line":115},"5":{"name":"handleSubmit","decl":{"start":{"line":117,"column":27},"end":{"line":117,"column":39}},"loc":{"start":{"line":117,"column":45},"end":{"line":123,"column":5}},"line":117}},"branchMap":{"0":{"loc":{"start":{"line":20,"column":46},"end":{"line":20,"column":92}},"type":"cond-expr","locations":[{"start":{"line":20,"column":70},"end":{"line":20,"column":73}},{"start":{"line":20,"column":76},"end":{"line":20,"column":92}}],"line":20},"1":{"loc":{"start":{"line":20,"column":46},"end":{"line":20,"column":67}},"type":"binary-expr","locations":[{"start":{"line":20,"column":46},"end":{"line":20,"column":49}},{"start":{"line":20,"column":53},"end":{"line":20,"column":67}}],"line":20},"2":{"loc":{"start":{"line":75,"column":6},"end":{"line":81,"column":7}},"type":"binary-expr","locations":[{"start":{"line":75,"column":6},"end":{"line":75,"column":11}},{"start":{"line":75,"column":15},"end":{"line":75,"column":29}},{"start":{"line":75,"column":33},"end":{"line":81,"column":7}}],"line":75}},"s":{"0":1,"1":1,"2":1,"3":1,"4":1,"5":1,"6":1,"7":1,"8":2,"9":1,"10":0,"11":0,"12":0,"13":0,"14":0,"15":1,"16":3,"17":1,"18":0,"19":1,"20":0,"21":0,"22":0,"23":0,"24":0,"25":0,"26":1,"27":1,"28":1},"f":{"0":2,"1":0,"2":3,"3":0,"4":0,"5":0},"b":{"0":[0,2],"1":[2,2],"2":[0,0,0]},"_coverageSchema":"332fd63041d2c1bcb487cc26dd0d5f7d97098a6c","hash":"7a4f8856171a99c1fcd9f973af1816de9c8d7de0","contentHash":"85c8159f0cdea742066d979074523f23_11.4.1"},"/Users/Brittany/Documents/Coding/Senior-Phase/apple-store/client/store/index.js":{"path":"/Users/Brittany/Documents/Coding/Senior-Phase/apple-store/client/store/index.js","statementMap":{"0":{"start":{"line":3,"column":0},"end":{"line":5,"column":3}},"1":{"start":{"line":7,"column":12},"end":{"line":7,"column":29}},"2":{"start":{"line":9,"column":0},"end":{"line":17,"column":3}},"3":{"start":{"line":10,"column":2},"end":{"line":10,"column":56}},"4":{"start":{"line":10,"column":49},"end":{"line":10,"column":56}},"5":{"start":{"line":11,"column":2},"end":{"line":16,"column":5}},"6":{"start":{"line":14,"column":6},"end":{"line":14,"column":24}},"7":{"start":{"line":19,"column":14},"end":{"line":19,"column":33}},"8":{"start":{"line":21,"column":0},"end":{"line":29,"column":3}},"9":{"start":{"line":22,"column":2},"end":{"line":22,"column":56}},"10":{"start":{"line":22,"column":49},"end":{"line":22,"column":56}},"11":{"start":{"line":23,"column":2},"end":{"line":28,"column":5}},"12":{"start":{"line":26,"column":6},"end":{"line":26,"column":26}},"13":{"start":{"line":31,"column":19},"end":{"line":31,"column":44}},"14":{"start":{"line":33,"column":0},"end":{"line":41,"column":3}},"15":{"start":{"line":34,"column":2},"end":{"line":34,"column":56}},"16":{"start":{"line":34,"column":49},"end":{"line":34,"column":56}},"17":{"start":{"line":35,"column":2},"end":{"line":40,"column":5}},"18":{"start":{"line":38,"column":6},"end":{"line":38,"column":31}},"19":{"start":{"line":43,"column":13},"end":{"line":43,"column":31}},"20":{"start":{"line":45,"column":0},"end":{"line":53,"column":3}},"21":{"start":{"line":46,"column":2},"end":{"line":46,"column":56}},"22":{"start":{"line":46,"column":49},"end":{"line":46,"column":56}},"23":{"start":{"line":47,"column":2},"end":{"line":52,"column":5}},"24":{"start":{"line":50,"column":6},"end":{"line":50,"column":25}},"25":{"start":{"line":55,"column":13},"end":{"line":55,"column":31}},"26":{"start":{"line":57,"column":0},"end":{"line":65,"column":3}},"27":{"start":{"line":58,"column":2},"end":{"line":58,"column":56}},"28":{"start":{"line":58,"column":49},"end":{"line":58,"column":56}},"29":{"start":{"line":59,"column":2},"end":{"line":64,"column":5}},"30":{"start":{"line":62,"column":6},"end":{"line":62,"column":25}},"31":{"start":{"line":67,"column":14},"end":{"line":67,"column":33}},"32":{"start":{"line":69,"column":0},"end":{"line":77,"column":3}},"33":{"start":{"line":70,"column":2},"end":{"line":70,"column":56}},"34":{"start":{"line":70,"column":49},"end":{"line":70,"column":56}},"35":{"start":{"line":71,"column":2},"end":{"line":76,"column":5}},"36":{"start":{"line":74,"column":6},"end":{"line":74,"column":26}},"37":{"start":{"line":79,"column":13},"end":{"line":79,"column":29}},"38":{"start":{"line":81,"column":19},"end":{"line":81,"column":42}},"39":{"start":{"line":83,"column":20},"end":{"line":83,"column":56}},"40":{"start":{"line":85,"column":18},"end":{"line":85,"column":40}},"41":{"start":{"line":87,"column":19},"end":{"line":87,"column":54}},"42":{"start":{"line":89,"column":30},"end":{"line":89,"column":65}},"43":{"start":{"line":91,"column":13},"end":{"line":91,"column":42}},"44":{"start":{"line":93,"column":15},"end":{"line":93,"column":46}},"45":{"start":{"line":95,"column":20},"end":{"line":95,"column":56}},"46":{"start":{"line":97,"column":14},"end":{"line":97,"column":44}},"47":{"start":{"line":99,"column":14},"end":{"line":99,"column":44}},"48":{"start":{"line":101,"column":15},"end":{"line":101,"column":46}},"49":{"start":{"line":103,"column":39},"end":{"line":103,"column":93}},"50":{"start":{"line":105,"column":14},"end":{"line":105,"column":203}},"51":{"start":{"line":107,"column":17},"end":{"line":107,"column":165}},"52":{"start":{"line":108,"column":12},"end":{"line":108,"column":56}},"53":{"start":{"line":110,"column":0},"end":{"line":110,"column":24}}},"fnMap":{"0":{"name":"(anonymous_0)","decl":{"start":{"line":9,"column":27},"end":{"line":9,"column":28}},"loc":{"start":{"line":9,"column":42},"end":{"line":17,"column":1}},"line":9},"1":{"name":"get","decl":{"start":{"line":13,"column":18},"end":{"line":13,"column":21}},"loc":{"start":{"line":13,"column":24},"end":{"line":15,"column":5}},"line":13},"2":{"name":"(anonymous_2)","decl":{"start":{"line":21,"column":29},"end":{"line":21,"column":30}},"loc":{"start":{"line":21,"column":44},"end":{"line":29,"column":1}},"line":21},"3":{"name":"get","decl":{"start":{"line":25,"column":18},"end":{"line":25,"column":21}},"loc":{"start":{"line":25,"column":24},"end":{"line":27,"column":5}},"line":25},"4":{"name":"(anonymous_4)","decl":{"start":{"line":33,"column":34},"end":{"line":33,"column":35}},"loc":{"start":{"line":33,"column":49},"end":{"line":41,"column":1}},"line":33},"5":{"name":"get","decl":{"start":{"line":37,"column":18},"end":{"line":37,"column":21}},"loc":{"start":{"line":37,"column":24},"end":{"line":39,"column":5}},"line":37},"6":{"name":"(anonymous_6)","decl":{"start":{"line":45,"column":28},"end":{"line":45,"column":29}},"loc":{"start":{"line":45,"column":43},"end":{"line":53,"column":1}},"line":45},"7":{"name":"get","decl":{"start":{"line":49,"column":18},"end":{"line":49,"column":21}},"loc":{"start":{"line":49,"column":24},"end":{"line":51,"column":5}},"line":49},"8":{"name":"(anonymous_8)","decl":{"start":{"line":57,"column":28},"end":{"line":57,"column":29}},"loc":{"start":{"line":57,"column":43},"end":{"line":65,"column":1}},"line":57},"9":{"name":"get","decl":{"start":{"line":61,"column":18},"end":{"line":61,"column":21}},"loc":{"start":{"line":61,"column":24},"end":{"line":63,"column":5}},"line":61},"10":{"name":"(anonymous_10)","decl":{"start":{"line":69,"column":29},"end":{"line":69,"column":30}},"loc":{"start":{"line":69,"column":44},"end":{"line":77,"column":1}},"line":69},"11":{"name":"get","decl":{"start":{"line":73,"column":18},"end":{"line":73,"column":21}},"loc":{"start":{"line":73,"column":24},"end":{"line":75,"column":5}},"line":73},"12":{"name":"_interopRequireDefault","decl":{"start":{"line":103,"column":9},"end":{"line":103,"column":31}},"loc":{"start":{"line":103,"column":37},"end":{"line":103,"column":95}},"line":103}},"branchMap":{"0":{"loc":{"start":{"line":10,"column":2},"end":{"line":10,"column":56}},"type":"if","locations":[{"start":{"line":10,"column":2},"end":{"line":10,"column":56}},{"start":{"line":10,"column":2},"end":{"line":10,"column":56}}],"line":10},"1":{"loc":{"start":{"line":10,"column":6},"end":{"line":10,"column":47}},"type":"binary-expr","locations":[{"start":{"line":10,"column":6},"end":{"line":10,"column":23}},{"start":{"line":10,"column":27},"end":{"line":10,"column":47}}],"line":10},"2":{"loc":{"start":{"line":22,"column":2},"end":{"line":22,"column":56}},"type":"if","locations":[{"start":{"line":22,"column":2},"end":{"line":22,"column":56}},{"start":{"line":22,"column":2},"end":{"line":22,"column":56}}],"line":22},"3":{"loc":{"start":{"line":22,"column":6},"end":{"line":22,"column":47}},"type":"binary-expr","locations":[{"start":{"line":22,"column":6},"end":{"line":22,"column":23}},{"start":{"line":22,"column":27},"end":{"line":22,"column":47}}],"line":22},"4":{"loc":{"start":{"line":34,"column":2},"end":{"line":34,"column":56}},"type":"if","locations":[{"start":{"line":34,"column":2},"end":{"line":34,"column":56}},{"start":{"line":34,"column":2},"end":{"line":34,"column":56}}],"line":34},"5":{"loc":{"start":{"line":34,"column":6},"end":{"line":34,"column":47}},"type":"binary-expr","locations":[{"start":{"line":34,"column":6},"end":{"line":34,"column":23}},{"start":{"line":34,"column":27},"end":{"line":34,"column":47}}],"line":34},"6":{"loc":{"start":{"line":46,"column":2},"end":{"line":46,"column":56}},"type":"if","locations":[{"start":{"line":46,"column":2},"end":{"line":46,"column":56}},{"start":{"line":46,"column":2},"end":{"line":46,"column":56}}],"line":46},"7":{"loc":{"start":{"line":46,"column":6},"end":{"line":46,"column":47}},"type":"binary-expr","locations":[{"start":{"line":46,"column":6},"end":{"line":46,"column":23}},{"start":{"line":46,"column":27},"end":{"line":46,"column":47}}],"line":46},"8":{"loc":{"start":{"line":58,"column":2},"end":{"line":58,"column":56}},"type":"if","locations":[{"start":{"line":58,"column":2},"end":{"line":58,"column":56}},{"start":{"line":58,"column":2},"end":{"line":58,"column":56}}],"line":58},"9":{"loc":{"start":{"line":58,"column":6},"end":{"line":58,"column":47}},"type":"binary-expr","locations":[{"start":{"line":58,"column":6},"end":{"line":58,"column":23}},{"start":{"line":58,"column":27},"end":{"line":58,"column":47}}],"line":58},"10":{"loc":{"start":{"line":70,"column":2},"end":{"line":70,"column":56}},"type":"if","locations":[{"start":{"line":70,"column":2},"end":{"line":70,"column":56}},{"start":{"line":70,"column":2},"end":{"line":70,"column":56}}],"line":70},"11":{"loc":{"start":{"line":70,"column":6},"end":{"line":70,"column":47}},"type":"binary-expr","locations":[{"start":{"line":70,"column":6},"end":{"line":70,"column":23}},{"start":{"line":70,"column":27},"end":{"line":70,"column":47}}],"line":70},"12":{"loc":{"start":{"line":103,"column":46},"end":{"line":103,"column":92}},"type":"cond-expr","locations":[{"start":{"line":103,"column":70},"end":{"line":103,"column":73}},{"start":{"line":103,"column":76},"end":{"line":103,"column":92}}],"line":103},"13":{"loc":{"start":{"line":103,"column":46},"end":{"line":103,"column":67}},"type":"binary-expr","locations":[{"start":{"line":103,"column":46},"end":{"line":103,"column":49}},{"start":{"line":103,"column":53},"end":{"line":103,"column":67}}],"line":103}},"s":{"0":1,"1":1,"2":1,"3":4,"4":1,"5":3,"6":0,"7":1,"8":1,"9":3,"10":1,"11":2,"12":0,"13":1,"14":1,"15":3,"16":1,"17":2,"18":0,"19":1,"20":1,"21":3,"22":1,"23":2,"24":0,"25":1,"26":1,"27":2,"28":1,"29":1,"30":0,"31":1,"32":1,"33":2,"34":1,"35":1,"36":0,"37":1,"38":1,"39":1,"40":1,"41":1,"42":1,"43":1,"44":1,"45":1,"46":1,"47":1,"48":1,"49":8,"50":1,"51":1,"52":1,"53":1},"f":{"0":4,"1":0,"2":3,"3":0,"4":3,"5":0,"6":3,"7":0,"8":2,"9":0,"10":2,"11":0,"12":8},"b":{"0":[1,3],"1":[4,3],"2":[1,2],"3":[3,2],"4":[1,2],"5":[3,2],"6":[1,2],"7":[3,2],"8":[1,1],"9":[2,1],"10":[1,1],"11":[2,1],"12":[7,1],"13":[8,8]},"_coverageSchema":"332fd63041d2c1bcb487cc26dd0d5f7d97098a6c","hash":"6b405cec8fe6cd6bdff7b555e345c7792ced131e","contentHash":"002367759b9a8ba6387adc7a2876b419_11.4.1"},"/Users/Brittany/Documents/Coding/Senior-Phase/apple-store/client/store/user.js":{"path":"/Users/Brittany/Documents/Coding/Senior-Phase/apple-store/client/store/user.js","statementMap":{"0":{"start":{"line":3,"column":0},"end":{"line":5,"column":3}},"1":{"start":{"line":6,"column":0},"end":{"line":6,"column":55}},"2":{"start":{"line":8,"column":0},"end":{"line":20,"column":2}},"3":{"start":{"line":9,"column":14},"end":{"line":9,"column":93}},"4":{"start":{"line":10,"column":15},"end":{"line":10,"column":27}},"5":{"start":{"line":12,"column":2},"end":{"line":19,"column":3}},"6":{"start":{"line":14,"column":6},"end":{"line":14,"column":25}},"7":{"start":{"line":16,"column":6},"end":{"line":16,"column":25}},"8":{"start":{"line":18,"column":6},"end":{"line":18,"column":19}},"9":{"start":{"line":22,"column":13},"end":{"line":22,"column":29}},"10":{"start":{"line":24,"column":14},"end":{"line":24,"column":44}},"11":{"start":{"line":26,"column":15},"end":{"line":26,"column":36}},"12":{"start":{"line":28,"column":16},"end":{"line":28,"column":48}},"13":{"start":{"line":30,"column":39},"end":{"line":30,"column":93}},"14":{"start":{"line":35,"column":15},"end":{"line":35,"column":25}},"15":{"start":{"line":36,"column":18},"end":{"line":36,"column":31}},"16":{"start":{"line":41,"column":18},"end":{"line":41,"column":20}},"17":{"start":{"line":46,"column":14},"end":{"line":48,"column":1}},"18":{"start":{"line":47,"column":2},"end":{"line":47,"column":40}},"19":{"start":{"line":49,"column":17},"end":{"line":51,"column":1}},"20":{"start":{"line":50,"column":2},"end":{"line":50,"column":31}},"21":{"start":{"line":56,"column":9},"end":{"line":64,"column":1}},"22":{"start":{"line":57,"column":2},"end":{"line":63,"column":4}},"23":{"start":{"line":58,"column":4},"end":{"line":62,"column":7}},"24":{"start":{"line":59,"column":6},"end":{"line":59,"column":56}},"25":{"start":{"line":61,"column":6},"end":{"line":61,"column":30}},"26":{"start":{"line":66,"column":11},"end":{"line":78,"column":1}},"27":{"start":{"line":67,"column":2},"end":{"line":77,"column":4}},"28":{"start":{"line":68,"column":4},"end":{"line":76,"column":7}},"29":{"start":{"line":69,"column":6},"end":{"line":69,"column":34}},"30":{"start":{"line":70,"column":6},"end":{"line":70,"column":38}},"31":{"start":{"line":73,"column":6},"end":{"line":73,"column":46}},"32":{"start":{"line":75,"column":6},"end":{"line":75,"column":49}},"33":{"start":{"line":80,"column":13},"end":{"line":89,"column":1}},"34":{"start":{"line":81,"column":2},"end":{"line":88,"column":4}},"35":{"start":{"line":82,"column":4},"end":{"line":87,"column":7}},"36":{"start":{"line":83,"column":6},"end":{"line":83,"column":29}},"37":{"start":{"line":84,"column":6},"end":{"line":84,"column":39}},"38":{"start":{"line":86,"column":6},"end":{"line":86,"column":30}}},"fnMap":{"0":{"name":"(anonymous_0)","decl":{"start":{"line":8,"column":18},"end":{"line":8,"column":19}},"loc":{"start":{"line":8,"column":30},"end":{"line":20,"column":1}},"line":8},"1":{"name":"_interopRequireDefault","decl":{"start":{"line":30,"column":9},"end":{"line":30,"column":31}},"loc":{"start":{"line":30,"column":37},"end":{"line":30,"column":95}},"line":30},"2":{"name":"getUser","decl":{"start":{"line":46,"column":23},"end":{"line":46,"column":30}},"loc":{"start":{"line":46,"column":37},"end":{"line":48,"column":1}},"line":46},"3":{"name":"removeUser","decl":{"start":{"line":49,"column":26},"end":{"line":49,"column":36}},"loc":{"start":{"line":49,"column":39},"end":{"line":51,"column":1}},"line":49},"4":{"name":"me","decl":{"start":{"line":56,"column":31},"end":{"line":56,"column":33}},"loc":{"start":{"line":56,"column":36},"end":{"line":64,"column":1}},"line":56},"5":{"name":"(anonymous_5)","decl":{"start":{"line":57,"column":9},"end":{"line":57,"column":10}},"loc":{"start":{"line":57,"column":29},"end":{"line":63,"column":3}},"line":57},"6":{"name":"(anonymous_6)","decl":{"start":{"line":58,"column":48},"end":{"line":58,"column":49}},"loc":{"start":{"line":58,"column":63},"end":{"line":60,"column":5}},"line":58},"7":{"name":"(anonymous_7)","decl":{"start":{"line":60,"column":13},"end":{"line":60,"column":14}},"loc":{"start":{"line":60,"column":28},"end":{"line":62,"column":5}},"line":60},"8":{"name":"auth","decl":{"start":{"line":66,"column":35},"end":{"line":66,"column":39}},"loc":{"start":{"line":66,"column":65},"end":{"line":78,"column":1}},"line":66},"9":{"name":"(anonymous_9)","decl":{"start":{"line":67,"column":9},"end":{"line":67,"column":10}},"loc":{"start":{"line":67,"column":29},"end":{"line":77,"column":3}},"line":67},"10":{"name":"(anonymous_10)","decl":{"start":{"line":68,"column":94},"end":{"line":68,"column":95}},"loc":{"start":{"line":68,"column":109},"end":{"line":71,"column":5}},"line":68},"11":{"name":"(anonymous_11)","decl":{"start":{"line":71,"column":7},"end":{"line":71,"column":8}},"loc":{"start":{"line":71,"column":28},"end":{"line":74,"column":5}},"line":71},"12":{"name":"(anonymous_12)","decl":{"start":{"line":74,"column":13},"end":{"line":74,"column":14}},"loc":{"start":{"line":74,"column":45},"end":{"line":76,"column":5}},"line":74},"13":{"name":"logout","decl":{"start":{"line":80,"column":39},"end":{"line":80,"column":45}},"loc":{"start":{"line":80,"column":48},"end":{"line":89,"column":1}},"line":80},"14":{"name":"(anonymous_14)","decl":{"start":{"line":81,"column":9},"end":{"line":81,"column":10}},"loc":{"start":{"line":81,"column":29},"end":{"line":88,"column":3}},"line":81},"15":{"name":"(anonymous_15)","decl":{"start":{"line":82,"column":53},"end":{"line":82,"column":54}},"loc":{"start":{"line":82,"column":66},"end":{"line":85,"column":5}},"line":82},"16":{"name":"(anonymous_16)","decl":{"start":{"line":85,"column":13},"end":{"line":85,"column":14}},"loc":{"start":{"line":85,"column":28},"end":{"line":87,"column":5}},"line":85}},"branchMap":{"0":{"loc":{"start":{"line":9,"column":14},"end":{"line":9,"column":93}},"type":"cond-expr","locations":[{"start":{"line":9,"column":67},"end":{"line":9,"column":79}},{"start":{"line":9,"column":82},"end":{"line":9,"column":93}}],"line":9},"1":{"loc":{"start":{"line":9,"column":14},"end":{"line":9,"column":64}},"type":"binary-expr","locations":[{"start":{"line":9,"column":14},"end":{"line":9,"column":34}},{"start":{"line":9,"column":38},"end":{"line":9,"column":64}}],"line":9},"2":{"loc":{"start":{"line":12,"column":2},"end":{"line":19,"column":3}},"type":"switch","locations":[{"start":{"line":13,"column":4},"end":{"line":14,"column":25}},{"start":{"line":15,"column":4},"end":{"line":16,"column":25}},{"start":{"line":17,"column":4},"end":{"line":18,"column":19}}],"line":12},"3":{"loc":{"start":{"line":30,"column":46},"end":{"line":30,"column":92}},"type":"cond-expr","locations":[{"start":{"line":30,"column":70},"end":{"line":30,"column":73}},{"start":{"line":30,"column":76},"end":{"line":30,"column":92}}],"line":30},"4":{"loc":{"start":{"line":30,"column":46},"end":{"line":30,"column":67}},"type":"binary-expr","locations":[{"start":{"line":30,"column":46},"end":{"line":30,"column":49}},{"start":{"line":30,"column":53},"end":{"line":30,"column":67}}],"line":30},"5":{"loc":{"start":{"line":59,"column":30},"end":{"line":59,"column":53}},"type":"binary-expr","locations":[{"start":{"line":59,"column":30},"end":{"line":59,"column":38}},{"start":{"line":59,"column":42},"end":{"line":59,"column":53}}],"line":59}},"s":{"0":1,"1":1,"2":1,"3":3,"4":3,"5":3,"6":0,"7":0,"8":3,"9":1,"10":1,"11":1,"12":1,"13":2,"14":1,"15":1,"16":1,"17":1,"18":1,"19":1,"20":1,"21":1,"22":1,"23":1,"24":1,"25":0,"26":1,"27":0,"28":0,"29":0,"30":0,"31":0,"32":0,"33":1,"34":1,"35":1,"36":1,"37":1,"38":0},"f":{"0":3,"1":2,"2":1,"3":1,"4":1,"5":1,"6":1,"7":0,"8":0,"9":0,"10":0,"11":0,"12":0,"13":1,"14":1,"15":1,"16":0},"b":{"0":[0,3],"1":[3,3],"2":[0,0,3],"3":[1,1],"4":[2,2],"5":[1,0]},"_coverageSchema":"332fd63041d2c1bcb487cc26dd0d5f7d97098a6c","hash":"8ed622542aef859953d234c137cc458fa72dc2bc","contentHash":"81dd4ad618a610ef0c6de52e13b2e61c_11.4.1"},"/Users/Brittany/Documents/Coding/Senior-Phase/apple-store/client/history.js":{"path":"/Users/Brittany/Documents/Coding/Senior-Phase/apple-store/client/history.js","statementMap":{"0":{"start":{"line":3,"column":0},"end":{"line":5,"column":3}},"1":{"start":{"line":7,"column":28},"end":{"line":7,"column":67}},"2":{"start":{"line":9,"column":29},"end":{"line":9,"column":74}},"3":{"start":{"line":11,"column":27},"end":{"line":11,"column":65}},"4":{"start":{"line":13,"column":28},"end":{"line":13,"column":72}},"5":{"start":{"line":15,"column":39},"end":{"line":15,"column":93}},"6":{"start":{"line":17,"column":14},"end":{"line":17,"column":124}},"7":{"start":{"line":19,"column":0},"end":{"line":19,"column":26}}},"fnMap":{"0":{"name":"_interopRequireDefault","decl":{"start":{"line":15,"column":9},"end":{"line":15,"column":31}},"loc":{"start":{"line":15,"column":37},"end":{"line":15,"column":95}},"line":15}},"branchMap":{"0":{"loc":{"start":{"line":15,"column":46},"end":{"line":15,"column":92}},"type":"cond-expr","locations":[{"start":{"line":15,"column":70},"end":{"line":15,"column":73}},{"start":{"line":15,"column":76},"end":{"line":15,"column":92}}],"line":15},"1":{"loc":{"start":{"line":15,"column":46},"end":{"line":15,"column":67}},"type":"binary-expr","locations":[{"start":{"line":15,"column":46},"end":{"line":15,"column":49}},{"start":{"line":15,"column":53},"end":{"line":15,"column":67}}],"line":15},"2":{"loc":{"start":{"line":17,"column":14},"end":{"line":17,"column":124}},"type":"cond-expr","locations":[{"start":{"line":17,"column":48},"end":{"line":17,"column":84}},{"start":{"line":17,"column":87},"end":{"line":17,"column":124}}],"line":17}},"s":{"0":1,"1":1,"2":1,"3":1,"4":1,"5":2,"6":1,"7":1},"f":{"0":2},"b":{"0":[2,0],"1":[2,2],"2":[1,0]},"_coverageSchema":"332fd63041d2c1bcb487cc26dd0d5f7d97098a6c","hash":"0c5b24b44260d607c3c1a014016f2ab7195da3d5","contentHash":"20f1260cc5628c26710c4bc0879e9e00_11.4.1"},"/Users/Brittany/Documents/Coding/Senior-Phase/apple-store/client/store/apples.js":{"path":"/Users/Brittany/Documents/Coding/Senior-Phase/apple-store/client/store/apples.js","statementMap":{"0":{"start":{"line":3,"column":0},"end":{"line":5,"column":3}},"1":{"start":{"line":6,"column":0},"end":{"line":6,"column":30}},"2":{"start":{"line":7,"column":0},"end":{"line":7,"column":34}},"3":{"start":{"line":8,"column":0},"end":{"line":8,"column":26}},"4":{"start":{"line":10,"column":13},"end":{"line":10,"column":29}},"5":{"start":{"line":12,"column":14},"end":{"line":12,"column":44}},"6":{"start":{"line":14,"column":15},"end":{"line":14,"column":36}},"7":{"start":{"line":16,"column":16},"end":{"line":16,"column":48}},"8":{"start":{"line":18,"column":39},"end":{"line":18,"column":93}},"9":{"start":{"line":22,"column":17},"end":{"line":22,"column":29}},"10":{"start":{"line":26,"column":16},"end":{"line":26,"column":18}},"11":{"start":{"line":31,"column":4},"end":{"line":34,"column":6}},"12":{"start":{"line":40,"column":4},"end":{"line":50,"column":6}},"13":{"start":{"line":41,"column":19},"end":{"line":41,"column":32}},"14":{"start":{"line":42,"column":8},"end":{"line":44,"column":9}},"15":{"start":{"line":43,"column":12},"end":{"line":43,"column":45}},"16":{"start":{"line":45,"column":8},"end":{"line":49,"column":11}},"17":{"start":{"line":46,"column":12},"end":{"line":46,"column":28}},"18":{"start":{"line":48,"column":12},"end":{"line":48,"column":40}},"19":{"start":{"line":56,"column":16},"end":{"line":56,"column":93}},"20":{"start":{"line":57,"column":17},"end":{"line":57,"column":29}},"21":{"start":{"line":59,"column":4},"end":{"line":64,"column":5}},"22":{"start":{"line":61,"column":12},"end":{"line":61,"column":33}},"23":{"start":{"line":63,"column":12},"end":{"line":63,"column":25}}},"fnMap":{"0":{"name":"_interopRequireDefault","decl":{"start":{"line":18,"column":9},"end":{"line":18,"column":31}},"loc":{"start":{"line":18,"column":37},"end":{"line":18,"column":95}},"line":18},"1":{"name":"getApples","decl":{"start":{"line":30,"column":9},"end":{"line":30,"column":18}},"loc":{"start":{"line":30,"column":27},"end":{"line":35,"column":1}},"line":30},"2":{"name":"fetchApples","decl":{"start":{"line":39,"column":9},"end":{"line":39,"column":20}},"loc":{"start":{"line":39,"column":31},"end":{"line":51,"column":1}},"line":39},"3":{"name":"thunk","decl":{"start":{"line":40,"column":20},"end":{"line":40,"column":25}},"loc":{"start":{"line":40,"column":36},"end":{"line":50,"column":5}},"line":40},"4":{"name":"(anonymous_4)","decl":{"start":{"line":45,"column":46},"end":{"line":45,"column":47}},"loc":{"start":{"line":45,"column":61},"end":{"line":47,"column":9}},"line":45},"5":{"name":"(anonymous_5)","decl":{"start":{"line":47,"column":16},"end":{"line":47,"column":17}},"loc":{"start":{"line":47,"column":34},"end":{"line":49,"column":9}},"line":47},"6":{"name":"reducer","decl":{"start":{"line":55,"column":9},"end":{"line":55,"column":16}},"loc":{"start":{"line":55,"column":19},"end":{"line":65,"column":1}},"line":55}},"branchMap":{"0":{"loc":{"start":{"line":18,"column":46},"end":{"line":18,"column":92}},"type":"cond-expr","locations":[{"start":{"line":18,"column":70},"end":{"line":18,"column":73}},{"start":{"line":18,"column":76},"end":{"line":18,"column":92}}],"line":18},"1":{"loc":{"start":{"line":18,"colu
[...]
e":33,"column":16},"end":{"line":33,"column":27}},"14":{"start":{"line":38,"column":19},"end":{"line":38,"column":21}},"15":{"start":{"line":43,"column":15},"end":{"line":45,"column":1}},"16":{"start":{"line":44,"column":2},"end":{"line":44,"column":43}},"17":{"start":{"line":51,"column":17},"end":{"line":59,"column":1}},"18":{"start":{"line":52,"column":2},"end":{"line":58,"column":4}},"19":{"start":{"line":53,"column":4},"end":{"line":57,"column":7}},"20":{"start":{"line":54,"column":6},"end":{"line":54,"column":42}},"21":{"start":{"line":56,"column":6},"end":{"line":56,"column":30}}},"fnMap":{"0":{"name":"(anonymous_0)","decl":{"start":{"line":8,"column":18},"end":{"line":8,"column":19}},"loc":{"start":{"line":8,"column":30},"end":{"line":18,"column":1}},"line":8},"1":{"name":"_interopRequireDefault","decl":{"start":{"line":28,"column":9},"end":{"line":28,"column":31}},"loc":{"start":{"line":28,"column":37},"end":{"line":28,"column":95}},"line":28},"2":{"name":"getUsers","decl":{"start":{"line":43,"column":24},"end":{"line":43,"column":32}},"loc":{"start":{"line":43,"column":40},"end":{"line":45,"column":1}},"line":43},"3":{"name":"fetchUsers","decl":{"start":{"line":51,"column":47},"end":{"line":51,"column":57}},"loc":{"start":{"line":51,"column":60},"end":{"line":59,"column":1}},"line":51},"4":{"name":"(anonymous_4)","decl":{"start":{"line":52,"column":9},"end":{"line":52,"column":10}},"loc":{"start":{"line":52,"column":29},"end":{"line":58,"column":3}},"line":52},"5":{"name":"(anonymous_5)","decl":{"start":{"line":53,"column":51},"end":{"line":53,"column":52}},"loc":{"start":{"line":53,"column":66},"end":{"line":55,"column":5}},"line":53},"6":{"name":"(anonymous_6)","decl":{"start":{"line":55,"column":13},"end":{"line":55,"column":14}},"loc":{"start":{"line":55,"column":28},"end":{"line":57,"column":5}},"line":55}},"branchMap":{"0":{"loc":{"start":{"line":9,"column":14},"end":{"line":9,"column":94}},"type":"cond-expr","locations":[{"start":{"line":9,"column":67},"end":{"line":9,"column":79}},{"start":{"line":9,"column":82},"end":{"line":9,"column":94}}],"line":9},"1":{"loc":{"start":{"line":9,"column":14},"end":{"line":9,"column":64}},"type":"binary-expr","locations":[{"start":{"line":9,"column":14},"end":{"line":9,"column":34}},{"start":{"line":9,"column":38},"end":{"line":9,"column":64}}],"line":9},"2":{"loc":{"start":{"line":12,"column":2},"end":{"line":17,"column":3}},"type":"switch","locations":[{"start":{"line":13,"column":4},"end":{"line":14,"column":26}},{"start":{"line":15,"column":4},"end":{"line":16,"column":19}}],"line":12},"3":{"loc":{"start":{"line":28,"column":46},"end":{"line":28,"column":92}},"type":"cond-expr","locations":[{"start":{"line":28,"column":70},"end":{"line":28,"column":73}},{"start":{"line":28,"column":76},"end":{"line":28,"column":92}}],"line":28},"4":{"loc":{"start":{"line":28,"column":46},"end":{"line":28,"column":67}},"type":"binary-expr","locations":[{"start":{"line":28,"column":46},"end":{"line":28,"column":49}},{"start":{"line":28,"column":53},"end":{"line":28,"column":67}}],"line":28}},"s":{"0":1,"1":1,"2":1,"3":3,"4":3,"5":3,"6":0,"7":3,"8":1,"9":1,"10":1,"11":1,"12":2,"13":1,"14":1,"15":1,"16":0,"17":1,"18":0,"19":0,"20":0,"21":0},"f":{"0":3,"1":2,"2":0,"3":0,"4":0,"5":0,"6":0},"b":{"0":[0,3],"1":[3,3],"2":[0,3],"3":[1,1],"4":[2,2]},"_coverageSchema":"332fd63041d2c1bcb487cc26dd0d5f7d97098a6c","hash":"bfa4b8d290b446e792b5e329bb7a2acb608fbc22","contentHash":"5a8446ec0338176f8d0e2a982682102d_11.4.1"},"/Users/Brittany/Documents/Coding/Senior-Phase/apple-store/client/store/orders.js":{"path":"/Users/Brittany/Documents/Coding/Senior-Phase/apple-store/client/store/orders.js","statementMap":{"0":{"start":{"line":3,"column":0},"end":{"line":5,"column":3}},"1":{"start":{"line":6,"column":0},"end":{"line":6,"column":35}},"2":{"start":{"line":8,"column":0},"end":{"line":18,"column":2}},"3":{"start":{"line":9,"column":14},"end":{"line":9,"column":88}},"4":{"start":{"line":10,"column":15},"end":{"line":10,"column":27}},"5":{"start":{"line":12,"column":2},"end":{"line":17,"column":3}},"6":{"start":{"line":14,"column":6},"end":{"line":14,"column":26}},"7":{"start":{"line":16,"column":6},"end":{"line":16,"column":19}},"8":{"start":{"line":20,"column":13},"end":{"line":20,"column":29}},"9":{"start":{"line":22,"column":14},"end":{"line":22,"column":44}},"10":{"start":{"line":24,"column":15},"end":{"line":24,"column":36}},"11":{"start":{"line":26,"column":16},"end":{"line":26,"column":48}},"12":{"start":{"line":28,"column":39},"end":{"line":28,"column":93}},"13":{"start":{"line":33,"column":15},"end":{"line":33,"column":25}},"14":{"start":{"line":38,"column":13},"end":{"line":38,"column":15}},"15":{"start":{"line":43,"column":20},"end":{"line":45,"column":1}},"16":{"start":{"line":44,"column":2},"end":{"line":44,"column":42}},"17":{"start":{"line":51,"column":21},"end":{"line":59,"column":1}},"18":{"start":{"line":52,"column":2},"end":{"line":58,"column":4}},"19":{"start":{"line":53,"column":4},"end":{"line":57,"column":7}},"20":{"start":{"line":54,"column":6},"end":{"line":54,"column":40}},"21":{"start":{"line":56,"column":6},"end":{"line":56,"column":30}}},"fnMap":{"0":{"name":"(anonymous_0)","decl":{"start":{"line":8,"column":18},"end":{"line":8,"column":19}},"loc":{"start":{"line":8,"column":30},"end":{"line":18,"column":1}},"line":8},"1":{"name":"_interopRequireDefault","decl":{"start":{"line":28,"column":9},"end":{"line":28,"column":31}},"loc":{"start":{"line":28,"column":37},"end":{"line":28,"column":95}},"line":28},"2":{"name":"findAllOrders","decl":{"start":{"line":43,"column":29},"end":{"line":43,"column":42}},"loc":{"start":{"line":43,"column":50},"end":{"line":45,"column":1}},"line":43},"3":{"name":"fetchAllOrders","decl":{"start":{"line":51,"column":55},"end":{"line":51,"column":69}},"loc":{"start":{"line":51,"column":72},"end":{"line":59,"column":1}},"line":51},"4":{"name":"(anonymous_4)","decl":{"start":{"line":52,"column":9},"end":{"line":52,"column":10}},"loc":{"start":{"line":52,"column":29},"end":{"line":58,"column":3}},"line":52},"5":{"name":"(anonymous_5)","decl":{"start":{"line":53,"column":51},"end":{"line":53,"column":52}},"loc":{"start":{"line":53,"column":66},"end":{"line":55,"column":5}},"line":53},"6":{"name":"(anonymous_6)","decl":{"start":{"line":55,"column":13},"end":{"line":55,"column":14}},"loc":{"start":{"line":55,"column":28},"end":{"line":57,"column":5}},"line":55}},"branchMap":{"0":{"loc":{"start":{"line":9,"column":14},"end":{"line":9,"column":88}},"type":"cond-expr","locations":[{"start":{"line":9,"column":67},"end":{"line":9,"column":79}},{"start":{"line":9,"column":82},"end":{"line":9,"column":88}}],"line":9},"1":{"loc":{"start":{"line":9,"column":14},"end":{"line":9,"column":64}},"type":"binary-expr","locations":[{"start":{"line":9,"column":14},"end":{"line":9,"column":34}},{"start":{"line":9,"column":38},"end":{"line":9,"column":64}}],"line":9},"2":{"loc":{"start":{"line":12,"column":2},"end":{"line":17,"column":3}},"type":"switch","locations":[{"start":{"line":13,"column":4},"end":{"line":14,"column":26}},{"start":{"line":15,"column":4},"end":{"line":16,"column":19}}],"line":12},"3":{"loc":{"start":{"line":28,"column":46},"end":{"line":28,"column":92}},"type":"cond-expr","locations":[{"start":{"line":28,"column":70},"end":{"line":28,"column":73}},{"start":{"line":28,"column":76},"end":{"line":28,"column":92}}],"line":28},"4":{"loc":{"start":{"line":28,"column":46},"end":{"line":28,"column":67}},"type":"binary-expr","locations":[{"start":{"line":28,"column":46},"end":{"line":28,"column":49}},{"start":{"line":28,"column":53},"end":{"line":28,"column":67}}],"line":28}},"s":{"0":1,"1":1,"2":1,"3":3,"4":3,"5":3,"6":0,"7":3,"8":1,"9":1,"10":1,"11":1,"12":2,"13":1,"14":1,"15":1,"16":0,"17":1,"18":0,"19":0,"20":0,"21":0},"f":{"0":3,"1":2,"2":0,"3":0,"4":0,"5":0,"6":0},"b":{"0":[0,3],"1":[3,3],"2":[0,3],"3":[1,1],"4":[2,2]},"_coverageSchema":"332fd63041d2c1bcb487cc26dd0d5f7d97098a6c","hash":"3e11fbb769ff9506e02025b56e8d060cbad3a6a1","contentHash":"52f1e8fe8fcd5dabd617cf40d6660ac5_11.4.1"},"/Users/Brittany/Documents/Coding/Senior-Phase/apple-store/client/components/user-home.spec.js":{"path":"/Users/Brittany/Documents/Coding/Senior-Phase/apple-store/client/components/user-home.spec.js","statementMap":{"0":{"start":{"line":3,"column":16},"end":{"line":3,"column":38}},"1":{"start":{"line":5,"column":12},"end":{"line":5,"column":27}},"2":{"start":{"line":7,"column":14},"end":{"line":7,"column":31}},"3":{"start":{"line":9,"column":15},"end":{"line":9,"column":46}},"4":{"start":{"line":11,"column":26},"end":{"line":11,"column":60}},"5":{"start":{"line":13,"column":27},"end":{"line":13,"column":70}},"6":{"start":{"line":15,"column":13},"end":{"line":15,"column":29}},"7":{"start":{"line":17,"column":14},"end":{"line":17,"column":44}},"8":{"start":{"line":19,"column":39},"end":{"line":19,"column":93}},"9":{"start":{"line":21,"column":14},"end":{"line":21,"column":48}},"10":{"start":{"line":44,"column":0},"end":{"line":44,"column":49}},"11":{"start":{"line":46,"column":0},"end":{"line":63,"column":3}},"12":{"start":{"line":48,"column":2},"end":{"line":54,"column":5}},"13":{"start":{"line":49,"column":20},"end":{"line":49,"column":56}},"14":{"start":{"line":51,"column":4},"end":{"line":53,"column":7}},"15":{"start":{"line":52,"column":6},"end":{"line":52,"column":95}},"16":{"start":{"line":56,"column":2},"end":{"line":62,"column":5}},"17":{"start":{"line":57,"column":19},"end":{"line":57,"column":121}},"18":{"start":{"line":59,"column":4},"end":{"line":61,"column":7}},"19":{"start":{"line":60,"column":6},"end":{"line":60,"column":93}}},"fnMap":{"0":{"name":"_interopRequireDefault","decl":{"start":{"line":19,"column":9},"end":{"line":19,"column":31}},"loc":{"start":{"line":19,"column":37},"end":{"line":19,"column":95}},"line":19},"1":{"name":"(anonymous_1)","decl":{"start":{"line":46,"column":21},"end":{"line":46,"column":22}},"loc":{"start":{"line":46,"column":33},"end":{"line":63,"column":1}},"line":46},"2":{"name":"(anonymous_2)","decl":{"start":{"line":48,"column":36},"end":{"line":48,"column":37}},"loc":{"start":{"line":48,"column":48},"end":{"line":54,"column":3}},"line":48},"3":{"name":"(anonymous_3)","decl":{"start":{"line":51,"column":40},"end":{"line":51,"column":41}},"loc":{"start":{"line":51,"column":52},"end":{"line":53,"column":5}},"line":51},"4":{"name":"(anonymous_4)","decl":{"start":{"line":56,"column":34},"end":{"line":56,"column":35}},"loc":{"start":{"line":56,"column":46},"end":{"line":62,"column":3}},"line":56},"5":{"name":"(anonymous_5)","decl":{"start":{"line":59,"column":59},"end":{"line":59,"column":60}},"loc":{"start":{"line":59,"column":71},"end":{"line":61,"column":5}},"line":59}},"branchMap":{"0":{"loc":{"start":{"line":19,"column":46},"end":{"line":19,"column":92}},"type":"cond-expr","locations":[{"start":{"line":19,"column":70},"end":{"line":19,"column":73}},{"start":{"line":19,"column":76},"end":{"line":19,"column":92}}],"line":19},"1":{"loc":{"start":{"line":19,"column":46},"end":{"line":19,"column":67}},"type":"binary-expr","locations":[{"start":{"line":19,"column":46},"end":{"line":19,"column":49}},{"start":{"line":19,"column":53},"end":{"line":19,"column":67}}],"line":19}},"s":{"0":1,"1":1,"2":1,"3":1,"4":1,"5":1,"6":1,"7":1,"8":3,"9":1,"10":1,"11":1,"12":1,"13":1,"14":1,"15":1,"16":1,"17":1,"18":1,"19":1},"f":{"0":3,"1":1,"2":1,"3":1,"4":1,"5":1},"b":{"0":[0,3],"1":[3,3]},"_coverageSchema":"332fd63041d2c1bcb487cc26dd0d5f7d97098a6c","hash":"9989136cae33a5fba76c10e3fcf4616f26ca63ae","contentHash":"62ffcb881bc733ad5dfb2898b393e408_11.4.1"},"/Users/Brittany/Documents/Coding/Senior-Phase/apple-store/client/components/user-home.js":{"path":"/Users/Brittany/Documents/Coding/Senior-Phase/apple-store/client/components/user-home.js","statementMap":{"0":{"start":{"line":3,"column":0},"end":{"line":5,"column":3}},"1":{"start":{"line":6,"column":0},"end":{"line":6,"column":48}},"2":{"start":{"line":8,"column":13},"end":{"line":8,"column":29}},"3":{"start":{"line":10,"column":14},"end":{"line":10,"column":44}},"4":{"start":{"line":12,"column":17},"end":{"line":12,"column":38}},"5":{"start":{"line":14,"column":18},"end":{"line":14,"column":52}},"6":{"start":{"line":16,"column":18},"end":{"line":16,"column":40}},"7":{"start":{"line":18,"column":39},"end":{"line":18,"column":93}},"8":{"start":{"line":23,"column":15},"end":{"line":37,"column":1}},"9":{"start":{"line":24,"column":14},"end":{"line":24,"column":25}},"10":{"start":{"line":27,"column":2},"end":{"line":36,"column":4}},"11":{"start":{"line":42,"column":15},"end":{"line":46,"column":1}},"12":{"start":{"line":43,"column":2},"end":{"line":45,"column":4}},"13":{"start":{"line":48,"column":0},"end":{"line":48,"column":63}},"14":{"start":{"line":54,"column":0},"end":{"line":56,"column":2}}},"fnMap":{"0":{"name":"_interopRequireDefault","decl":{"start":{"line":18,"column":9},"end":{"line":18,"column":31}},"loc":{"start":{"line":18,"column":37},"end":{"line":18,"column":95}},"line":18},"1":{"name":"UserHome","decl":{"start":{"line":23,"column":43},"end":{"line":23,"column":51}},"loc":{"start":{"line":23,"column":59},"end":{"line":37,"column":1}},"line":23},"2":{"name":"mapState","decl":{"start":{"line":42,"column":43},"end":{"line":42,"column":51}},"loc":{"start":{"line":42,"column":59},"end":{"line":46,"column":1}},"line":42}},"branchMap":{"0":{"loc":{"start":{"line":18,"column":46},"end":{"line":18,"column":92}},"type":"cond-expr","locations":[{"start":{"line":18,"column":70},"end":{"line":18,"column":73}},{"start":{"line":18,"column":76},"end":{"line":18,"column":92}}],"line":18},"1":{"loc":{"start":{"line":18,"column":46},"end":{"line":18,"column":67}},"type":"binary-expr","locations":[{"start":{"line":18,"column":46},"end":{"line":18,"column":49}},{"start":{"line":18,"column":53},"end":{"line":18,"column":67}}],"line":18}},"s":{"0":1,"1":1,"2":1,"3":1,"4":1,"5":1,"6":1,"7":2,"8":1,"9":1,"10":1,"11":1,"12":1,"13":1,"14":1},"f":{"0":2,"1":1,"2":1},"b":{"0":[0,2],"1":[2,2]},"_coverageSchema":"332fd63041d2c1bcb487cc26dd0d5f7d97098a6c","hash":"d0f89103bae131250277d43d21a9459650d40a0d","contentHash":"d19becc630a8e6e6fa0f63aac14151e0_11.4.1"},"/Users/Brittany/Documents/Coding/Senior-Phase/apple-store/client/store/user.spec.js":{"path":"/Users/Brittany/Documents/Coding/Senior-Phase/apple-store/client/store/user.spec.js","statementMap":{"0":{"start":{"line":3,"column":12},"end":{"line":3,"column":27}},"1":{"start":{"line":5,"column":12},"end":{"line":5,"column":29}},"2":{"start":{"line":7,"column":13},"end":{"line":7,"column":29}},"3":{"start":{"line":9,"column":14},"end":{"line":9,"column":44}},"4":{"start":{"line":11,"column":24},"end":{"line":11,"column":53}},"5":{"start":{"line":13,"column":25},"end":{"line":13,"column":66}},"6":{"start":{"line":15,"column":22},"end":{"line":15,"column":49}},"7":{"start":{"line":17,"column":23},"end":{"line":17,"column":62}},"8":{"start":{"line":19,"column":18},"end":{"line":19,"column":40}},"9":{"start":{"line":21,"column":19},"end":{"line":21,"column":54}},"10":{"start":{"line":23,"column":15},"end":{"line":23,"column":36}},"11":{"start":{"line":25,"column":16},"end":{"line":25,"column":48}},"12":{"start":{"line":27,"column":39},"end":{"line":27,"column":93}},"13":{"start":{"line":29,"column":18},"end":{"line":29,"column":40}},"14":{"start":{"line":31,"column":16},"end":{"line":31,"column":58}},"15":{"start":{"line":33,"column":0},"end":{"line":71,"column":3}},"16":{"start":{"line":34,"column":14},"end":{"line":34,"column":20}},"17":{"start":{"line":35,"column":18},"end":{"line":35,"column":24}},"18":{"start":{"line":37,"column":21},"end":{"line":37,"column":33}},"19":{"start":{"line":39,"column":2},"end":{"line":42,"column":5}},"20":{"start":{"line":40,"column":4},"end":{"line":40,"column":64}},"21":{"start":{"line":41,"column":4},"end":{"line":41,"column":36}},"22":{"start":{"line":44,"column":2},"end":{"line":47,"column":5}},"23":{"start":{"line":45,"column":4},"end":{"line":45,"column":24}},"24":{"start":{"line":46,"column":4},"end":{"line":46,"column":25}},"25":{"start":{"line":49,"column":2},"end":{"line":59,"column":5}},"26":{"start":{"line":50,"column":4},"end":{"line":58,"column":7}},"27":{"start":{"line":51,"column":21},"end":{"line":51,"column":38}},"28":{"start":{"line":52,"column":6},"end":{"line":52,"column":59}},"29":{"start":{"line":53,"column":6},"end":{"line":57,"column":9}},"30":{"start":{"line":54,"column":22},"end":{"line":54,"column":40}},"31":{"start":{"line":55,"column":8},"end":{"line":55,"column":67}},"32":{"start":{"line":56,"column":8},"end":{"line":56,"column":70}},"33":{"start":{"line":61,"column":2},"end":{"line":70,"column":5}},"34":{"start":{"line":62,"column":4},"end":{"line":69,"column":7}},"35":{"start":{"line":63,"column":6},"end":{"line":63,"column":54}},"36":{"start":{"line":64,"column":6},"end":{"line":68,"column":9}},"37":{"start":{"line":65,"column":22},"end":{"line":65,"column":40}},"38":{"start":{"line":66,"column":8},"end":{"line":66,"column":70}},"39":{"start":{"line":67,"column":8},"end":{"line":67,"column":85}}},"fnMap":{"0":{"name":"_interopRequireDefault","decl":{"start":{"line":27,"column":9},"end":{"line":27,"column":31}},"loc":{"start":{"line":27,"column":37},"end":{"line":27,"column":95}},"line":27},"1":{"name":"(anonymous_1)","decl":{"start":{"line":33,"column":27},"end":{"line":33,"column":28}},"loc":{"start":{"line":33,"column":39},"end":{"line":71,"column":1}},"line":33},"2":{"name":"(anonymous_2)","decl":{"start":{"line":39,"column":13},"end":{"line":39,"column":14}},"loc":{"start":{"line":39,"column":25},"end":{"line":42,"column":3}},"line":39},"3":{"name":"(anonymous_3)","decl":{"start":{"line":44,"column":12},"end":{"line":44,"column":13}},"loc":{"start":{"line":44,"column":24},"end":{"line":47,"column":3}},"line":44},"4":{"name":"(anonymous_4)","decl":{"start":{"line":49,"column":17},"end":{"line":49,"column":18}},"loc":{"start":{"line":49,"column":29},"end":{"line":59,"column":3}},"line":49},"5":{"name":"(anonymous_5)","decl":{"start":{"line":50,"column":52},"end":{"line":50,"column":53}},"loc":{"start":{"line":50,"column":64},"end":{"line":58,"column":5}},"line":50},"6":{"name":"(anonymous_6)","decl":{"start":{"line":53,"column":50},"end":{"line":53,"column":51}},"loc":{"start":{"line":53,"column":62},"end":{"line":57,"column":7}},"line":53},"7":{"name":"(anonymous_7)","decl":{"start":{"line":61,"column":21},"end":{"line":61,"column":22}},"loc":{"start":{"line":61,"column":33},"end":{"line":70,"column":3}},"line":61},"8":{"name":"(anonymous_8)","decl":{"start":{"line":62,"column":63},"end":{"line":62,"column":64}},"loc":{"start":{"line":62,"column":75},"end":{"line":69,"column":5}},"line":62},"9":{"name":"(anonymous_9)","decl":{"start":{"line":64,"column":54},"end":{"line":64,"column":55}},"loc":{"start":{"line":64,"column":66},"end":{"line":68,"column":7}},"line":64}},"branchMap":{"0":{"loc":{"start":{"line":27,"column":46},"end":{"line":27,"column":92}},"type":"cond-expr","locations":[{"start":{"line":27,"column":70},"end":{"line":27,"column":73}},{"start":{"line":27,"column":76},"end":{"line":27,"column":92}}],"line":27},"1":{"loc":{"start":{"line":27,"column":46},"end":{"line":27,"column":67}},"type":"binary-expr","locations":[{"start":{"line":27,"column":46},"end":{"line":27,"column":49}},{"start":{"line":27,"column":53},"end":{"line":27,"column":67}}],"line":27}},"s":{"0":1,"1":1,"2":1,"3":1,"4":1,"5":1,"6":1,"7":1,"8":1,"9":1,"10":1,"11":1,"12":5,"13":1,"14":1,"15":1,"16":1,"17":1,"18":1,"19":1,"20":2,"21":2,"22":1,"23":2,"24":2,"25":1,"26":1,"27":1,"28":1,"29":1,"30":1,"31":1,"32":1,"33":1,"34":1,"35":1,"36":1,"37":1,"38":1,"39":1},"f":{"0":5,"1":1,"2":2,"3":2,"4":1,"5":1,"6":1,"7":1,"8":1,"9":1},"b":{"0":[2,3],"1":[5,5]},"_coverageSchema":"332fd63041d2c1bcb487cc26dd0d5f7d97098a6c","hash":"8326f79231ed6d589ace5386dc78cee67a409525","contentHash":"07337a28604f1397a41cbcd12c4ebe77_11.4.1"}}